<?xml version="1.0" encoding="UTF-8"?>
<coverage generated="1488054264653" clover="3.2.0">
  <project timestamp="1488054264653" name="All files">
    <metrics statements="605" coveredstatements="428" conditionals="206" coveredconditionals="124" methods="319" coveredmethods="170" elements="1130" coveredelements="722" complexity="0" loc="605" ncloc="605" packages="21" files="46" classes="46">
      <package name="ChronoMint">
        <metrics statements="1" coveredstatements="1" conditionals="0" coveredconditionals="0" methods="0" coveredmethods="0"/>
        <file name="truffle-config.js" path="/Users/DS/Projects/ChronoMint/truffle-config.js">
          <metrics statements="1" coveredstatements="1" conditionals="0" coveredconditionals="0" methods="0" coveredmethods="0"/>
          <line num="1" count="7" type="stmt"/>
        </file>
      </package>
      <package name="ChronoMint.specs">
        <metrics statements="1" coveredstatements="1" conditionals="0" coveredconditionals="0" methods="0" coveredmethods="0"/>
        <file name="init.js" path="/Users/DS/Projects/ChronoMint/specs/init.js">
          <metrics statements="1" coveredstatements="1" conditionals="0" coveredconditionals="0" methods="0" coveredmethods="0"/>
          <line num="3" count="16" type="stmt"/>
        </file>
      </package>
      <package name="ChronoMint.specs.mock">
        <metrics statements="6" coveredstatements="6" conditionals="0" coveredconditionals="0" methods="5" coveredmethods="5"/>
        <file name="localStorage.js" path="/Users/DS/Projects/ChronoMint/specs/mock/localStorage.js">
          <metrics statements="6" coveredstatements="6" conditionals="0" coveredconditionals="0" methods="5" coveredmethods="5"/>
          <line num="1" count="16" type="stmt"/>
          <line num="3" count="16" type="stmt"/>
          <line num="4" count="16" type="stmt"/>
          <line num="5" count="4" type="stmt"/>
          <line num="6" count="4" type="stmt"/>
          <line num="7" count="27" type="stmt"/>
        </file>
      </package>
      <package name="ChronoMint.src">
        <metrics statements="4" coveredstatements="4" conditionals="0" coveredconditionals="0" methods="0" coveredmethods="0"/>
        <file name="config.js" path="/Users/DS/Projects/ChronoMint/src/config.js">
          <metrics statements="1" coveredstatements="1" conditionals="0" coveredconditionals="0" methods="0" coveredmethods="0"/>
          <line num="1" count="5" type="stmt"/>
        </file>
        <file name="styles.js" path="/Users/DS/Projects/ChronoMint/src/styles.js">
          <metrics statements="3" coveredstatements="3" conditionals="0" coveredconditionals="0" methods="0" coveredmethods="0"/>
          <line num="5" count="1" type="stmt"/>
          <line num="26" count="1" type="stmt"/>
          <line num="50" count="1" type="stmt"/>
        </file>
      </package>
      <package name="ChronoMint.src.components.layout.Header">
        <metrics statements="3" coveredstatements="2" conditionals="0" coveredconditionals="0" methods="2" coveredmethods="1"/>
        <file name="SearchBox.js" path="/Users/DS/Projects/ChronoMint/src/components/layout/Header/SearchBox.js">
          <metrics statements="3" coveredstatements="2" conditionals="0" coveredconditionals="0" methods="2" coveredmethods="1"/>
          <line num="7" count="0" type="stmt"/>
          <line num="11" count="1" type="stmt"/>
          <line num="29" count="1" type="stmt"/>
        </file>
      </package>
      <package name="ChronoMint.src.components.pages.DashboardPage">
        <metrics statements="4" coveredstatements="4" conditionals="0" coveredconditionals="0" methods="1" coveredmethods="1"/>
        <file name="InfoBox.js" path="/Users/DS/Projects/ChronoMint/src/components/pages/DashboardPage/InfoBox.js">
          <metrics statements="4" coveredstatements="4" conditionals="0" coveredconditionals="0" methods="1" coveredmethods="1"/>
          <line num="8" count="1" type="stmt"/>
          <line num="9" count="1" type="stmt"/>
          <line num="40" count="1" type="stmt"/>
          <line num="54" count="1" type="stmt"/>
        </file>
      </package>
      <package name="ChronoMint.src.dao">
        <metrics statements="194" coveredstatements="116" conditionals="68" coveredconditionals="41" methods="154" coveredmethods="61"/>
        <file name="AbstractContractDAO.js" path="/Users/DS/Projects/ChronoMint/src/dao/AbstractContractDAO.js">
          <metrics statements="31" coveredstatements="26" conditionals="20" coveredconditionals="13" methods="9" coveredmethods="6"/>
          <line num="8" count="15" type="stmt"/>
          <line num="9" count="0" type="stmt"/>
          <line num="12" count="15" type="stmt"/>
          <line num="13" count="15" type="stmt"/>
          <line num="14" count="15" type="stmt"/>
          <line num="17" count="15" type="stmt"/>
          <line num="20" count="15" type="stmt"/>
          <line num="21" count="15" type="stmt"/>
          <line num="23" count="15" type="stmt"/>
          <line num="24" count="11" type="stmt"/>
          <line num="25" count="4" type="stmt"/>
          <line num="26" count="4" type="stmt"/>
          <line num="27" count="4" type="stmt"/>
          <line num="29" count="4" type="stmt"/>
          <line num="30" count="4" type="stmt"/>
          <line num="32" count="4" type="stmt"/>
          <line num="35" count="0" type="stmt"/>
          <line num="40" count="4" type="stmt"/>
          <line num="41" count="4" type="stmt"/>
          <line num="42" count="4" type="stmt"/>
          <line num="43" count="9" type="stmt"/>
          <line num="44" count="4" type="stmt"/>
          <line num="45" count="4" type="stmt"/>
          <line num="48" count="9" type="stmt"/>
          <line num="49" count="0" type="stmt"/>
          <line num="52" count="4" type="stmt"/>
          <line num="53" count="4" type="stmt"/>
          <line num="56" count="0" type="stmt"/>
          <line num="61" count="0" type="stmt"/>
          <line num="65" count="1" type="stmt"/>
          <line num="69" count="106" type="stmt"/>
        </file>
        <file name="AbstractProxyDAO.js" path="/Users/DS/Projects/ChronoMint/src/dao/AbstractProxyDAO.js">
          <metrics statements="9" coveredstatements="8" conditionals="3" coveredconditionals="1" methods="12" coveredmethods="12"/>
          <line num="5" count="4" type="stmt"/>
          <line num="6" count="4" type="stmt"/>
          <line num="7" count="0" type="stmt"/>
          <line num="12" count="2" type="stmt"/>
          <line num="16" count="2" type="stmt"/>
          <line num="20" count="2" type="stmt"/>
          <line num="24" count="1" type="stmt"/>
          <line num="25" count="1" type="stmt"/>
          <line num="30" count="1" type="stmt"/>
        </file>
        <file name="AppDAO.js" path="/Users/DS/Projects/ChronoMint/src/dao/AppDAO.js">
          <metrics statements="134" coveredstatements="79" conditionals="45" coveredconditionals="27" methods="111" coveredmethods="39"/>
          <line num="12" count="7" type="stmt"/>
          <line num="13" count="7" type="stmt"/>
          <line num="14" count="7" type="stmt"/>
          <line num="15" count="7" type="stmt"/>
          <line num="16" count="7" type="stmt"/>
          <line num="20" count="0" type="stmt"/>
          <line num="24" count="0" type="stmt"/>
          <line num="28" count="0" type="stmt"/>
          <line num="32" count="0" type="stmt"/>
          <line num="36" count="0" type="stmt"/>
          <line num="40" count="0" type="stmt"/>
          <line num="44" count="0" type="stmt"/>
          <line num="50" count="0" type="stmt"/>
          <line num="54" count="0" type="stmt"/>
          <line num="58" count="0" type="stmt"/>
          <line num="65" count="0" type="stmt"/>
          <line num="69" count="0" type="stmt"/>
          <line num="73" count="0" type="stmt"/>
          <line num="77" count="0" type="stmt"/>
          <line num="81" count="0" type="stmt"/>
          <line num="85" count="0" type="stmt"/>
          <line num="89" count="0" type="stmt"/>
          <line num="93" count="0" type="stmt"/>
          <line num="97" count="0" type="stmt"/>
          <line num="101" count="0" type="stmt"/>
          <line num="105" count="0" type="stmt"/>
          <line num="109" count="0" type="stmt"/>
          <line num="113" count="0" type="stmt"/>
          <line num="120" count="0" type="stmt"/>
          <line num="123" count="0" type="stmt"/>
          <line num="125" count="0" type="stmt"/>
          <line num="127" count="0" type="stmt"/>
          <line num="129" count="0" type="stmt"/>
          <line num="131" count="0" type="stmt"/>
          <line num="138" count="4" type="stmt"/>
          <line num="143" count="1" type="stmt"/>
          <line num="144" count="1" type="stmt"/>
          <line num="145" count="1" type="stmt"/>
          <line num="146" count="1" type="stmt"/>
          <line num="147" count="1" type="stmt"/>
          <line num="148" count="1" type="stmt"/>
          <line num="149" count="1" type="stmt"/>
          <line num="150" count="1" type="stmt"/>
          <line num="156" count="1" type="stmt"/>
          <line num="167" count="1" type="stmt"/>
          <line num="168" count="1" type="stmt"/>
          <line num="169" count="1" type="stmt"/>
          <line num="170" count="1" type="stmt"/>
          <line num="185" count="2" type="stmt"/>
          <line num="186" count="1" type="stmt"/>
          <line num="188" count="1" type="stmt"/>
          <line num="189" count="1" type="stmt"/>
          <line num="190" count="1" type="stmt"/>
          <line num="201" count="1" type="stmt"/>
          <line num="202" count="1" type="stmt"/>
          <line num="203" count="2" type="stmt"/>
          <line num="204" count="0" type="stmt"/>
          <line num="206" count="2" type="stmt"/>
          <line num="207" count="2" type="stmt"/>
          <line num="208" count="2" type="stmt"/>
          <line num="209" count="2" type="stmt"/>
          <line num="210" count="2" type="stmt"/>
          <line num="213" count="0" type="stmt"/>
          <line num="222" count="1" type="stmt"/>
          <line num="223" count="1" type="stmt"/>
          <line num="225" count="1" type="stmt"/>
          <line num="226" count="1" type="stmt"/>
          <line num="227" count="3" type="stmt"/>
          <line num="228" count="2" type="stmt"/>
          <line num="232" count="1" type="stmt"/>
          <line num="233" count="2" type="stmt"/>
          <line num="234" count="2" type="stmt"/>
          <line num="235" count="2" type="stmt"/>
          <line num="244" count="1" type="stmt"/>
          <line num="245" count="1" type="stmt"/>
          <line num="247" count="1" type="stmt"/>
          <line num="248" count="1" type="stmt"/>
          <line num="249" count="3" type="stmt"/>
          <line num="250" count="2" type="stmt"/>
          <line num="254" count="1" type="stmt"/>
          <line num="255" count="2" type="stmt"/>
          <line num="256" count="2" type="stmt"/>
          <line num="257" count="2" type="stmt"/>
          <line num="258" count="2" type="stmt"/>
          <line num="259" count="2" type="stmt"/>
          <line num="260" count="2" type="stmt"/>
          <line num="261" count="2" type="stmt"/>
          <line num="262" count="2" type="stmt"/>
          <line num="263" count="2" type="stmt"/>
          <line num="264" count="2" type="stmt"/>
          <line num="276" count="1" type="stmt"/>
          <line num="277" count="1" type="stmt"/>
          <line num="278" count="1" type="stmt"/>
          <line num="279" count="1" type="stmt"/>
          <line num="280" count="1" type="stmt"/>
          <line num="281" count="1" type="stmt"/>
          <line num="282" count="1" type="stmt"/>
          <line num="283" count="100" type="stmt"/>
          <line num="285" count="2" type="stmt"/>
          <line num="288" count="1" type="stmt"/>
          <line num="300" count="1" type="stmt"/>
          <line num="301" count="1" type="stmt"/>
          <line num="304" count="0" type="stmt"/>
          <line num="305" count="0" type="stmt"/>
          <line num="306" count="0" type="stmt"/>
          <line num="307" count="0" type="stmt"/>
          <line num="309" count="0" type="stmt"/>
          <line num="310" count="0" type="stmt"/>
          <line num="313" count="0" type="stmt"/>
          <line num="317" count="0" type="stmt"/>
          <line num="318" count="0" type="stmt"/>
          <line num="319" count="0" type="stmt"/>
          <line num="328" count="0" type="stmt"/>
          <line num="329" count="0" type="stmt"/>
          <line num="330" count="0" type="stmt"/>
          <line num="332" count="0" type="stmt"/>
          <line num="333" count="0" type="stmt"/>
          <line num="334" count="0" type="stmt"/>
          <line num="336" count="0" type="stmt"/>
          <line num="347" count="4" type="stmt"/>
          <line num="348" count="4" type="stmt"/>
          <line num="349" count="2" type="stmt"/>
          <line num="351" count="4" type="stmt"/>
          <line num="352" count="4" type="stmt"/>
          <line num="353" count="4" type="stmt"/>
          <line num="355" count="0" type="stmt"/>
          <line num="364" count="1" type="stmt"/>
          <line num="365" count="1" type="stmt"/>
          <line num="366" count="0" type="stmt"/>
          <line num="367" count="0" type="stmt"/>
          <line num="369" count="0" type="stmt"/>
          <line num="370" count="0" type="stmt"/>
          <line num="371" count="0" type="stmt"/>
          <line num="372" count="0" type="stmt"/>
        </file>
        <file name="AssetDAO.js" path="/Users/DS/Projects/ChronoMint/src/dao/AssetDAO.js">
          <metrics statements="3" coveredstatements="0" conditionals="0" coveredconditionals="0" methods="3" coveredmethods="0"/>
          <line num="5" count="0" type="stmt"/>
          <line num="9" count="0" type="stmt"/>
          <line num="10" count="0" type="stmt"/>
        </file>
        <file name="EventHistoryDAO.js" path="/Users/DS/Projects/ChronoMint/src/dao/EventHistoryDAO.js">
          <metrics statements="3" coveredstatements="0" conditionals="0" coveredconditionals="0" methods="3" coveredmethods="0"/>
          <line num="6" count="0" type="stmt"/>
          <line num="7" count="0" type="stmt"/>
          <line num="8" count="0" type="stmt"/>
        </file>
        <file name="LocDAO.js" path="/Users/DS/Projects/ChronoMint/src/dao/LocDAO.js">
          <metrics statements="2" coveredstatements="0" conditionals="0" coveredconditionals="0" methods="3" coveredmethods="0"/>
          <line num="5" count="0" type="stmt"/>
          <line num="9" count="0" type="stmt"/>
        </file>
        <file name="PlatformDAO.js" path="/Users/DS/Projects/ChronoMint/src/dao/PlatformDAO.js">
          <metrics statements="11" coveredstatements="2" conditionals="0" coveredconditionals="0" methods="12" coveredmethods="3"/>
          <line num="7" count="0" type="stmt"/>
          <line num="9" count="0" type="stmt"/>
          <line num="10" count="0" type="stmt"/>
          <line num="16" count="0" type="stmt"/>
          <line num="17" count="0" type="stmt"/>
          <line num="18" count="0" type="stmt"/>
          <line num="27" count="0" type="stmt"/>
          <line num="28" count="0" type="stmt"/>
          <line num="29" count="0" type="stmt"/>
          <line num="35" count="2" type="stmt"/>
          <line num="36" count="2" type="stmt"/>
        </file>
        <file name="ProxyDAO.js" path="/Users/DS/Projects/ChronoMint/src/dao/ProxyDAO.js">
          <metrics statements="1" coveredstatements="1" conditionals="0" coveredconditionals="0" methods="1" coveredmethods="1"/>
          <line num="5" count="4" type="stmt"/>
        </file>
      </package>
      <package name="ChronoMint.src.models">
        <metrics statements="35" coveredstatements="14" conditionals="10" coveredconditionals="2" methods="19" coveredmethods="10"/>
        <file name="AssetModel.js" path="/Users/DS/Projects/ChronoMint/src/models/AssetModel.js">
          <metrics statements="2" coveredstatements="1" conditionals="0" coveredconditionals="0" methods="2" coveredmethods="1"/>
          <line num="9" count="0" type="stmt"/>
          <line num="13" count="1" type="stmt"/>
        </file>
        <file name="CBEModel.js" path="/Users/DS/Projects/ChronoMint/src/models/CBEModel.js">
          <metrics statements="1" coveredstatements="1" conditionals="2" coveredconditionals="1" methods="1" coveredmethods="1"/>
          <line num="6" count="1" type="stmt"/>
        </file>
        <file name="CompletedOperation.js" path="/Users/DS/Projects/ChronoMint/src/models/CompletedOperation.js">
          <metrics statements="0" coveredstatements="0" conditionals="0" coveredconditionals="0" methods="0" coveredmethods="0"/>
        </file>
        <file name="ContractModel.js" path="/Users/DS/Projects/ChronoMint/src/models/ContractModel.js">
          <metrics statements="3" coveredstatements="3" conditionals="0" coveredconditionals="0" methods="3" coveredmethods="3"/>
          <line num="4" count="21" type="stmt"/>
          <line num="10" count="2" type="stmt"/>
          <line num="14" count="24" type="stmt"/>
        </file>
        <file name="LOCModel.js" path="/Users/DS/Projects/ChronoMint/src/models/LOCModel.js">
          <metrics statements="2" coveredstatements="0" conditionals="0" coveredconditionals="0" methods="2" coveredmethods="0"/>
          <line num="15" count="0" type="stmt"/>
          <line num="18" count="0" type="stmt"/>
        </file>
        <file name="Operation.js" path="/Users/DS/Projects/ChronoMint/src/models/Operation.js">
          <metrics statements="22" coveredstatements="5" conditionals="8" coveredconditionals="1" methods="6" coveredmethods="1"/>
          <line num="4" count="7" type="stmt"/>
          <line num="5" count="7" type="stmt"/>
          <line num="16" count="0" type="stmt"/>
          <line num="18" count="0" type="stmt"/>
          <line num="19" count="0" type="stmt"/>
          <line num="22" count="0" type="stmt"/>
          <line num="24" count="0" type="stmt"/>
          <line num="25" count="0" type="stmt"/>
          <line num="28" count="0" type="stmt"/>
          <line num="32" count="0" type="stmt"/>
          <line num="36" count="2" type="stmt"/>
          <line num="37" count="2" type="stmt"/>
          <line num="38" count="2" type="stmt"/>
          <line num="42" count="0" type="stmt"/>
          <line num="43" count="0" type="stmt"/>
          <line num="47" count="0" type="stmt"/>
          <line num="48" count="0" type="stmt"/>
          <line num="49" count="0" type="stmt"/>
          <line num="50" count="0" type="stmt"/>
          <line num="51" count="0" type="stmt"/>
          <line num="52" count="0" type="stmt"/>
          <line num="54" count="0" type="stmt"/>
        </file>
        <file name="OperationsProps.js" path="/Users/DS/Projects/ChronoMint/src/models/OperationsProps.js">
          <metrics statements="1" coveredstatements="1" conditionals="0" coveredconditionals="0" methods="1" coveredmethods="1"/>
          <line num="8" count="1" type="stmt"/>
        </file>
        <file name="PendingOperation.js" path="/Users/DS/Projects/ChronoMint/src/models/PendingOperation.js">
          <metrics statements="0" coveredstatements="0" conditionals="0" coveredconditionals="0" methods="0" coveredmethods="0"/>
        </file>
        <file name="TokenContractModel.js" path="/Users/DS/Projects/ChronoMint/src/models/TokenContractModel.js">
          <metrics statements="4" coveredstatements="3" conditionals="0" coveredconditionals="0" methods="4" coveredmethods="3"/>
          <line num="10" count="4" type="stmt"/>
          <line num="14" count="0" type="stmt"/>
          <line num="18" count="9" type="stmt"/>
          <line num="22" count="1" type="stmt"/>
        </file>
      </package>
      <package name="ChronoMint.src.models.notices">
        <metrics statements="16" coveredstatements="5" conditionals="12" coveredconditionals="4" methods="13" coveredmethods="4"/>
        <file name="CBENoticeModel.js" path="/Users/DS/Projects/ChronoMint/src/models/notices/CBENoticeModel.js">
          <metrics statements="2" coveredstatements="1" conditionals="4" coveredconditionals="2" methods="2" coveredmethods="1"/>
          <line num="9" count="4" type="stmt"/>
          <line num="16" count="0" type="stmt"/>
        </file>
        <file name="LOCNoticeModel.js" path="/Users/DS/Projects/ChronoMint/src/models/notices/LOCNoticeModel.js">
          <metrics statements="2" coveredstatements="0" conditionals="2" coveredconditionals="0" methods="2" coveredmethods="0"/>
          <line num="8" count="0" type="stmt"/>
          <line num="15" count="0" type="stmt"/>
        </file>
        <file name="NoticeModel.js" path="/Users/DS/Projects/ChronoMint/src/models/notices/NoticeModel.js">
          <metrics statements="5" coveredstatements="1" conditionals="0" coveredconditionals="0" methods="4" coveredmethods="1"/>
          <line num="6" count="25" type="stmt"/>
          <line num="12" count="0" type="stmt"/>
          <line num="16" count="0" type="stmt"/>
          <line num="17" count="0" type="stmt"/>
          <line num="21" count="0" type="stmt"/>
        </file>
        <file name="PendingOperationNoticeModel.js" path="/Users/DS/Projects/ChronoMint/src/models/notices/PendingOperationNoticeModel.js">
          <metrics statements="3" coveredstatements="0" conditionals="4" coveredconditionals="0" methods="2" coveredmethods="0"/>
          <line num="9" count="0" type="stmt"/>
          <line num="16" count="0" type="stmt"/>
          <line num="17" count="0" type="stmt"/>
        </file>
        <file name="TokenContractNoticeModel.js" path="/Users/DS/Projects/ChronoMint/src/models/notices/TokenContractNoticeModel.js">
          <metrics statements="2" coveredstatements="1" conditionals="2" coveredconditionals="2" methods="2" coveredmethods="1"/>
          <line num="8" count="2" type="stmt"/>
          <line num="15" count="0" type="stmt"/>
        </file>
        <file name="factory.js" path="/Users/DS/Projects/ChronoMint/src/models/notices/factory.js">
          <metrics statements="2" coveredstatements="2" conditionals="0" coveredconditionals="0" methods="1" coveredmethods="1"/>
          <line num="8" count="5" type="stmt"/>
          <line num="16" count="4" type="stmt"/>
        </file>
      </package>
      <package name="ChronoMint.src.pages">
        <metrics statements="4" coveredstatements="4" conditionals="0" coveredconditionals="0" methods="1" coveredmethods="1"/>
        <file name="PageBase.js" path="/Users/DS/Projects/ChronoMint/src/pages/PageBase.js">
          <metrics statements="4" coveredstatements="4" conditionals="0" coveredconditionals="0" methods="1" coveredmethods="1"/>
          <line num="6" count="1" type="stmt"/>
          <line num="7" count="2" type="stmt"/>
          <line num="9" count="2" type="stmt"/>
          <line num="26" count="1" type="stmt"/>
        </file>
      </package>
      <package name="ChronoMint.src.redux.ducks.completedOperations">
        <metrics statements="10" coveredstatements="10" conditionals="4" coveredconditionals="4" methods="3" coveredmethods="3"/>
        <file name="reducer.js" path="/Users/DS/Projects/ChronoMint/src/redux/ducks/completedOperations/reducer.js">
          <metrics statements="10" coveredstatements="10" conditionals="4" coveredconditionals="4" methods="3" coveredmethods="3"/>
          <line num="4" count="1" type="stmt"/>
          <line num="5" count="1" type="stmt"/>
          <line num="7" count="1" type="stmt"/>
          <line num="8" count="1" type="stmt"/>
          <line num="10" count="1" type="stmt"/>
          <line num="12" count="1" type="stmt"/>
          <line num="13" count="3" type="stmt"/>
          <line num="15" count="1" type="stmt"/>
          <line num="17" count="1" type="stmt"/>
          <line num="19" count="1" type="stmt"/>
        </file>
      </package>
      <package name="ChronoMint.src.redux.ducks.exchange">
        <metrics statements="15" coveredstatements="15" conditionals="7" coveredconditionals="7" methods="4" coveredmethods="4"/>
        <file name="communication.js" path="/Users/DS/Projects/ChronoMint/src/redux/ducks/exchange/communication.js">
          <metrics statements="6" coveredstatements="6" conditionals="4" coveredconditionals="4" methods="1" coveredmethods="1"/>
          <line num="6" count="1" type="stmt"/>
          <line num="11" count="1" type="stmt"/>
          <line num="12" count="3" type="stmt"/>
          <line num="14" count="1" type="stmt"/>
          <line num="19" count="1" type="stmt"/>
          <line num="24" count="1" type="stmt"/>
        </file>
        <file name="reducer.js" path="/Users/DS/Projects/ChronoMint/src/redux/ducks/exchange/reducer.js">
          <metrics statements="9" coveredstatements="9" conditionals="3" coveredconditionals="3" methods="3" coveredmethods="3"/>
          <line num="4" count="1" type="stmt"/>
          <line num="5" count="1" type="stmt"/>
          <line num="6" count="1" type="stmt"/>
          <line num="7" count="1" type="stmt"/>
          <line num="9" count="1" type="stmt"/>
          <line num="11" count="1" type="stmt"/>
          <line num="12" count="2" type="stmt"/>
          <line num="14" count="1" type="stmt"/>
          <line num="16" count="1" type="stmt"/>
        </file>
      </package>
      <package name="ChronoMint.src.redux.ducks.locs">
        <metrics statements="13" coveredstatements="13" conditionals="5" coveredconditionals="5" methods="4" coveredmethods="4"/>
        <file name="reducer.js" path="/Users/DS/Projects/ChronoMint/src/redux/ducks/locs/reducer.js">
          <metrics statements="13" coveredstatements="13" conditionals="5" coveredconditionals="5" methods="4" coveredmethods="4"/>
          <line num="4" count="1" type="stmt"/>
          <line num="5" count="1" type="stmt"/>
          <line num="6" count="1" type="stmt"/>
          <line num="8" count="1" type="stmt"/>
          <line num="9" count="1" type="stmt"/>
          <line num="10" count="1" type="stmt"/>
          <line num="12" count="1" type="stmt"/>
          <line num="14" count="1" type="stmt"/>
          <line num="15" count="4" type="stmt"/>
          <line num="17" count="1" type="stmt"/>
          <line num="19" count="1" type="stmt"/>
          <line num="21" count="1" type="stmt"/>
          <line num="23" count="1" type="stmt"/>
        </file>
      </package>
      <package name="ChronoMint.src.redux.ducks.notifier">
        <metrics statements="15" coveredstatements="15" conditionals="5" coveredconditionals="5" methods="5" coveredmethods="5"/>
        <file name="notifier.js" path="/Users/DS/Projects/ChronoMint/src/redux/ducks/notifier/notifier.js">
          <metrics statements="15" coveredstatements="15" conditionals="5" coveredconditionals="5" methods="5" coveredmethods="5"/>
          <line num="5" count="5" type="stmt"/>
          <line num="6" count="5" type="stmt"/>
          <line num="7" count="5" type="stmt"/>
          <line num="9" count="5" type="stmt"/>
          <line num="14" count="5" type="stmt"/>
          <line num="15" count="4" type="stmt"/>
          <line num="17" count="1" type="stmt"/>
          <line num="22" count="1" type="stmt"/>
          <line num="27" count="1" type="stmt"/>
          <line num="32" count="1" type="stmt"/>
          <line num="36" count="5" type="stmt"/>
          <line num="37" count="4" type="stmt"/>
          <line num="38" count="4" type="stmt"/>
          <line num="41" count="5" type="stmt"/>
          <line num="42" count="5" type="stmt"/>
        </file>
      </package>
      <package name="ChronoMint.src.redux.ducks.pendings">
        <metrics statements="14" coveredstatements="13" conditionals="6" coveredconditionals="5" methods="4" coveredmethods="4"/>
        <file name="reducer.js" path="/Users/DS/Projects/ChronoMint/src/redux/ducks/pendings/reducer.js">
          <metrics statements="14" coveredstatements="13" conditionals="6" coveredconditionals="5" methods="4" coveredmethods="4"/>
          <line num="5" count="1" type="stmt"/>
          <line num="6" count="1" type="stmt"/>
          <line num="7" count="1" type="stmt"/>
          <line num="9" count="1" type="stmt"/>
          <line num="10" count="1" type="stmt"/>
          <line num="11" count="1" type="stmt"/>
          <line num="13" count="1" type="stmt"/>
          <line num="15" count="1" type="stmt"/>
          <line num="16" count="4" type="stmt"/>
          <line num="18" count="0" type="stmt"/>
          <line num="20" count="1" type="stmt"/>
          <line num="22" count="1" type="stmt"/>
          <line num="24" count="1" type="stmt"/>
          <line num="26" count="1" type="stmt"/>
        </file>
      </package>
      <package name="ChronoMint.src.redux.ducks.pendings.operationsProps">
        <metrics statements="7" coveredstatements="7" conditionals="3" coveredconditionals="3" methods="2" coveredmethods="2"/>
        <file name="reducer.js" path="/Users/DS/Projects/ChronoMint/src/redux/ducks/pendings/operationsProps/reducer.js">
          <metrics statements="7" coveredstatements="7" conditionals="3" coveredconditionals="3" methods="2" coveredmethods="2"/>
          <line num="3" count="1" type="stmt"/>
          <line num="5" count="1" type="stmt"/>
          <line num="7" count="1" type="stmt"/>
          <line num="9" count="1" type="stmt"/>
          <line num="10" count="2" type="stmt"/>
          <line num="12" count="1" type="stmt"/>
          <line num="14" count="1" type="stmt"/>
        </file>
      </package>
      <package name="ChronoMint.src.redux.ducks.session">
        <metrics statements="80" coveredstatements="30" conditionals="29" coveredconditionals="3" methods="27" coveredmethods="5"/>
        <file name="constants.js" path="/Users/DS/Projects/ChronoMint/src/redux/ducks/session/constants.js">
          <metrics statements="3" coveredstatements="3" conditionals="0" coveredconditionals="0" methods="0" coveredmethods="0"/>
          <line num="1" count="6" type="stmt"/>
          <line num="2" count="6" type="stmt"/>
          <line num="3" count="6" type="stmt"/>
        </file>
        <file name="data.js" path="/Users/DS/Projects/ChronoMint/src/redux/ducks/session/data.js">
          <metrics statements="77" coveredstatements="27" conditionals="29" coveredconditionals="3" methods="27" coveredmethods="5"/>
          <line num="14" count="5" type="stmt"/>
          <line num="19" count="5" type="stmt"/>
          <line num="20" count="0" type="stmt"/>
          <line num="22" count="0" type="stmt"/>
          <line num="23" count="0" type="stmt"/>
          <line num="24" count="0" type="stmt"/>
          <line num="29" count="0" type="stmt"/>
          <line num="30" count="0" type="stmt"/>
          <line num="31" count="0" type="stmt"/>
          <line num="33" count="0" type="stmt"/>
          <line num="37" count="5" type="stmt"/>
          <line num="38" count="5" type="stmt"/>
          <line num="39" count="5" type="stmt"/>
          <line num="41" count="5" type="stmt"/>
          <line num="42" count="0" type="stmt"/>
          <line num="43" count="0" type="stmt"/>
          <line num="45" count="0" type="stmt"/>
          <line num="46" count="0" type="stmt"/>
          <line num="47" count="0" type="stmt"/>
          <line num="48" count="0" type="stmt"/>
          <line num="49" count="0" type="stmt"/>
          <line num="51" count="0" type="stmt"/>
          <line num="57" count="5" type="stmt"/>
          <line num="58" count="0" type="stmt"/>
          <line num="59" count="0" type="stmt"/>
          <line num="60" count="0" type="stmt"/>
          <line num="61" count="0" type="stmt"/>
          <line num="70" count="0" type="stmt"/>
          <line num="72" count="0" type="stmt"/>
          <line num="73" count="0" type="stmt"/>
          <line num="74" count="0" type="stmt"/>
          <line num="83" count="0" type="stmt"/>
          <line num="91" count="0" type="stmt"/>
          <line num="97" count="0" type="stmt"/>
          <line num="100" count="5" type="stmt"/>
          <line num="101" count="0" type="stmt"/>
          <line num="102" count="0" type="stmt"/>
          <line num="103" count="0" type="stmt"/>
          <line num="104" count="0" type="stmt"/>
          <line num="106" count="0" type="stmt"/>
          <line num="107" count="0" type="stmt"/>
          <line num="115" count="0" type="stmt"/>
          <line num="116" count="0" type="stmt"/>
          <line num="118" count="0" type="stmt"/>
          <line num="120" count="0" type="stmt"/>
          <line num="121" count="0" type="stmt"/>
          <line num="122" count="0" type="stmt"/>
          <line num="130" count="0" type="stmt"/>
          <line num="131" count="0" type="stmt"/>
          <line num="133" count="0" type="stmt"/>
          <line num="141" count="0" type="stmt"/>
          <line num="142" count="0" type="stmt"/>
          <line num="148" count="0" type="stmt"/>
          <line num="151" count="5" type="stmt"/>
          <line num="152" count="0" type="stmt"/>
          <line num="153" count="0" type="stmt"/>
          <line num="154" count="0" type="stmt"/>
          <line num="155" count="0" type="stmt"/>
          <line num="156" count="0" type="stmt"/>
          <line num="159" count="5" type="stmt"/>
          <line num="160" count="4" type="stmt"/>
          <line num="161" count="4" type="stmt"/>
          <line num="162" count="4" type="stmt"/>
          <line num="163" count="4" type="stmt"/>
          <line num="166" count="5" type="stmt"/>
          <line num="167" count="4" type="stmt"/>
          <line num="168" count="4" type="stmt"/>
          <line num="169" count="4" type="stmt"/>
          <line num="170" count="4" type="stmt"/>
          <line num="171" count="4" type="stmt"/>
          <line num="174" count="4" type="stmt"/>
          <line num="180" count="5" type="stmt"/>
          <line num="181" count="4" type="stmt"/>
          <line num="182" count="4" type="stmt"/>
          <line num="186" count="4" type="stmt"/>
          <line num="187" count="4" type="stmt"/>
          <line num="188" count="4" type="stmt"/>
        </file>
      </package>
      <package name="ChronoMint.src.redux.ducks.settings">
        <metrics statements="128" coveredstatements="125" conditionals="45" coveredconditionals="41" methods="50" coveredmethods="49"/>
        <file name="cbe.js" path="/Users/DS/Projects/ChronoMint/src/redux/ducks/settings/cbe.js">
          <metrics statements="42" coveredstatements="41" conditionals="16" coveredconditionals="14" methods="19" coveredmethods="19"/>
          <line num="8" count="2" type="stmt"/>
          <line num="9" count="2" type="stmt"/>
          <line num="10" count="2" type="stmt"/>
          <line num="11" count="2" type="stmt"/>
          <line num="12" count="2" type="stmt"/>
          <line num="13" count="2" type="stmt"/>
          <line num="14" count="2" type="stmt"/>
          <line num="16" count="2" type="stmt"/>
          <line num="23" count="2" type="stmt"/>
          <line num="24" count="9" type="stmt"/>
          <line num="26" count="1" type="stmt"/>
          <line num="31" count="1" type="stmt"/>
          <line num="36" count="2" type="stmt"/>
          <line num="42" count="1" type="stmt"/>
          <line num="47" count="1" type="stmt"/>
          <line num="52" count="1" type="stmt"/>
          <line num="57" count="1" type="stmt"/>
          <line num="62" count="1" type="stmt"/>
          <line num="66" count="3" type="stmt"/>
          <line num="67" count="5" type="stmt"/>
          <line num="69" count="2" type="stmt"/>
          <line num="70" count="1" type="stmt"/>
          <line num="71" count="1" type="stmt"/>
          <line num="75" count="2" type="stmt"/>
          <line num="76" count="1" type="stmt"/>
          <line num="77" count="1" type="stmt"/>
          <line num="80" count="2" type="stmt"/>
          <line num="81" count="1" type="stmt"/>
          <line num="82" count="1" type="stmt"/>
          <line num="83" count="0" type="stmt"/>
          <line num="88" count="2" type="stmt"/>
          <line num="89" count="2" type="stmt"/>
          <line num="90" count="2" type="stmt"/>
          <line num="91" count="2" type="stmt"/>
          <line num="92" count="1" type="stmt"/>
          <line num="97" count="2" type="stmt"/>
          <line num="98" count="1" type="stmt"/>
          <line num="99" count="1" type="stmt"/>
          <line num="102" count="2" type="stmt"/>
          <line num="103" count="1" type="stmt"/>
          <line num="104" count="1" type="stmt"/>
          <line num="107" count="2" type="stmt"/>
        </file>
        <file name="otherContracts.js" path="/Users/DS/Projects/ChronoMint/src/redux/ducks/settings/otherContracts.js">
          <metrics statements="17" coveredstatements="17" conditionals="7" coveredconditionals="6" methods="5" coveredmethods="5"/>
          <line num="4" count="2" type="stmt"/>
          <line num="6" count="2" type="stmt"/>
          <line num="10" count="2" type="stmt"/>
          <line num="11" count="2" type="stmt"/>
          <line num="13" count="1" type="stmt"/>
          <line num="18" count="1" type="stmt"/>
          <line num="22" count="2" type="stmt"/>
          <line num="23" count="1" type="stmt"/>
          <line num="24" count="1" type="stmt"/>
          <line num="25" count="1" type="stmt"/>
          <line num="26" count="2" type="stmt"/>
          <line num="27" count="2" type="stmt"/>
          <line num="28" count="1" type="stmt"/>
          <line num="31" count="1" type="stmt"/>
          <line num="32" count="1" type="stmt"/>
          <line num="33" count="1" type="stmt"/>
          <line num="34" count="1" type="stmt"/>
        </file>
        <file name="tokens.js" path="/Users/DS/Projects/ChronoMint/src/redux/ducks/settings/tokens.js">
          <metrics statements="69" coveredstatements="67" conditionals="22" coveredconditionals="21" methods="26" coveredmethods="25"/>
          <line num="11" count="2" type="stmt"/>
          <line num="12" count="2" type="stmt"/>
          <line num="13" count="2" type="stmt"/>
          <line num="14" count="2" type="stmt"/>
          <line num="15" count="2" type="stmt"/>
          <line num="16" count="2" type="stmt"/>
          <line num="17" count="2" type="stmt"/>
          <line num="18" count="2" type="stmt"/>
          <line num="20" count="2" type="stmt"/>
          <line num="29" count="2" type="stmt"/>
          <line num="30" count="10" type="stmt"/>
          <line num="32" count="1" type="stmt"/>
          <line num="38" count="2" type="stmt"/>
          <line num="43" count="1" type="stmt"/>
          <line num="49" count="1" type="stmt"/>
          <line num="54" count="2" type="stmt"/>
          <line num="60" count="1" type="stmt"/>
          <line num="65" count="1" type="stmt"/>
          <line num="70" count="1" type="stmt"/>
          <line num="74" count="2" type="stmt"/>
          <line num="76" count="2" type="stmt"/>
          <line num="77" count="1" type="stmt"/>
          <line num="78" count="1" type="stmt"/>
          <line num="79" count="1" type="stmt"/>
          <line num="80" count="2" type="stmt"/>
          <line num="81" count="2" type="stmt"/>
          <line num="82" count="1" type="stmt"/>
          <line num="83" count="1" type="stmt"/>
          <line num="89" count="4" type="stmt"/>
          <line num="90" count="4" type="stmt"/>
          <line num="91" count="4" type="stmt"/>
          <line num="92" count="4" type="stmt"/>
          <line num="94" count="4" type="stmt"/>
          <line num="95" count="4" type="stmt"/>
          <line num="96" count="2" type="stmt"/>
          <line num="97" count="2" type="stmt"/>
          <line num="98" count="1" type="stmt"/>
          <line num="99" count="1" type="stmt"/>
          <line num="100" count="1" type="stmt"/>
          <line num="101" count="1" type="stmt"/>
          <line num="105" count="2" type="stmt"/>
          <line num="106" count="2" type="stmt"/>
          <line num="107" count="2" type="stmt"/>
          <line num="108" count="1" type="stmt"/>
          <line num="109" count="1" type="stmt"/>
          <line num="110" count="1" type="stmt"/>
          <line num="111" count="1" type="stmt"/>
          <line num="112" count="1" type="stmt"/>
          <line num="116" count="1" type="stmt"/>
          <line num="117" count="1" type="stmt"/>
          <line num="123" count="2" type="stmt"/>
          <line num="124" count="1" type="stmt"/>
          <line num="125" count="1" type="stmt"/>
          <line num="126" count="1" type="stmt"/>
          <line num="127" count="1" type="stmt"/>
          <line num="128" count="1" type="stmt"/>
          <line num="129" count="1" type="stmt"/>
          <line num="131" count="0" type="stmt"/>
          <line num="134" count="2" type="stmt"/>
          <line num="135" count="1" type="stmt"/>
          <line num="136" count="1" type="stmt"/>
          <line num="139" count="2" type="stmt"/>
          <line num="140" count="1" type="stmt"/>
          <line num="141" count="1" type="stmt"/>
          <line num="142" count="0" type="stmt"/>
          <line num="147" count="2" type="stmt"/>
          <line num="148" count="1" type="stmt"/>
          <line num="149" count="1" type="stmt"/>
          <line num="152" count="2" type="stmt"/>
        </file>
      </package>
      <package name="ChronoMint.src.redux.ducks.ui">
        <metrics statements="31" coveredstatements="23" conditionals="4" coveredconditionals="0" methods="17" coveredmethods="7"/>
        <file name="modal.js" path="/Users/DS/Projects/ChronoMint/src/redux/ducks/ui/modal.js">
          <metrics statements="31" coveredstatements="23" conditionals="4" coveredconditionals="0" methods="17" coveredmethods="7"/>
          <line num="1" count="4" type="stmt"/>
          <line num="2" count="4" type="stmt"/>
          <line num="4" count="4" type="stmt"/>
          <line num="5" count="4" type="stmt"/>
          <line num="6" count="4" type="stmt"/>
          <line num="7" count="4" type="stmt"/>
          <line num="8" count="4" type="stmt"/>
          <line num="9" count="4" type="stmt"/>
          <line num="10" count="4" type="stmt"/>
          <line num="12" count="4" type="stmt"/>
          <line num="18" count="4" type="stmt"/>
          <line num="19" count="0" type="stmt"/>
          <line num="21" count="0" type="stmt"/>
          <line num="26" count="0" type="stmt"/>
          <line num="31" count="0" type="stmt"/>
          <line num="35" count="4" type="stmt"/>
          <line num="36" count="4" type="stmt"/>
          <line num="38" count="4" type="stmt"/>
          <line num="39" count="0" type="stmt"/>
          <line num="42" count="4" type="stmt"/>
          <line num="43" count="0" type="stmt"/>
          <line num="46" count="4" type="stmt"/>
          <line num="47" count="1" type="stmt"/>
          <line num="50" count="4" type="stmt"/>
          <line num="51" count="1" type="stmt"/>
          <line num="54" count="4" type="stmt"/>
          <line num="55" count="1" type="stmt"/>
          <line num="58" count="4" type="stmt"/>
          <line num="59" count="0" type="stmt"/>
          <line num="62" count="4" type="stmt"/>
          <line num="63" count="0" type="stmt"/>
        </file>
      </package>
      <package name="ChronoMint.src.redux.ducks.wallet">
        <metrics statements="22" coveredstatements="18" conditionals="8" coveredconditionals="4" methods="7" coveredmethods="3"/>
        <file name="reducer.js" path="/Users/DS/Projects/ChronoMint/src/redux/ducks/wallet/reducer.js">
          <metrics statements="22" coveredstatements="18" conditionals="8" coveredconditionals="4" methods="7" coveredmethods="3"/>
          <line num="2" count="1" type="stmt"/>
          <line num="3" count="1" type="stmt"/>
          <line num="5" count="1" type="stmt"/>
          <line num="6" count="1" type="stmt"/>
          <line num="8" count="1" type="stmt"/>
          <line num="9" count="1" type="stmt"/>
          <line num="12" count="1" type="stmt"/>
          <line num="27" count="1" type="stmt"/>
          <line num="28" count="3" type="stmt"/>
          <line num="30" count="1" type="stmt"/>
          <line num="38" count="1" type="stmt"/>
          <line num="46" count="0" type="stmt"/>
          <line num="54" count="0" type="stmt"/>
          <line num="62" count="0" type="stmt"/>
          <line num="70" count="0" type="stmt"/>
          <line num="78" count="1" type="stmt"/>
          <line num="82" count="1" type="stmt"/>
          <line num="83" count="1" type="stmt"/>
          <line num="85" count="1" type="stmt"/>
          <line num="86" count="1" type="stmt"/>
          <line num="88" count="1" type="stmt"/>
          <line num="89" count="1" type="stmt"/>
        </file>
      </package>
      <package name="ChronoMint.src.utils">
        <metrics statements="2" coveredstatements="2" conditionals="0" coveredconditionals="0" methods="1" coveredmethods="1"/>
        <file name="isEthAddress.js" path="/Users/DS/Projects/ChronoMint/src/utils/isEthAddress.js">
          <metrics statements="2" coveredstatements="2" conditionals="0" coveredconditionals="0" methods="1" coveredmethods="1"/>
          <line num="2" count="9" type="stmt"/>
          <line num="5" count="7" type="stmt"/>
        </file>
      </package>
    </metrics>
  </project>
</coverage>
