{"/Users/DS/Projects/ChronoMint/truffle-config.js": {"path":"/Users/DS/Projects/ChronoMint/truffle-config.js","statementMap":{"0":{"start":{"line":1,"column":0},"end":{"line":40,"column":2}}},"fnMap":{},"branchMap":{},"s":{"0":7},"f":{},"b":{},"_coverageSchema":"332fd63041d2c1bcb487cc26dd0d5f7d97098a6c","hash":"3542d629dff0044f32f60549dc1ed735705f5c86"}
,"/Users/DS/Projects/ChronoMint/specs/init.js": {"path":"/Users/DS/Projects/ChronoMint/specs/init.js","statementMap":{"0":{"start":{"line":3,"column":0},"end":{"line":3,"column":23}}},"fnMap":{},"branchMap":{},"s":{"0":16},"f":{},"b":{},"_coverageSchema":"332fd63041d2c1bcb487cc26dd0d5f7d97098a6c","hash":"4a9e072da4fd49aad6bb1374a17ca4fa4bb13380"}
,"/Users/DS/Projects/ChronoMint/specs/mock/localStorage.js": {"path":"/Users/DS/Projects/ChronoMint/specs/mock/localStorage.js","statementMap":{"0":{"start":{"line":1,"column":21},"end":{"line":10,"column":2}},"1":{"start":{"line":3,"column":20},"end":{"line":3,"column":22}},"2":{"start":{"line":4,"column":8},"end":{"line":8,"column":10}},"3":{"start":{"line":5,"column":30},"end":{"line":5,"column":40}},"4":{"start":{"line":6,"column":37},"end":{"line":6,"column":66}},"5":{"start":{"line":7,"column":25},"end":{"line":7,"column":35}}},"fnMap":{"0":{"name":"(anonymous_0)","decl":{"start":{"line":1,"column":15},"end":{"line":1,"column":16}},"loc":{"start":{"line":1,"column":21},"end":{"line":10,"column":2}}},"1":{"name":"(anonymous_1)","decl":{"start":{"line":2,"column":12},"end":{"line":2,"column":13}},"loc":{"start":{"line":2,"column":18},"end":{"line":9,"column":5}}},"2":{"name":"(anonymous_2)","decl":{"start":{"line":5,"column":21},"end":{"line":5,"column":22}},"loc":{"start":{"line":5,"column":30},"end":{"line":5,"column":40}}},"3":{"name":"(anonymous_3)","decl":{"start":{"line":6,"column":21},"end":{"line":6,"column":22}},"loc":{"start":{"line":6,"column":37},"end":{"line":6,"column":66}}},"4":{"name":"(anonymous_4)","decl":{"start":{"line":7,"column":19},"end":{"line":7,"column":20}},"loc":{"start":{"line":7,"column":25},"end":{"line":7,"column":35}}}},"branchMap":{},"s":{"0":16,"1":16,"2":16,"3":4,"4":4,"5":27},"f":{"0":16,"1":16,"2":4,"3":4,"4":27},"b":{},"_coverageSchema":"332fd63041d2c1bcb487cc26dd0d5f7d97098a6c","hash":"8f4cec5bb00f1d523b6b65a7bba0e2831096c9fb"}
,"/Users/DS/Projects/ChronoMint/src/config.js": {"path":"/Users/DS/Projects/ChronoMint/src/config.js","statementMap":{"0":{"start":{"line":1,"column":33},"end":{"line":5,"column":1}}},"fnMap":{},"branchMap":{},"s":{"0":5},"f":{},"b":{},"_coverageSchema":"332fd63041d2c1bcb487cc26dd0d5f7d97098a6c","hash":"9c357c7ff0f50ceb9de0c5edc90d8b7b874ca7af"}
,"/Users/DS/Projects/ChronoMint/src/styles.js": {"path":"/Users/DS/Projects/ChronoMint/src/styles.js","statementMap":{"0":{"start":{"line":5,"column":15},"end":{"line":24,"column":1}},"1":{"start":{"line":26,"column":13},"end":{"line":48,"column":1}},"2":{"start":{"line":50,"column":15},"end":{"line":118,"column":1}}},"fnMap":{},"branchMap":{},"s":{"0":1,"1":1,"2":1},"f":{},"b":{},"_coverageSchema":"332fd63041d2c1bcb487cc26dd0d5f7d97098a6c","hash":"e3af92fa73ef407806245d555ddf8158551e5a7d"}
,"/Users/DS/Projects/ChronoMint/src/components/layout/Header/SearchBox.js": {"path":"/Users/DS/Projects/ChronoMint/src/components/layout/Header/SearchBox.js","statementMap":{"0":{"start":{"line":7,"column":8},"end":{"line":7,"column":33}},"1":{"start":{"line":11,"column":23},"end":{"line":27,"column":9}},"2":{"start":{"line":29,"column":8},"end":{"line":39,"column":10}}},"fnMap":{"0":{"name":"(anonymous_0)","decl":{"start":{"line":6,"column":4},"end":{"line":6,"column":5}},"loc":{"start":{"line":6,"column":24},"end":{"line":8,"column":5}}},"1":{"name":"(anonymous_1)","decl":{"start":{"line":10,"column":4},"end":{"line":10,"column":5}},"loc":{"start":{"line":10,"column":13},"end":{"line":40,"column":5}}}},"branchMap":{},"s":{"0":0,"1":1,"2":1},"f":{"0":0,"1":1},"b":{},"_coverageSchema":"332fd63041d2c1bcb487cc26dd0d5f7d97098a6c","hash":"f997623d4b735941fc792a964396d0930aeae87f"}
,"/Users/DS/Projects/ChronoMint/src/components/pages/DashboardPage/InfoBox.js": {"path":"/Users/DS/Projects/ChronoMint/src/components/pages/DashboardPage/InfoBox.js","statementMap":{"0":{"start":{"line":8,"column":44},"end":{"line":8,"column":54}},"1":{"start":{"line":9,"column":23},"end":{"line":39,"column":9}},"2":{"start":{"line":40,"column":8},"end":{"line":50,"column":10}},"3":{"start":{"line":54,"column":0},"end":{"line":59,"column":2}}},"fnMap":{"0":{"name":"(anonymous_0)","decl":{"start":{"line":7,"column":4},"end":{"line":7,"column":5}},"loc":{"start":{"line":7,"column":13},"end":{"line":51,"column":5}}}},"branchMap":{},"s":{"0":1,"1":1,"2":1,"3":1},"f":{"0":1},"b":{},"_coverageSchema":"332fd63041d2c1bcb487cc26dd0d5f7d97098a6c","hash":"8f13b4770b07295aa96c47fa76c9d954edbb4220"}
,"/Users/DS/Projects/ChronoMint/src/dao/AbstractContractDAO.js": {"path":"/Users/DS/Projects/ChronoMint/src/dao/AbstractContractDAO.js","statementMap":{"0":{"start":{"line":8,"column":8},"end":{"line":10,"column":9}},"1":{"start":{"line":9,"column":12},"end":{"line":9,"column":90}},"2":{"start":{"line":12,"column":56},"end":{"line":12,"column":69}},"3":{"start":{"line":13,"column":25},"end":{"line":13,"column":79}},"4":{"start":{"line":14,"column":8},"end":{"line":14,"column":52}},"5":{"start":{"line":17,"column":8},"end":{"line":18,"column":101}},"6":{"start":{"line":20,"column":25},"end":{"line":20,"column":46}},"7":{"start":{"line":21,"column":8},"end":{"line":21,"column":56}},"8":{"start":{"line":23,"column":8},"end":{"line":57,"column":9}},"9":{"start":{"line":24,"column":12},"end":{"line":24,"column":48}},"10":{"start":{"line":25,"column":15},"end":{"line":57,"column":9}},"11":{"start":{"line":26,"column":12},"end":{"line":26,"column":41}},"12":{"start":{"line":27,"column":12},"end":{"line":27,"column":82}},"13":{"start":{"line":29,"column":12},"end":{"line":37,"column":13}},"14":{"start":{"line":30,"column":16},"end":{"line":36,"column":23}},"15":{"start":{"line":32,"column":24},"end":{"line":32,"column":57}},"16":{"start":{"line":35,"column":24},"end":{"line":35,"column":45}},"17":{"start":{"line":40,"column":12},"end":{"line":54,"column":15}},"18":{"start":{"line":41,"column":31},"end":{"line":41,"column":35}},"19":{"start":{"line":42,"column":31},"end":{"line":51,"column":17}},"20":{"start":{"line":43,"column":20},"end":{"line":46,"column":21}},"21":{"start":{"line":44,"column":24},"end":{"line":44,"column":48}},"22":{"start":{"line":45,"column":24},"end":{"line":45,"column":55}},"23":{"start":{"line":48,"column":20},"end":{"line":50,"column":21}},"24":{"start":{"line":49,"column":24},"end":{"line":49,"column":49}},"25":{"start":{"line":52,"column":16},"end":{"line":52,"column":27}},"26":{"start":{"line":53,"column":16},"end":{"line":53,"column":53}},"27":{"start":{"line":56,"column":12},"end":{"line":56,"column":44}},"28":{"start":{"line":61,"column":8},"end":{"line":61,"column":64}},"29":{"start":{"line":61,"column":46},"end":{"line":61,"column":62}},"30":{"start":{"line":65,"column":8},"end":{"line":65,"column":65}},"31":{"start":{"line":69,"column":8},"end":{"line":69,"column":72}}},"fnMap":{"0":{"name":"(anonymous_0)","decl":{"start":{"line":7,"column":4},"end":{"line":7,"column":5}},"loc":{"start":{"line":7,"column":53},"end":{"line":58,"column":5}}},"1":{"name":"(anonymous_1)","decl":{"start":{"line":31,"column":26},"end":{"line":31,"column":27}},"loc":{"start":{"line":31,"column":38},"end":{"line":33,"column":21}}},"2":{"name":"(anonymous_2)","decl":{"start":{"line":34,"column":27},"end":{"line":34,"column":28}},"loc":{"start":{"line":34,"column":32},"end":{"line":36,"column":21}}},"3":{"name":"(anonymous_3)","decl":{"start":{"line":40,"column":40},"end":{"line":40,"column":41}},"loc":{"start":{"line":40,"column":61},"end":{"line":54,"column":13}}},"4":{"name":"(anonymous_4)","decl":{"start":{"line":42,"column":31},"end":{"line":42,"column":32}},"loc":{"start":{"line":42,"column":37},"end":{"line":51,"column":17}}},"5":{"name":"(anonymous_5)","decl":{"start":{"line":60,"column":17},"end":{"line":60,"column":18}},"loc":{"start":{"line":60,"column":23},"end":{"line":62,"column":5}}},"6":{"name":"(anonymous_6)","decl":{"start":{"line":61,"column":34},"end":{"line":61,"column":35}},"loc":{"start":{"line":61,"column":46},"end":{"line":61,"column":62}}},"7":{"name":"(anonymous_7)","decl":{"start":{"line":64,"column":22},"end":{"line":64,"column":23}},"loc":{"start":{"line":64,"column":35},"end":{"line":66,"column":5}}},"8":{"name":"(anonymous_8)","decl":{"start":{"line":68,"column":21},"end":{"line":68,"column":22}},"loc":{"start":{"line":68,"column":42},"end":{"line":70,"column":5}}}},"branchMap":{"0":{"loc":{"start":{"line":7,"column":22},"end":{"line":7,"column":31}},"type":"default-arg","locations":[{"start":{"line":7,"column":27},"end":{"line":7,"column":31}}]},"1":{"loc":{"start":{"line":7,"column":33},"end":{"line":7,"column":51}},"type":"default-arg","locations":[{"start":{"line":7,"column":47},"end":{"line":7,"column":51}}]},"2":{"loc":{"start":{"line":8,"column":8},"end":{"line":10,"column":9}},"type":"if","locations":[{"start":{"line":8,"column":8},"end":{"line":10,"column":9}},{"start":{"line":8,"column":8},"end":{"line":10,"column":9}}]},"3":{"loc":{"start":{"line":13,"column":25},"end":{"line":13,"column":79}},"type":"cond-expr","locations":[{"start":{"line":13,"column":48},"end":{"line":13,"column":72}},{"start":{"line":13,"column":75},"end":{"line":13,"column":79}}]},"4":{"loc":{"start":{"line":17,"column":20},"end":{"line":18,"column":100}},"type":"cond-expr","locations":[{"start":{"line":18,"column":12},"end":{"line":18,"column":42}},{"start":{"line":18,"column":45},"end":{"line":18,"column":100}}]},"5":{"loc":{"start":{"line":23,"column":8},"end":{"line":57,"column":9}},"type":"if","locations":[{"start":{"line":23,"column":8},"end":{"line":57,"column":9}},{"start":{"line":23,"column":8},"end":{"line":57,"column":9}}]},"6":{"loc":{"start":{"line":25,"column":15},"end":{"line":57,"column":9}},"type":"if","locations":[{"start":{"line":25,"column":15},"end":{"line":57,"column":9}},{"start":{"line":25,"column":15},"end":{"line":57,"column":9}}]},"7":{"loc":{"start":{"line":27,"column":31},"end":{"line":27,"column":81}},"type":"cond-expr","locations":[{"start":{"line":27,"column":50},"end":{"line":27,"column":54}},{"start":{"line":27,"column":57},"end":{"line":27,"column":81}}]},"8":{"loc":{"start":{"line":29,"column":12},"end":{"line":37,"column":13}},"type":"if","locations":[{"start":{"line":29,"column":12},"end":{"line":37,"column":13}},{"start":{"line":29,"column":12},"end":{"line":37,"column":13}}]},"9":{"loc":{"start":{"line":43,"column":20},"end":{"line":46,"column":21}},"type":"if","locations":[{"start":{"line":43,"column":20},"end":{"line":46,"column":21}},{"start":{"line":43,"column":20},"end":{"line":46,"column":21}}]},"10":{"loc":{"start":{"line":48,"column":20},"end":{"line":50,"column":21}},"type":"if","locations":[{"start":{"line":48,"column":20},"end":{"line":50,"column":21}},{"start":{"line":48,"column":20},"end":{"line":50,"column":21}}]}},"s":{"0":15,"1":0,"2":15,"3":15,"4":15,"5":15,"6":15,"7":15,"8":15,"9":11,"10":4,"11":4,"12":4,"13":4,"14":4,"15":4,"16":0,"17":4,"18":4,"19":4,"20":9,"21":4,"22":4,"23":9,"24":0,"25":4,"26":4,"27":0,"28":0,"29":0,"30":1,"31":106},"f":{"0":15,"1":4,"2":0,"3":4,"4":9,"5":0,"6":0,"7":1,"8":106},"b":{"0":[11],"1":[15],"2":[0,15],"3":[0,15],"4":[0,15],"5":[11,4],"6":[4,0],"7":[4,0],"8":[4,0],"9":[4,5],"10":[0,9]},"_coverageSchema":"332fd63041d2c1bcb487cc26dd0d5f7d97098a6c","hash":"9745c5887d31461897fae68429e93e6c49ed3c95"}
,"/Users/DS/Projects/ChronoMint/src/dao/AbstractProxyDAO.js": {"path":"/Users/DS/Projects/ChronoMint/src/dao/AbstractProxyDAO.js","statementMap":{"0":{"start":{"line":5,"column":8},"end":{"line":5,"column":24}},"1":{"start":{"line":6,"column":8},"end":{"line":8,"column":9}},"2":{"start":{"line":7,"column":12},"end":{"line":7,"column":87}},"3":{"start":{"line":12,"column":8},"end":{"line":12,"column":80}},"4":{"start":{"line":12,"column":46},"end":{"line":12,"column":78}},"5":{"start":{"line":16,"column":8},"end":{"line":16,"column":68}},"6":{"start":{"line":16,"column":46},"end":{"line":16,"column":66}},"7":{"start":{"line":20,"column":8},"end":{"line":20,"column":70}},"8":{"start":{"line":20,"column":46},"end":{"line":20,"column":68}},"9":{"start":{"line":24,"column":8},"end":{"line":26,"column":12}},"10":{"start":{"line":24,"column":46},"end":{"line":26,"column":10}},"11":{"start":{"line":25,"column":12},"end":{"line":25,"column":37}},"12":{"start":{"line":30,"column":8},"end":{"line":30,"column":80}},"13":{"start":{"line":30,"column":46},"end":{"line":30,"column":78}}},"fnMap":{"0":{"name":"(anonymous_0)","decl":{"start":{"line":4,"column":4},"end":{"line":4,"column":5}},"loc":{"start":{"line":4,"column":33},"end":{"line":9,"column":5}}},"1":{"name":"(anonymous_1)","decl":{"start":{"line":11,"column":23},"end":{"line":11,"column":24}},"loc":{"start":{"line":11,"column":29},"end":{"line":13,"column":5}}},"2":{"name":"(anonymous_2)","decl":{"start":{"line":12,"column":34},"end":{"line":12,"column":35}},"loc":{"start":{"line":12,"column":46},"end":{"line":12,"column":78}}},"3":{"name":"(anonymous_3)","decl":{"start":{"line":15,"column":14},"end":{"line":15,"column":15}},"loc":{"start":{"line":15,"column":20},"end":{"line":17,"column":5}}},"4":{"name":"(anonymous_4)","decl":{"start":{"line":16,"column":34},"end":{"line":16,"column":35}},"loc":{"start":{"line":16,"column":46},"end":{"line":16,"column":66}}},"5":{"name":"(anonymous_5)","decl":{"start":{"line":19,"column":16},"end":{"line":19,"column":17}},"loc":{"start":{"line":19,"column":22},"end":{"line":21,"column":5}}},"6":{"name":"(anonymous_6)","decl":{"start":{"line":20,"column":34},"end":{"line":20,"column":35}},"loc":{"start":{"line":20,"column":46},"end":{"line":20,"column":68}}},"7":{"name":"(anonymous_7)","decl":{"start":{"line":23,"column":18},"end":{"line":23,"column":19}},"loc":{"start":{"line":23,"column":24},"end":{"line":27,"column":5}}},"8":{"name":"(anonymous_8)","decl":{"start":{"line":24,"column":34},"end":{"line":24,"column":35}},"loc":{"start":{"line":24,"column":46},"end":{"line":26,"column":10}}},"9":{"name":"(anonymous_9)","decl":{"start":{"line":24,"column":79},"end":{"line":24,"column":80}},"loc":{"start":{"line":24,"column":89},"end":{"line":26,"column":9}}},"10":{"name":"(anonymous_10)","decl":{"start":{"line":29,"column":24},"end":{"line":29,"column":25}},"loc":{"start":{"line":29,"column":37},"end":{"line":31,"column":5}}},"11":{"name":"(anonymous_11)","decl":{"start":{"line":30,"column":34},"end":{"line":30,"column":35}},"loc":{"start":{"line":30,"column":46},"end":{"line":30,"column":78}}}},"branchMap":{"0":{"loc":{"start":{"line":4,"column":22},"end":{"line":4,"column":31}},"type":"default-arg","locations":[{"start":{"line":4,"column":27},"end":{"line":4,"column":31}}]},"1":{"loc":{"start":{"line":6,"column":8},"end":{"line":8,"column":9}},"type":"if","locations":[{"start":{"line":6,"column":8},"end":{"line":8,"column":9}},{"start":{"line":6,"column":8},"end":{"line":8,"column":9}}]}},"s":{"0":4,"1":4,"2":0,"3":2,"4":2,"5":2,"6":2,"7":2,"8":2,"9":1,"10":1,"11":1,"12":1,"13":1},"f":{"0":4,"1":2,"2":2,"3":2,"4":2,"5":2,"6":2,"7":1,"8":1,"9":1,"10":1,"11":1},"b":{"0":[0],"1":[0,4]},"_coverageSchema":"332fd63041d2c1bcb487cc26dd0d5f7d97098a6c","hash":"232dd5da02347f435e0fa8bcf838c31a4ba9d097"}
,"/Users/DS/Projects/ChronoMint/src/dao/AppDAO.js": {"path":"/Users/DS/Projects/ChronoMint/src/dao/AppDAO.js","statementMap":{"0":{"start":{"line":12,"column":8},"end":{"line":12,"column":55}},"1":{"start":{"line":13,"column":8},"end":{"line":13,"column":31}},"2":{"start":{"line":14,"column":8},"end":{"line":14,"column":31}},"3":{"start":{"line":15,"column":8},"end":{"line":15,"column":28}},"4":{"start":{"line":16,"column":8},"end":{"line":16,"column":28}},"5":{"start":{"line":20,"column":8},"end":{"line":20,"column":90}},"6":{"start":{"line":20,"column":46},"end":{"line":20,"column":88}},"7":{"start":{"line":24,"column":8},"end":{"line":24,"column":96}},"8":{"start":{"line":24,"column":46},"end":{"line":24,"column":94}},"9":{"start":{"line":28,"column":8},"end":{"line":28,"column":101}},"10":{"start":{"line":28,"column":46},"end":{"line":28,"column":99}},"11":{"start":{"line":32,"column":8},"end":{"line":32,"column":83}},"12":{"start":{"line":32,"column":46},"end":{"line":32,"column":81}},"13":{"start":{"line":36,"column":8},"end":{"line":36,"column":50}},"14":{"start":{"line":40,"column":8},"end":{"line":40,"column":51}},"15":{"start":{"line":44,"column":8},"end":{"line":46,"column":11}},"16":{"start":{"line":50,"column":8},"end":{"line":50,"column":65}},"17":{"start":{"line":54,"column":8},"end":{"line":54,"column":66}},"18":{"start":{"line":58,"column":8},"end":{"line":61,"column":12}},"19":{"start":{"line":58,"column":46},"end":{"line":61,"column":10}},"20":{"start":{"line":65,"column":8},"end":{"line":65,"column":86}},"21":{"start":{"line":65,"column":46},"end":{"line":65,"column":84}},"22":{"start":{"line":69,"column":8},"end":{"line":69,"column":92}},"23":{"start":{"line":69,"column":46},"end":{"line":69,"column":90}},"24":{"start":{"line":73,"column":8},"end":{"line":73,"column":97}},"25":{"start":{"line":73,"column":46},"end":{"line":73,"column":95}},"26":{"start":{"line":77,"column":8},"end":{"line":77,"column":100}},"27":{"start":{"line":77,"column":46},"end":{"line":77,"column":98}},"28":{"start":{"line":81,"column":8},"end":{"line":81,"column":100}},"29":{"start":{"line":81,"column":46},"end":{"line":81,"column":98}},"30":{"start":{"line":85,"column":8},"end":{"line":85,"column":106}},"31":{"start":{"line":85,"column":46},"end":{"line":85,"column":104}},"32":{"start":{"line":89,"column":8},"end":{"line":89,"column":123}},"33":{"start":{"line":89,"column":46},"end":{"line":89,"column":121}},"34":{"start":{"line":93,"column":8},"end":{"line":93,"column":87}},"35":{"start":{"line":93,"column":46},"end":{"line":93,"column":85}},"36":{"start":{"line":97,"column":8},"end":{"line":97,"column":91}},"37":{"start":{"line":97,"column":46},"end":{"line":97,"column":89}},"38":{"start":{"line":101,"column":8},"end":{"line":101,"column":106}},"39":{"start":{"line":101,"column":46},"end":{"line":101,"column":104}},"40":{"start":{"line":105,"column":8},"end":{"line":105,"column":109}},"41":{"start":{"line":105,"column":46},"end":{"line":105,"column":107}},"42":{"start":{"line":109,"column":8},"end":{"line":109,"column":122}},"43":{"start":{"line":109,"column":46},"end":{"line":109,"column":120}},"44":{"start":{"line":113,"column":8},"end":{"line":116,"column":12}},"45":{"start":{"line":113,"column":46},"end":{"line":116,"column":10}},"46":{"start":{"line":120,"column":8},"end":{"line":120,"column":106}},"47":{"start":{"line":120,"column":46},"end":{"line":120,"column":104}},"48":{"start":{"line":123,"column":30},"end":{"line":123,"column":95}},"49":{"start":{"line":123,"column":61},"end":{"line":123,"column":94}},"50":{"start":{"line":125,"column":53},"end":{"line":125,"column":128}},"51":{"start":{"line":125,"column":84},"end":{"line":125,"column":127}},"52":{"start":{"line":127,"column":47},"end":{"line":127,"column":116}},"53":{"start":{"line":127,"column":78},"end":{"line":127,"column":115}},"54":{"start":{"line":129,"column":51},"end":{"line":129,"column":130}},"55":{"start":{"line":129,"column":82},"end":{"line":129,"column":129}},"56":{"start":{"line":131,"column":45},"end":{"line":131,"column":118}},"57":{"start":{"line":131,"column":76},"end":{"line":131,"column":117}},"58":{"start":{"line":138,"column":8},"end":{"line":138,"column":100}},"59":{"start":{"line":138,"column":46},"end":{"line":138,"column":98}},"60":{"start":{"line":143,"column":8},"end":{"line":158,"column":11}},"61":{"start":{"line":144,"column":12},"end":{"line":157,"column":15}},"62":{"start":{"line":145,"column":32},"end":{"line":145,"column":41}},"63":{"start":{"line":146,"column":28},"end":{"line":146,"column":37}},"64":{"start":{"line":147,"column":26},"end":{"line":147,"column":35}},"65":{"start":{"line":148,"column":16},"end":{"line":155,"column":17}},"66":{"start":{"line":149,"column":20},"end":{"line":154,"column":21}},"67":{"start":{"line":150,"column":24},"end":{"line":153,"column":27}},"68":{"start":{"line":156,"column":16},"end":{"line":156,"column":27}},"69":{"start":{"line":167,"column":8},"end":{"line":176,"column":11}},"70":{"start":{"line":168,"column":12},"end":{"line":175,"column":15}},"71":{"start":{"line":169,"column":16},"end":{"line":174,"column":19}},"72":{"start":{"line":170,"column":20},"end":{"line":173,"column":35}},"73":{"start":{"line":185,"column":8},"end":{"line":187,"column":9}},"74":{"start":{"line":186,"column":12},"end":{"line":186,"column":58}},"75":{"start":{"line":186,"column":42},"end":{"line":186,"column":56}},"76":{"start":{"line":188,"column":8},"end":{"line":192,"column":11}},"77":{"start":{"line":189,"column":12},"end":{"line":191,"column":15}},"78":{"start":{"line":190,"column":16},"end":{"line":190,"column":49}},"79":{"start":{"line":201,"column":8},"end":{"line":217,"column":11}},"80":{"start":{"line":202,"column":12},"end":{"line":216,"column":15}},"81":{"start":{"line":203,"column":16},"end":{"line":205,"column":17}},"82":{"start":{"line":204,"column":20},"end":{"line":204,"column":27}},"83":{"start":{"line":206,"column":30},"end":{"line":206,"column":45}},"84":{"start":{"line":207,"column":16},"end":{"line":215,"column":19}},"85":{"start":{"line":208,"column":20},"end":{"line":214,"column":21}},"86":{"start":{"line":209,"column":24},"end":{"line":211,"column":27}},"87":{"start":{"line":210,"column":28},"end":{"line":210,"column":74}},"88":{"start":{"line":213,"column":24},"end":{"line":213,"column":64}},"89":{"start":{"line":222,"column":8},"end":{"line":239,"column":11}},"90":{"start":{"line":223,"column":12},"end":{"line":238,"column":15}},"91":{"start":{"line":225,"column":37},"end":{"line":225,"column":39}},"92":{"start":{"line":226,"column":16},"end":{"line":230,"column":17}},"93":{"start":{"line":227,"column":20},"end":{"line":229,"column":21}},"94":{"start":{"line":228,"column":24},"end":{"line":228,"column":58}},"95":{"start":{"line":232,"column":16},"end":{"line":237,"column":17}},"96":{"start":{"line":233,"column":20},"end":{"line":236,"column":21}},"97":{"start":{"line":234,"column":39},"end":{"line":234,"column":103}},"98":{"start":{"line":235,"column":24},"end":{"line":235,"column":66}},"99":{"start":{"line":244,"column":8},"end":{"line":272,"column":11}},"100":{"start":{"line":245,"column":12},"end":{"line":271,"column":15}},"101":{"start":{"line":247,"column":37},"end":{"line":247,"column":39}},"102":{"start":{"line":248,"column":16},"end":{"line":252,"column":17}},"103":{"start":{"line":249,"column":20},"end":{"line":251,"column":21}},"104":{"start":{"line":250,"column":24},"end":{"line":250,"column":58}},"105":{"start":{"line":254,"column":16},"end":{"line":270,"column":17}},"106":{"start":{"line":255,"column":20},"end":{"line":269,"column":21}},"107":{"start":{"line":256,"column":39},"end":{"line":256,"column":89}},"108":{"start":{"line":257,"column":24},"end":{"line":268,"column":27}},"109":{"start":{"line":258,"column":28},"end":{"line":267,"column":31}},"110":{"start":{"line":259,"column":32},"end":{"line":259,"column":76}},"111":{"start":{"line":260,"column":32},"end":{"line":266,"column":35}},"112":{"start":{"line":261,"column":36},"end":{"line":261,"column":74}},"113":{"start":{"line":262,"column":36},"end":{"line":265,"column":39}},"114":{"start":{"line":263,"column":40},"end":{"line":263,"column":82}},"115":{"start":{"line":264,"column":40},"end":{"line":264,"column":82}},"116":{"start":{"line":276,"column":8},"end":{"line":276,"column":17}},"117":{"start":{"line":277,"column":8},"end":{"line":290,"column":11}},"118":{"start":{"line":278,"column":12},"end":{"line":289,"column":15}},"119":{"start":{"line":279,"column":32},"end":{"line":279,"column":41}},"120":{"start":{"line":280,"column":31},"end":{"line":280,"column":40}},"121":{"start":{"line":281,"column":26},"end":{"line":281,"column":35}},"122":{"start":{"line":282,"column":16},"end":{"line":287,"column":17}},"123":{"start":{"line":283,"column":20},"end":{"line":286,"column":21}},"124":{"start":{"line":285,"column":24},"end":{"line":285,"column":80}},"125":{"start":{"line":288,"column":16},"end":{"line":288,"column":27}},"126":{"start":{"line":300,"column":8},"end":{"line":302,"column":9}},"127":{"start":{"line":301,"column":12},"end":{"line":301,"column":57}},"128":{"start":{"line":301,"column":42},"end":{"line":301,"column":55}},"129":{"start":{"line":304,"column":23},"end":{"line":314,"column":9}},"130":{"start":{"line":305,"column":12},"end":{"line":313,"column":31}},"131":{"start":{"line":306,"column":16},"end":{"line":312,"column":19}},"132":{"start":{"line":307,"column":20},"end":{"line":311,"column":23}},"133":{"start":{"line":309,"column":24},"end":{"line":310,"column":118}},"134":{"start":{"line":310,"column":112},"end":{"line":310,"column":116}},"135":{"start":{"line":313,"column":24},"end":{"line":313,"column":29}},"136":{"start":{"line":317,"column":8},"end":{"line":319,"column":42}},"137":{"start":{"line":318,"column":12},"end":{"line":318,"column":88}},"138":{"start":{"line":318,"column":64},"end":{"line":318,"column":86}},"139":{"start":{"line":319,"column":20},"end":{"line":319,"column":40}},"140":{"start":{"line":328,"column":8},"end":{"line":338,"column":11}},"141":{"start":{"line":329,"column":12},"end":{"line":331,"column":13}},"142":{"start":{"line":330,"column":16},"end":{"line":330,"column":49}},"143":{"start":{"line":332,"column":12},"end":{"line":332,"column":60}},"144":{"start":{"line":333,"column":12},"end":{"line":337,"column":15}},"145":{"start":{"line":334,"column":16},"end":{"line":334,"column":49}},"146":{"start":{"line":336,"column":16},"end":{"line":336,"column":26}},"147":{"start":{"line":347,"column":8},"end":{"line":357,"column":11}},"148":{"start":{"line":348,"column":12},"end":{"line":350,"column":13}},"149":{"start":{"line":349,"column":16},"end":{"line":349,"column":49}},"150":{"start":{"line":351,"column":12},"end":{"line":351,"column":60}},"151":{"start":{"line":352,"column":12},"end":{"line":356,"column":15}},"152":{"start":{"line":353,"column":16},"end":{"line":353,"column":49}},"153":{"start":{"line":355,"column":16},"end":{"line":355,"column":26}},"154":{"start":{"line":364,"column":8},"end":{"line":381,"column":11}},"155":{"start":{"line":365,"column":12},"end":{"line":380,"column":15}},"156":{"start":{"line":366,"column":16},"end":{"line":368,"column":17}},"157":{"start":{"line":367,"column":20},"end":{"line":367,"column":27}},"158":{"start":{"line":369,"column":16},"end":{"line":379,"column":19}},"159":{"start":{"line":370,"column":20},"end":{"line":378,"column":23}},"160":{"start":{"line":371,"column":24},"end":{"line":377,"column":27}},"161":{"start":{"line":372,"column":28},"end":{"line":376,"column":39}}},"fnMap":{"0":{"name":"(anonymous_0)","decl":{"start":{"line":11,"column":4},"end":{"line":11,"column":5}},"loc":{"start":{"line":11,"column":18},"end":{"line":17,"column":5}}},"1":{"name":"(anonymous_1)","decl":{"start":{"line":19,"column":18},"end":{"line":19,"column":19}},"loc":{"start":{"line":19,"column":39},"end":{"line":21,"column":5}}},"2":{"name":"(anonymous_2)","decl":{"start":{"line":20,"column":34},"end":{"line":20,"column":35}},"loc":{"start":{"line":20,"column":46},"end":{"line":20,"column":88}}},"3":{"name":"(anonymous_3)","decl":{"start":{"line":23,"column":17},"end":{"line":23,"column":18}},"loc":{"start":{"line":23,"column":53},"end":{"line":25,"column":5}}},"4":{"name":"(anonymous_4)","decl":{"start":{"line":24,"column":34},"end":{"line":24,"column":35}},"loc":{"start":{"line":24,"column":46},"end":{"line":24,"column":94}}},"5":{"name":"(anonymous_5)","decl":{"start":{"line":27,"column":19},"end":{"line":27,"column":20}},"loc":{"start":{"line":27,"column":71},"end":{"line":29,"column":5}}},"6":{"name":"(anonymous_6)","decl":{"start":{"line":28,"column":34},"end":{"line":28,"column":35}},"loc":{"start":{"line":28,"column":46},"end":{"line":28,"column":99}}},"7":{"name":"(anonymous_7)","decl":{"start":{"line":31,"column":17},"end":{"line":31,"column":18}},"loc":{"start":{"line":31,"column":40},"end":{"line":33,"column":5}}},"8":{"name":"(anonymous_8)","decl":{"start":{"line":32,"column":34},"end":{"line":32,"column":35}},"loc":{"start":{"line":32,"column":46},"end":{"line":32,"column":81}}},"9":{"name":"(anonymous_9)","decl":{"start":{"line":35,"column":20},"end":{"line":35,"column":21}},"loc":{"start":{"line":35,"column":26},"end":{"line":37,"column":5}}},"10":{"name":"(anonymous_10)","decl":{"start":{"line":39,"column":21},"end":{"line":39,"column":22}},"loc":{"start":{"line":39,"column":27},"end":{"line":41,"column":5}}},"11":{"name":"(anonymous_11)","decl":{"start":{"line":43,"column":11},"end":{"line":43,"column":12}},"loc":{"start":{"line":43,"column":79},"end":{"line":47,"column":5}}},"12":{"name":"(anonymous_12)","decl":{"start":{"line":44,"column":34},"end":{"line":44,"column":35}},"loc":{"start":{"line":44,"column":46},"end":{"line":46,"column":9}}},"13":{"name":"(anonymous_13)","decl":{"start":{"line":49,"column":14},"end":{"line":49,"column":15}},"loc":{"start":{"line":49,"column":39},"end":{"line":51,"column":5}}},"14":{"name":"(anonymous_14)","decl":{"start":{"line":53,"column":15},"end":{"line":53,"column":16}},"loc":{"start":{"line":53,"column":40},"end":{"line":55,"column":5}}},"15":{"name":"(anonymous_15)","decl":{"start":{"line":57,"column":24},"end":{"line":57,"column":25}},"loc":{"start":{"line":57,"column":58},"end":{"line":62,"column":5}}},"16":{"name":"(anonymous_16)","decl":{"start":{"line":58,"column":34},"end":{"line":58,"column":35}},"loc":{"start":{"line":58,"column":46},"end":{"line":61,"column":10}}},"17":{"name":"(anonymous_17)","decl":{"start":{"line":64,"column":14},"end":{"line":64,"column":15}},"loc":{"start":{"line":64,"column":35},"end":{"line":66,"column":5}}},"18":{"name":"(anonymous_18)","decl":{"start":{"line":65,"column":34},"end":{"line":65,"column":35}},"loc":{"start":{"line":65,"column":46},"end":{"line":65,"column":84}}},"19":{"name":"(anonymous_19)","decl":{"start":{"line":68,"column":20},"end":{"line":68,"column":21}},"loc":{"start":{"line":68,"column":41},"end":{"line":70,"column":5}}},"20":{"name":"(anonymous_20)","decl":{"start":{"line":69,"column":34},"end":{"line":69,"column":35}},"loc":{"start":{"line":69,"column":46},"end":{"line":69,"column":90}}},"21":{"name":"(anonymous_21)","decl":{"start":{"line":72,"column":18},"end":{"line":72,"column":19}},"loc":{"start":{"line":72,"column":54},"end":{"line":74,"column":5}}},"22":{"name":"(anonymous_22)","decl":{"start":{"line":73,"column":34},"end":{"line":73,"column":35}},"loc":{"start":{"line":73,"column":46},"end":{"line":73,"column":95}}},"23":{"name":"(anonymous_23)","decl":{"start":{"line":76,"column":17},"end":{"line":76,"column":18}},"loc":{"start":{"line":76,"column":57},"end":{"line":78,"column":5}}},"24":{"name":"(anonymous_24)","decl":{"start":{"line":77,"column":34},"end":{"line":77,"column":35}},"loc":{"start":{"line":77,"column":46},"end":{"line":77,"column":98}}},"25":{"name":"(anonymous_25)","decl":{"start":{"line":80,"column":17},"end":{"line":80,"column":18}},"loc":{"start":{"line":80,"column":57},"end":{"line":82,"column":5}}},"26":{"name":"(anonymous_26)","decl":{"start":{"line":81,"column":34},"end":{"line":81,"column":35}},"loc":{"start":{"line":81,"column":46},"end":{"line":81,"column":98}}},"27":{"name":"(anonymous_27)","decl":{"start":{"line":84,"column":23},"end":{"line":84,"column":24}},"loc":{"start":{"line":84,"column":63},"end":{"line":86,"column":5}}},"28":{"name":"(anonymous_28)","decl":{"start":{"line":85,"column":34},"end":{"line":85,"column":35}},"loc":{"start":{"line":85,"column":46},"end":{"line":85,"column":104}}},"29":{"name":"(anonymous_29)","decl":{"start":{"line":88,"column":19},"end":{"line":88,"column":20}},"loc":{"start":{"line":88,"column":88},"end":{"line":90,"column":5}}},"30":{"name":"(anonymous_30)","decl":{"start":{"line":89,"column":34},"end":{"line":89,"column":35}},"loc":{"start":{"line":89,"column":46},"end":{"line":89,"column":121}}},"31":{"name":"(anonymous_31)","decl":{"start":{"line":92,"column":15},"end":{"line":92,"column":16}},"loc":{"start":{"line":92,"column":36},"end":{"line":94,"column":5}}},"32":{"name":"(anonymous_32)","decl":{"start":{"line":93,"column":34},"end":{"line":93,"column":35}},"loc":{"start":{"line":93,"column":46},"end":{"line":93,"column":85}}},"33":{"name":"(anonymous_33)","decl":{"start":{"line":96,"column":13},"end":{"line":96,"column":14}},"loc":{"start":{"line":96,"column":53},"end":{"line":98,"column":5}}},"34":{"name":"(anonymous_34)","decl":{"start":{"line":97,"column":34},"end":{"line":97,"column":35}},"loc":{"start":{"line":97,"column":46},"end":{"line":97,"column":89}}},"35":{"name":"(anonymous_35)","decl":{"start":{"line":100,"column":14},"end":{"line":100,"column":15}},"loc":{"start":{"line":100,"column":54},"end":{"line":102,"column":5}}},"36":{"name":"(anonymous_36)","decl":{"start":{"line":101,"column":34},"end":{"line":101,"column":35}},"loc":{"start":{"line":101,"column":46},"end":{"line":101,"column":104}}},"37":{"name":"(anonymous_37)","decl":{"start":{"line":104,"column":19},"end":{"line":104,"column":20}},"loc":{"start":{"line":104,"column":87},"end":{"line":106,"column":5}}},"38":{"name":"(anonymous_38)","decl":{"start":{"line":105,"column":34},"end":{"line":105,"column":35}},"loc":{"start":{"line":105,"column":46},"end":{"line":105,"column":107}}},"39":{"name":"(anonymous_39)","decl":{"start":{"line":108,"column":18},"end":{"line":108,"column":19}},"loc":{"start":{"line":108,"column":86},"end":{"line":110,"column":5}}},"40":{"name":"(anonymous_40)","decl":{"start":{"line":109,"column":34},"end":{"line":109,"column":35}},"loc":{"start":{"line":109,"column":46},"end":{"line":109,"column":120}}},"41":{"name":"(anonymous_41)","decl":{"start":{"line":112,"column":17},"end":{"line":112,"column":18}},"loc":{"start":{"line":112,"column":132},"end":{"line":117,"column":5}}},"42":{"name":"(anonymous_42)","decl":{"start":{"line":113,"column":34},"end":{"line":113,"column":35}},"loc":{"start":{"line":113,"column":46},"end":{"line":116,"column":10}}},"43":{"name":"(anonymous_43)","decl":{"start":{"line":119,"column":16},"end":{"line":119,"column":17}},"loc":{"start":{"line":119,"column":54},"end":{"line":121,"column":5}}},"44":{"name":"(anonymous_44)","decl":{"start":{"line":120,"column":34},"end":{"line":120,"column":35}},"loc":{"start":{"line":120,"column":46},"end":{"line":120,"column":104}}},"45":{"name":"(anonymous_45)","decl":{"start":{"line":123,"column":18},"end":{"line":123,"column":19}},"loc":{"start":{"line":123,"column":30},"end":{"line":123,"column":95}}},"46":{"name":"(anonymous_46)","decl":{"start":{"line":123,"column":49},"end":{"line":123,"column":50}},"loc":{"start":{"line":123,"column":61},"end":{"line":123,"column":94}}},"47":{"name":"(anonymous_47)","decl":{"start":{"line":125,"column":24},"end":{"line":125,"column":25}},"loc":{"start":{"line":125,"column":53},"end":{"line":125,"column":128}}},"48":{"name":"(anonymous_48)","decl":{"start":{"line":125,"column":72},"end":{"line":125,"column":73}},"loc":{"start":{"line":125,"column":84},"end":{"line":125,"column":127}}},"49":{"name":"(anonymous_49)","decl":{"start":{"line":127,"column":18},"end":{"line":127,"column":19}},"loc":{"start":{"line":127,"column":47},"end":{"line":127,"column":116}}},"50":{"name":"(anonymous_50)","decl":{"start":{"line":127,"column":66},"end":{"line":127,"column":67}},"loc":{"start":{"line":127,"column":78},"end":{"line":127,"column":115}}},"51":{"name":"(anonymous_51)","decl":{"start":{"line":129,"column":22},"end":{"line":129,"column":23}},"loc":{"start":{"line":129,"column":51},"end":{"line":129,"column":130}}},"52":{"name":"(anonymous_52)","decl":{"start":{"line":129,"column":70},"end":{"line":129,"column":71}},"loc":{"start":{"line":129,"column":82},"end":{"line":129,"column":129}}},"53":{"name":"(anonymous_53)","decl":{"start":{"line":131,"column":16},"end":{"line":131,"column":17}},"loc":{"start":{"line":131,"column":45},"end":{"line":131,"column":118}}},"54":{"name":"(anonymous_54)","decl":{"start":{"line":131,"column":64},"end":{"line":131,"column":65}},"loc":{"start":{"line":131,"column":76},"end":{"line":131,"column":117}}},"55":{"name":"(anonymous_55)","decl":{"start":{"line":137,"column":12},"end":{"line":137,"column":13}},"loc":{"start":{"line":137,"column":33},"end":{"line":139,"column":5}}},"56":{"name":"(anonymous_56)","decl":{"start":{"line":138,"column":34},"end":{"line":138,"column":35}},"loc":{"start":{"line":138,"column":46},"end":{"line":138,"column":98}}},"57":{"name":"(anonymous_57)","decl":{"start":{"line":142,"column":14},"end":{"line":142,"column":15}},"loc":{"start":{"line":142,"column":20},"end":{"line":159,"column":5}}},"58":{"name":"(anonymous_58)","decl":{"start":{"line":143,"column":34},"end":{"line":143,"column":35}},"loc":{"start":{"line":143,"column":46},"end":{"line":158,"column":9}}},"59":{"name":"(anonymous_59)","decl":{"start":{"line":144,"column":51},"end":{"line":144,"column":52}},"loc":{"start":{"line":144,"column":61},"end":{"line":157,"column":13}}},"60":{"name":"(anonymous_60)","decl":{"start":{"line":166,"column":15},"end":{"line":166,"column":16}},"loc":{"start":{"line":166,"column":51},"end":{"line":177,"column":5}}},"61":{"name":"(anonymous_61)","decl":{"start":{"line":167,"column":34},"end":{"line":167,"column":35}},"loc":{"start":{"line":167,"column":46},"end":{"line":176,"column":9}}},"62":{"name":"(anonymous_62)","decl":{"start":{"line":168,"column":86},"end":{"line":168,"column":87}},"loc":{"start":{"line":168,"column":92},"end":{"line":175,"column":13}}},"63":{"name":"(anonymous_63)","decl":{"start":{"line":169,"column":54},"end":{"line":169,"column":55}},"loc":{"start":{"line":169,"column":60},"end":{"line":174,"column":17}}},"64":{"name":"(anonymous_64)","decl":{"start":{"line":184,"column":16},"end":{"line":184,"column":17}},"loc":{"start":{"line":184,"column":52},"end":{"line":193,"column":5}}},"65":{"name":"(anonymous_65)","decl":{"start":{"line":186,"column":31},"end":{"line":186,"column":32}},"loc":{"start":{"line":186,"column":42},"end":{"line":186,"column":56}}},"66":{"name":"(anonymous_66)","decl":{"start":{"line":188,"column":34},"end":{"line":188,"column":35}},"loc":{"start":{"line":188,"column":46},"end":{"line":192,"column":9}}},"67":{"name":"(anonymous_67)","decl":{"start":{"line":189,"column":89},"end":{"line":189,"column":90}},"loc":{"start":{"line":189,"column":95},"end":{"line":191,"column":13}}},"68":{"name":"(anonymous_68)","decl":{"start":{"line":200,"column":21},"end":{"line":200,"column":22}},"loc":{"start":{"line":200,"column":74},"end":{"line":218,"column":5}}},"69":{"name":"(anonymous_69)","decl":{"start":{"line":201,"column":27},"end":{"line":201,"column":28}},"loc":{"start":{"line":201,"column":39},"end":{"line":217,"column":9}}},"70":{"name":"(anonymous_70)","decl":{"start":{"line":202,"column":40},"end":{"line":202,"column":41}},"loc":{"start":{"line":202,"column":59},"end":{"line":216,"column":13}}},"71":{"name":"(anonymous_71)","decl":{"start":{"line":207,"column":41},"end":{"line":207,"column":42}},"loc":{"start":{"line":207,"column":46},"end":{"line":215,"column":17}}},"72":{"name":"(anonymous_72)","decl":{"start":{"line":209,"column":83},"end":{"line":209,"column":84}},"loc":{"start":{"line":209,"column":91},"end":{"line":211,"column":25}}},"73":{"name":"(anonymous_73)","decl":{"start":{"line":221,"column":24},"end":{"line":221,"column":25}},"loc":{"start":{"line":221,"column":38},"end":{"line":240,"column":5}}},"74":{"name":"(anonymous_74)","decl":{"start":{"line":222,"column":27},"end":{"line":222,"column":28}},"loc":{"start":{"line":222,"column":39},"end":{"line":239,"column":9}}},"75":{"name":"(anonymous_75)","decl":{"start":{"line":223,"column":51},"end":{"line":223,"column":52}},"loc":{"start":{"line":223,"column":64},"end":{"line":238,"column":13}}},"76":{"name":"(anonymous_76)","decl":{"start":{"line":243,"column":24},"end":{"line":243,"column":25}},"loc":{"start":{"line":243,"column":38},"end":{"line":273,"column":5}}},"77":{"name":"(anonymous_77)","decl":{"start":{"line":244,"column":27},"end":{"line":244,"column":28}},"loc":{"start":{"line":244,"column":39},"end":{"line":272,"column":9}}},"78":{"name":"(anonymous_78)","decl":{"start":{"line":245,"column":46},"end":{"line":245,"column":47}},"loc":{"start":{"line":245,"column":59},"end":{"line":271,"column":13}}},"79":{"name":"(anonymous_79)","decl":{"start":{"line":257,"column":46},"end":{"line":257,"column":47}},"loc":{"start":{"line":257,"column":55},"end":{"line":268,"column":25}}},"80":{"name":"(anonymous_80)","decl":{"start":{"line":258,"column":58},"end":{"line":258,"column":59}},"loc":{"start":{"line":258,"column":69},"end":{"line":267,"column":29}}},"81":{"name":"(anonymous_81)","decl":{"start":{"line":260,"column":53},"end":{"line":260,"column":54}},"loc":{"start":{"line":260,"column":61},"end":{"line":266,"column":33}}},"82":{"name":"(anonymous_82)","decl":{"start":{"line":262,"column":59},"end":{"line":262,"column":60}},"loc":{"start":{"line":262,"column":69},"end":{"line":265,"column":37}}},"83":{"name":"(anonymous_83)","decl":{"start":{"line":275,"column":23},"end":{"line":275,"column":24}},"loc":{"start":{"line":275,"column":51},"end":{"line":291,"column":5}}},"84":{"name":"(anonymous_84)","decl":{"start":{"line":277,"column":34},"end":{"line":277,"column":35}},"loc":{"start":{"line":277,"column":46},"end":{"line":290,"column":9}}},"85":{"name":"(anonymous_85)","decl":{"start":{"line":278,"column":79},"end":{"line":278,"column":80}},"loc":{"start":{"line":278,"column":89},"end":{"line":289,"column":13}}},"86":{"name":"(anonymous_86)","decl":{"start":{"line":299,"column":17},"end":{"line":299,"column":18}},"loc":{"start":{"line":299,"column":87},"end":{"line":320,"column":5}}},"87":{"name":"(anonymous_87)","decl":{"start":{"line":301,"column":31},"end":{"line":301,"column":32}},"loc":{"start":{"line":301,"column":42},"end":{"line":301,"column":55}}},"88":{"name":"(anonymous_88)","decl":{"start":{"line":304,"column":23},"end":{"line":304,"column":24}},"loc":{"start":{"line":304,"column":41},"end":{"line":314,"column":9}}},"89":{"name":"(anonymous_89)","decl":{"start":{"line":305,"column":56},"end":{"line":305,"column":57}},"loc":{"start":{"line":305,"column":62},"end":{"line":313,"column":13}}},"90":{"name":"(anonymous_90)","decl":{"start":{"line":306,"column":42},"end":{"line":306,"column":43}},"loc":{"start":{"line":306,"column":54},"end":{"line":312,"column":17}}},"91":{"name":"(anonymous_91)","decl":{"start":{"line":307,"column":97},"end":{"line":307,"column":98}},"loc":{"start":{"line":307,"column":103},"end":{"line":311,"column":21}}},"92":{"name":"(anonymous_92)","decl":{"start":{"line":310,"column":106},"end":{"line":310,"column":107}},"loc":{"start":{"line":310,"column":112},"end":{"line":310,"column":116}}},"93":{"name":"(anonymous_93)","decl":{"start":{"line":313,"column":15},"end":{"line":313,"column":16}},"loc":{"start":{"line":313,"column":24},"end":{"line":313,"column":29}}},"94":{"name":"(anonymous_94)","decl":{"start":{"line":317,"column":50},"end":{"line":317,"column":51}},"loc":{"start":{"line":317,"column":59},"end":{"line":319,"column":9}}},"95":{"name":"(anonymous_95)","decl":{"start":{"line":318,"column":48},"end":{"line":318,"column":49}},"loc":{"start":{"line":318,"column":64},"end":{"line":318,"column":86}}},"96":{"name":"(anonymous_96)","decl":{"start":{"line":319,"column":11},"end":{"line":319,"column":12}},"loc":{"start":{"line":319,"column":20},"end":{"line":319,"column":40}}},"97":{"name":"(anonymous_97)","decl":{"start":{"line":327,"column":19},"end":{"line":327,"column":20}},"loc":{"start":{"line":327,"column":40},"end":{"line":339,"column":5}}},"98":{"name":"(anonymous_98)","decl":{"start":{"line":328,"column":27},"end":{"line":328,"column":28}},"loc":{"start":{"line":328,"column":48},"end":{"line":338,"column":9}}},"99":{"name":"(anonymous_99)","decl":{"start":{"line":333,"column":50},"end":{"line":333,"column":51}},"loc":{"start":{"line":333,"column":56},"end":{"line":335,"column":13}}},"100":{"name":"(anonymous_100)","decl":{"start":{"line":335,"column":21},"end":{"line":335,"column":22}},"loc":{"start":{"line":335,"column":26},"end":{"line":337,"column":13}}},"101":{"name":"(anonymous_101)","decl":{"start":{"line":346,"column":19},"end":{"line":346,"column":20}},"loc":{"start":{"line":346,"column":40},"end":{"line":358,"column":5}}},"102":{"name":"(anonymous_102)","decl":{"start":{"line":347,"column":27},"end":{"line":347,"column":28}},"loc":{"start":{"line":347,"column":48},"end":{"line":357,"column":9}}},"103":{"name":"(anonymous_103)","decl":{"start":{"line":352,"column":50},"end":{"line":352,"column":51}},"loc":{"start":{"line":352,"column":56},"end":{"line":354,"column":13}}},"104":{"name":"(anonymous_104)","decl":{"start":{"line":354,"column":21},"end":{"line":354,"column":22}},"loc":{"start":{"line":354,"column":26},"end":{"line":356,"column":13}}},"105":{"name":"(anonymous_105)","decl":{"start":{"line":363,"column":23},"end":{"line":363,"column":24}},"loc":{"start":{"line":363,"column":37},"end":{"line":382,"column":5}}},"106":{"name":"(anonymous_106)","decl":{"start":{"line":364,"column":27},"end":{"line":364,"column":28}},"loc":{"start":{"line":364,"column":39},"end":{"line":381,"column":9}}},"107":{"name":"(anonymous_107)","decl":{"start":{"line":365,"column":44},"end":{"line":365,"column":45}},"loc":{"start":{"line":365,"column":63},"end":{"line":380,"column":13}}},"108":{"name":"(anonymous_108)","decl":{"start":{"line":369,"column":68},"end":{"line":369,"column":69}},"loc":{"start":{"line":369,"column":77},"end":{"line":379,"column":17}}},"109":{"name":"(anonymous_109)","decl":{"start":{"line":370,"column":50},"end":{"line":370,"column":51}},"loc":{"start":{"line":370,"column":61},"end":{"line":378,"column":21}}},"110":{"name":"(anonymous_110)","decl":{"start":{"line":371,"column":47},"end":{"line":371,"column":48}},"loc":{"start":{"line":371,"column":57},"end":{"line":377,"column":25}}}},"branchMap":{"0":{"loc":{"start":{"line":125,"column":35},"end":{"line":125,"column":48}},"type":"default-arg","locations":[{"start":{"line":125,"column":44},"end":{"line":125,"column":48}}]},"1":{"loc":{"start":{"line":127,"column":29},"end":{"line":127,"column":42}},"type":"default-arg","locations":[{"start":{"line":127,"column":38},"end":{"line":127,"column":42}}]},"2":{"loc":{"start":{"line":129,"column":33},"end":{"line":129,"column":46}},"type":"default-arg","locations":[{"start":{"line":129,"column":42},"end":{"line":129,"column":46}}]},"3":{"loc":{"start":{"line":131,"column":27},"end":{"line":131,"column":40}},"type":"default-arg","locations":[{"start":{"line":131,"column":36},"end":{"line":131,"column":40}}]},"4":{"loc":{"start":{"line":149,"column":20},"end":{"line":154,"column":21}},"type":"if","locations":[{"start":{"line":149,"column":20},"end":{"line":154,"column":21}},{"start":{"line":149,"column":20},"end":{"line":154,"column":21}}]},"5":{"loc":{"start":{"line":149,"column":24},"end":{"line":149,"column":82}},"type":"binary-expr","locations":[{"start":{"line":149,"column":24},"end":{"line":149,"column":53}},{"start":{"line":149,"column":57},"end":{"line":149,"column":82}}]},"6":{"loc":{"start":{"line":170,"column":27},"end":{"line":173,"column":34}},"type":"cond-expr","locations":[{"start":{"line":170,"column":32},"end":{"line":173,"column":26}},{"start":{"line":173,"column":29},"end":{"line":173,"column":34}}]},"7":{"loc":{"start":{"line":185,"column":8},"end":{"line":187,"column":9}},"type":"if","locations":[{"start":{"line":185,"column":8},"end":{"line":187,"column":9}},{"start":{"line":185,"column":8},"end":{"line":187,"column":9}}]},"8":{"loc":{"start":{"line":203,"column":16},"end":{"line":205,"column":17}},"type":"if","locations":[{"start":{"line":203,"column":16},"end":{"line":205,"column":17}},{"start":{"line":203,"column":16},"end":{"line":205,"column":17}}]},"9":{"loc":{"start":{"line":208,"column":20},"end":{"line":214,"column":21}},"type":"if","locations":[{"start":{"line":208,"column":20},"end":{"line":214,"column":21}},{"start":{"line":208,"column":20},"end":{"line":214,"column":21}}]},"10":{"loc":{"start":{"line":227,"column":20},"end":{"line":229,"column":21}},"type":"if","locations":[{"start":{"line":227,"column":20},"end":{"line":229,"column":21}},{"start":{"line":227,"column":20},"end":{"line":229,"column":21}}]},"11":{"loc":{"start":{"line":227,"column":24},"end":{"line":227,"column":89}},"type":"binary-expr","locations":[{"start":{"line":227,"column":24},"end":{"line":227,"column":51}},{"start":{"line":227,"column":55},"end":{"line":227,"column":89}}]},"12":{"loc":{"start":{"line":233,"column":20},"end":{"line":236,"column":21}},"type":"if","locations":[{"start":{"line":233,"column":20},"end":{"line":236,"column":21}},{"start":{"line":233,"column":20},"end":{"line":236,"column":21}}]},"13":{"loc":{"start":{"line":249,"column":20},"end":{"line":251,"column":21}},"type":"if","locations":[{"start":{"line":249,"column":20},"end":{"line":251,"column":21}},{"start":{"line":249,"column":20},"end":{"line":251,"column":21}}]},"14":{"loc":{"start":{"line":249,"column":24},"end":{"line":249,"column":89}},"type":"binary-expr","locations":[{"start":{"line":249,"column":24},"end":{"line":249,"column":51}},{"start":{"line":249,"column":55},"end":{"line":249,"column":89}}]},"15":{"loc":{"start":{"line":255,"column":20},"end":{"line":269,"column":21}},"type":"if","locations":[{"start":{"line":255,"column":20},"end":{"line":269,"column":21}},{"start":{"line":255,"column":20},"end":{"line":269,"column":21}}]},"16":{"loc":{"start":{"line":283,"column":20},"end":{"line":286,"column":21}},"type":"if","locations":[{"start":{"line":283,"column":20},"end":{"line":286,"column":21}},{"start":{"line":283,"column":20},"end":{"line":286,"column":21}}]},"17":{"loc":{"start":{"line":283,"column":24},"end":{"line":284,"column":63}},"type":"binary-expr","locations":[{"start":{"line":283,"column":24},"end":{"line":283,"column":53}},{"start":{"line":283,"column":57},"end":{"line":283,"column":85}},{"start":{"line":284,"column":27},"end":{"line":284,"column":63}}]},"18":{"loc":{"start":{"line":300,"column":8},"end":{"line":302,"column":9}},"type":"if","locations":[{"start":{"line":300,"column":8},"end":{"line":302,"column":9}},{"start":{"line":300,"column":8},"end":{"line":302,"column":9}}]},"19":{"loc":{"start":{"line":300,"column":12},"end":{"line":300,"column":85}},"type":"binary-expr","locations":[{"start":{"line":300,"column":12},"end":{"line":300,"column":44}},{"start":{"line":300,"column":48},"end":{"line":300,"column":85}}]},"20":{"loc":{"start":{"line":309,"column":31},"end":{"line":310,"column":117}},"type":"cond-expr","locations":[{"start":{"line":309,"column":52},"end":{"line":309,"column":56}},{"start":{"line":310,"column":28},"end":{"line":310,"column":117}}]},"21":{"loc":{"start":{"line":329,"column":12},"end":{"line":331,"column":13}},"type":"if","locations":[{"start":{"line":329,"column":12},"end":{"line":331,"column":13}},{"start":{"line":329,"column":12},"end":{"line":331,"column":13}}]},"22":{"loc":{"start":{"line":348,"column":12},"end":{"line":350,"column":13}},"type":"if","locations":[{"start":{"line":348,"column":12},"end":{"line":350,"column":13}},{"start":{"line":348,"column":12},"end":{"line":350,"column":13}}]},"23":{"loc":{"start":{"line":366,"column":16},"end":{"line":368,"column":17}},"type":"if","locations":[{"start":{"line":366,"column":16},"end":{"line":368,"column":17}},{"start":{"line":366,"column":16},"end":{"line":368,"column":17}}]}},"s":{"0":7,"1":7,"2":7,"3":7,"4":7,"5":0,"6":0,"7":0,"8":0,"9":0,"10":0,"11":0,"12":0,"13":0,"14":0,"15":0,"16":0,"17":0,"18":0,"19":0,"20":0,"21":0,"22":0,"23":0,"24":0,"25":0,"26":0,"27":0,"28":0,"29":0,"30":0,"31":0,"32":0,"33":0,"34":0,"35":0,"36":0,"37":0,"38":0,"39":0,"40":0,"41":0,"42":0,"43":0,"44":0,"45":0,"46":0,"47":0,"48":0,"49":0,"50":0,"51":0,"52":0,"53":0,"54":0,"55":0,"56":0,"57":0,"58":4,"59":4,"60":1,"61":1,"62":1,"63":1,"64":1,"65":1,"66":1,"67":1,"68":1,"69":1,"70":1,"71":1,"72":1,"73":2,"74":1,"75":1,"76":1,"77":1,"78":1,"79":1,"80":1,"81":2,"82":0,"83":2,"84":2,"85":2,"86":2,"87":2,"88":0,"89":1,"90":1,"91":1,"92":1,"93":3,"94":2,"95":1,"96":2,"97":2,"98":2,"99":1,"100":1,"101":1,"102":1,"103":3,"104":2,"105":1,"106":2,"107":2,"108":2,"109":2,"110":2,"111":2,"112":2,"113":2,"114":2,"115":2,"116":1,"117":1,"118":1,"119":1,"120":1,"121":1,"122":1,"123":100,"124":2,"125":1,"126":1,"127":1,"128":1,"129":0,"130":0,"131":0,"132":0,"133":0,"134":0,"135":0,"136":0,"137":0,"138":0,"139":0,"140":0,"141":0,"142":0,"143":0,"144":0,"145":0,"146":0,"147":4,"148":4,"149":2,"150":4,"151":4,"152":4,"153":0,"154":1,"155":1,"156":0,"157":0,"158":0,"159":0,"160":0,"161":0},"f":{"0":7,"1":0,"2":0,"3":0,"4":0,"5":0,"6":0,"7":0,"8":0,"9":0,"10":0,"11":0,"12":0,"13":0,"14":0,"15":0,"16":0,"17":0,"18":0,"19":0,"20":0,"21":0,"22":0,"23":0,"24":0,"25":0,"26":0,"27":0,"28":0,"29":0,"30":0,"31":0,"32":0,"33":0,"34":0,"35":0,"36":0,"37":0,"38":0,"39":0,"40":0,"41":0,"42":0,"43":0,"44":0,"45":0,"46":0,"47":0,"48":0,"49":0,"50":0,"51":0,"52":0,"53":0,"54":0,"55":4,"56":4,"57":1,"58":1,"59":1,"60":1,"61":1,"62":1,"63":1,"64":2,"65":1,"66":1,"67":1,"68":1,"69":1,"70":2,"71":2,"72":2,"73":1,"74":1,"75":1,"76":1,"77":1,"78":1,"79":2,"80":2,"81":2,"82":2,"83":1,"84":1,"85":1,"86":1,"87":1,"88":0,"89":0,"90":0,"91":0,"92":0,"93":0,"94":0,"95":0,"96":0,"97":0,"98":0,"99":0,"100":0,"101":4,"102":4,"103":4,"104":0,"105":1,"106":1,"107":0,"108":0,"109":0,"110":0},"b":{"0":[0],"1":[0],"2":[0],"3":[0],"4":[1,0],"5":[1,1],"6":[1,0],"7":[1,1],"8":[0,2],"9":[2,0],"10":[2,1],"11":[3,3],"12":[2,0],"13":[2,1],"14":[3,3],"15":[2,0],"16":[2,98],"17":[100,100,100],"18":[1,0],"19":[1,0],"20":[0,0],"21":[0,0],"22":[2,2],"23":[0,0]},"_coverageSchema":"332fd63041d2c1bcb487cc26dd0d5f7d97098a6c","hash":"d46936d2a2508beaaa12b9f55819e0532e49d912"}
,"/Users/DS/Projects/ChronoMint/src/dao/AssetDAO.js": {"path":"/Users/DS/Projects/ChronoMint/src/dao/AssetDAO.js","statementMap":{"0":{"start":{"line":5,"column":8},"end":{"line":5,"column":64}},"1":{"start":{"line":9,"column":8},"end":{"line":11,"column":11}},"2":{"start":{"line":10,"column":12},"end":{"line":10,"column":41}}},"fnMap":{"0":{"name":"(anonymous_0)","decl":{"start":{"line":4,"column":4},"end":{"line":4,"column":5}},"loc":{"start":{"line":4,"column":20},"end":{"line":6,"column":5}}},"1":{"name":"(anonymous_1)","decl":{"start":{"line":8,"column":22},"end":{"line":8,"column":23}},"loc":{"start":{"line":8,"column":28},"end":{"line":12,"column":5}}},"2":{"name":"(anonymous_2)","decl":{"start":{"line":9,"column":34},"end":{"line":9,"column":35}},"loc":{"start":{"line":9,"column":46},"end":{"line":11,"column":9}}}},"branchMap":{},"s":{"0":0,"1":0,"2":0},"f":{"0":0,"1":0,"2":0},"b":{},"_coverageSchema":"332fd63041d2c1bcb487cc26dd0d5f7d97098a6c","hash":"8fc87a3faaaac9b9efeb12f4f09a2a92ef01866c"}
,"/Users/DS/Projects/ChronoMint/src/dao/EventHistoryDAO.js": {"path":"/Users/DS/Projects/ChronoMint/src/dao/EventHistoryDAO.js","statementMap":{"0":{"start":{"line":6,"column":8},"end":{"line":10,"column":11}},"1":{"start":{"line":7,"column":12},"end":{"line":9,"column":14}},"2":{"start":{"line":8,"column":16},"end":{"line":8,"column":88}}},"fnMap":{"0":{"name":"(anonymous_0)","decl":{"start":{"line":5,"column":17},"end":{"line":5,"column":18}},"loc":{"start":{"line":5,"column":56},"end":{"line":11,"column":5}}},"1":{"name":"(anonymous_1)","decl":{"start":{"line":6,"column":40},"end":{"line":6,"column":41}},"loc":{"start":{"line":6,"column":51},"end":{"line":10,"column":9}}},"2":{"name":"(anonymous_2)","decl":{"start":{"line":7,"column":31},"end":{"line":7,"column":32}},"loc":{"start":{"line":7,"column":43},"end":{"line":9,"column":13}}}},"branchMap":{},"s":{"0":0,"1":0,"2":0},"f":{"0":0,"1":0,"2":0},"b":{},"_coverageSchema":"332fd63041d2c1bcb487cc26dd0d5f7d97098a6c","hash":"d314a2f42d03ed48b75e5cb4dcccefd449fa30f3"}
,"/Users/DS/Projects/ChronoMint/src/dao/LocDAO.js": {"path":"/Users/DS/Projects/ChronoMint/src/dao/LocDAO.js","statementMap":{"0":{"start":{"line":5,"column":8},"end":{"line":5,"column":59}},"1":{"start":{"line":9,"column":8},"end":{"line":9,"column":93}},"2":{"start":{"line":9,"column":39},"end":{"line":9,"column":91}}},"fnMap":{"0":{"name":"(anonymous_0)","decl":{"start":{"line":4,"column":4},"end":{"line":4,"column":5}},"loc":{"start":{"line":4,"column":20},"end":{"line":6,"column":5}}},"1":{"name":"(anonymous_1)","decl":{"start":{"line":8,"column":19},"end":{"line":8,"column":20}},"loc":{"start":{"line":8,"column":32},"end":{"line":10,"column":5}}},"2":{"name":"(anonymous_2)","decl":{"start":{"line":9,"column":27},"end":{"line":9,"column":28}},"loc":{"start":{"line":9,"column":39},"end":{"line":9,"column":91}}}},"branchMap":{},"s":{"0":0,"1":0,"2":0},"f":{"0":0,"1":0,"2":0},"b":{},"_coverageSchema":"332fd63041d2c1bcb487cc26dd0d5f7d97098a6c","hash":"7d7265f3434ab5f11eeecf10c4d1aa7431f3676e"}
,"/Users/DS/Projects/ChronoMint/src/dao/PlatformDAO.js": {"path":"/Users/DS/Projects/ChronoMint/src/dao/PlatformDAO.js","statementMap":{"0":{"start":{"line":7,"column":8},"end":{"line":12,"column":15}},"1":{"start":{"line":9,"column":16},"end":{"line":11,"column":19}},"2":{"start":{"line":10,"column":20},"end":{"line":10,"column":72}},"3":{"start":{"line":16,"column":8},"end":{"line":23,"column":10}},"4":{"start":{"line":17,"column":12},"end":{"line":22,"column":15}},"5":{"start":{"line":18,"column":16},"end":{"line":21,"column":19}},"6":{"start":{"line":27,"column":8},"end":{"line":31,"column":11}},"7":{"start":{"line":28,"column":12},"end":{"line":30,"column":15}},"8":{"start":{"line":29,"column":16},"end":{"line":29,"column":71}},"9":{"start":{"line":35,"column":8},"end":{"line":37,"column":11}},"10":{"start":{"line":36,"column":12},"end":{"line":36,"column":80}},"11":{"start":{"line":36,"column":62},"end":{"line":36,"column":78}}},"fnMap":{"0":{"name":"(anonymous_0)","decl":{"start":{"line":6,"column":25},"end":{"line":6,"column":26}},"loc":{"start":{"line":6,"column":31},"end":{"line":13,"column":5}}},"1":{"name":"(anonymous_1)","decl":{"start":{"line":8,"column":18},"end":{"line":8,"column":19}},"loc":{"start":{"line":8,"column":25},"end":{"line":12,"column":13}}},"2":{"name":"(anonymous_2)","decl":{"start":{"line":9,"column":35},"end":{"line":9,"column":36}},"loc":{"start":{"line":9,"column":47},"end":{"line":11,"column":17}}},"3":{"name":"(anonymous_3)","decl":{"start":{"line":15,"column":17},"end":{"line":15,"column":18}},"loc":{"start":{"line":15,"column":77},"end":{"line":24,"column":5}}},"4":{"name":"(anonymous_4)","decl":{"start":{"line":16,"column":34},"end":{"line":16,"column":35}},"loc":{"start":{"line":16,"column":46},"end":{"line":23,"column":9}}},"5":{"name":"(anonymous_5)","decl":{"start":{"line":17,"column":37},"end":{"line":17,"column":38}},"loc":{"start":{"line":17,"column":52},"end":{"line":22,"column":13}}},"6":{"name":"(anonymous_6)","decl":{"start":{"line":26,"column":15},"end":{"line":26,"column":16}},"loc":{"start":{"line":26,"column":36},"end":{"line":32,"column":5}}},"7":{"name":"(anonymous_7)","decl":{"start":{"line":27,"column":40},"end":{"line":27,"column":41}},"loc":{"start":{"line":27,"column":55},"end":{"line":31,"column":9}}},"8":{"name":"(anonymous_8)","decl":{"start":{"line":28,"column":31},"end":{"line":28,"column":32}},"loc":{"start":{"line":28,"column":43},"end":{"line":30,"column":13}}},"9":{"name":"(anonymous_9)","decl":{"start":{"line":34,"column":22},"end":{"line":34,"column":23}},"loc":{"start":{"line":34,"column":28},"end":{"line":38,"column":5}}},"10":{"name":"(anonymous_10)","decl":{"start":{"line":35,"column":34},"end":{"line":35,"column":35}},"loc":{"start":{"line":35,"column":46},"end":{"line":37,"column":9}}},"11":{"name":"(anonymous_11)","decl":{"start":{"line":36,"column":53},"end":{"line":36,"column":54}},"loc":{"start":{"line":36,"column":62},"end":{"line":36,"column":78}}}},"branchMap":{},"s":{"0":0,"1":0,"2":0,"3":0,"4":0,"5":0,"6":0,"7":0,"8":0,"9":2,"10":2,"11":1},"f":{"0":0,"1":0,"2":0,"3":0,"4":0,"5":0,"6":0,"7":0,"8":0,"9":2,"10":2,"11":1},"b":{},"_coverageSchema":"332fd63041d2c1bcb487cc26dd0d5f7d97098a6c","hash":"978b35e6fad20be639e3686ee2946adb046c1923"}
,"/Users/DS/Projects/ChronoMint/src/dao/ProxyDAO.js": {"path":"/Users/DS/Projects/ChronoMint/src/dao/ProxyDAO.js","statementMap":{"0":{"start":{"line":5,"column":8},"end":{"line":5,"column":69}}},"fnMap":{"0":{"name":"(anonymous_0)","decl":{"start":{"line":4,"column":4},"end":{"line":4,"column":5}},"loc":{"start":{"line":4,"column":20},"end":{"line":6,"column":5}}}},"branchMap":{},"s":{"0":4},"f":{"0":4},"b":{},"_coverageSchema":"332fd63041d2c1bcb487cc26dd0d5f7d97098a6c","hash":"cbc8934f00cadc479ee3364d2eabcc1475655db9"}
,"/Users/DS/Projects/ChronoMint/src/models/AssetModel.js": {"path":"/Users/DS/Projects/ChronoMint/src/models/AssetModel.js","statementMap":{"0":{"start":{"line":9,"column":8},"end":{"line":9,"column":35}},"1":{"start":{"line":13,"column":8},"end":{"line":13,"column":36}}},"fnMap":{"0":{"name":"(anonymous_0)","decl":{"start":{"line":8,"column":20},"end":{"line":8,"column":21}},"loc":{"start":{"line":8,"column":26},"end":{"line":10,"column":5}}},"1":{"name":"(anonymous_1)","decl":{"start":{"line":12,"column":21},"end":{"line":12,"column":22}},"loc":{"start":{"line":12,"column":27},"end":{"line":14,"column":5}}}},"branchMap":{},"s":{"0":0,"1":1},"f":{"0":0,"1":1},"b":{},"_coverageSchema":"332fd63041d2c1bcb487cc26dd0d5f7d97098a6c","hash":"8a12a32f1424866290ffa9a42c6a6a031c6ca4fd"}
,"/Users/DS/Projects/ChronoMint/src/models/CBEModel.js": {"path":"/Users/DS/Projects/ChronoMint/src/models/CBEModel.js","statementMap":{"0":{"start":{"line":6,"column":8},"end":{"line":6,"column":68}}},"fnMap":{"0":{"name":"(anonymous_0)","decl":{"start":{"line":5,"column":4},"end":{"line":5,"column":5}},"loc":{"start":{"line":5,"column":11},"end":{"line":7,"column":5}}}},"branchMap":{"0":{"loc":{"start":{"line":6,"column":15},"end":{"line":6,"column":67}},"type":"cond-expr","locations":[{"start":{"line":6,"column":34},"end":{"line":6,"column":50}},{"start":{"line":6,"column":53},"end":{"line":6,"column":67}}]}},"s":{"0":1},"f":{"0":1},"b":{"0":[1,0]},"_coverageSchema":"332fd63041d2c1bcb487cc26dd0d5f7d97098a6c","hash":"07c9d383cd78e1f90a64c018db7e25a380e775c5"}
,"/Users/DS/Projects/ChronoMint/src/models/CompletedOperation.js": {"path":"/Users/DS/Projects/ChronoMint/src/models/CompletedOperation.js","statementMap":{},"fnMap":{},"branchMap":{},"s":{},"f":{},"b":{},"_coverageSchema":"332fd63041d2c1bcb487cc26dd0d5f7d97098a6c","hash":"d7cd0ba2b8282e7567960c421987ec058eec820a"}
,"/Users/DS/Projects/ChronoMint/src/models/ContractModel.js": {"path":"/Users/DS/Projects/ChronoMint/src/models/ContractModel.js","statementMap":{"0":{"start":{"line":4,"column":30},"end":{"line":16,"column":1}},"1":{"start":{"line":4,"column":47},"end":{"line":16,"column":1}},"2":{"start":{"line":10,"column":8},"end":{"line":10,"column":32}},"3":{"start":{"line":14,"column":8},"end":{"line":14,"column":35}}},"fnMap":{"0":{"name":"(anonymous_0)","decl":{"start":{"line":4,"column":30},"end":{"line":4,"column":31}},"loc":{"start":{"line":4,"column":47},"end":{"line":16,"column":1}}},"1":{"name":"(anonymous_1)","decl":{"start":{"line":9,"column":4},"end":{"line":9,"column":5}},"loc":{"start":{"line":9,"column":11},"end":{"line":11,"column":5}}},"2":{"name":"(anonymous_2)","decl":{"start":{"line":13,"column":4},"end":{"line":13,"column":5}},"loc":{"start":{"line":13,"column":14},"end":{"line":15,"column":5}}}},"branchMap":{},"s":{"0":7,"1":21,"2":2,"3":24},"f":{"0":21,"1":2,"2":24},"b":{},"_coverageSchema":"332fd63041d2c1bcb487cc26dd0d5f7d97098a6c","hash":"f079158d0ead45ef5424fa85977d5bc57cef413f"}
,"/Users/DS/Projects/ChronoMint/src/models/LOCModel.js": {"path":"/Users/DS/Projects/ChronoMint/src/models/LOCModel.js","statementMap":{"0":{"start":{"line":15,"column":8},"end":{"line":15,"column":49}},"1":{"start":{"line":18,"column":8},"end":{"line":18,"column":46}}},"fnMap":{"0":{"name":"(anonymous_0)","decl":{"start":{"line":14,"column":4},"end":{"line":14,"column":5}},"loc":{"start":{"line":14,"column":17},"end":{"line":16,"column":5}}},"1":{"name":"(anonymous_1)","decl":{"start":{"line":17,"column":4},"end":{"line":17,"column":5}},"loc":{"start":{"line":17,"column":14},"end":{"line":19,"column":5}}}},"branchMap":{},"s":{"0":0,"1":0},"f":{"0":0,"1":0},"b":{},"_coverageSchema":"332fd63041d2c1bcb487cc26dd0d5f7d97098a6c","hash":"7c6bf110856cda2f0f58500f9102885998bd5d57"}
,"/Users/DS/Projects/ChronoMint/src/models/Operation.js": {"path":"/Users/DS/Projects/ChronoMint/src/models/Operation.js","statementMap":{"0":{"start":{"line":4,"column":22},"end":{"line":4,"column":149}},"1":{"start":{"line":5,"column":19},"end":{"line":5,"column":104}},"2":{"start":{"line":16,"column":19},"end":{"line":16,"column":35}},"3":{"start":{"line":18,"column":8},"end":{"line":20,"column":9}},"4":{"start":{"line":19,"column":12},"end":{"line":19,"column":32}},"5":{"start":{"line":22,"column":8},"end":{"line":22,"column":31}},"6":{"start":{"line":24,"column":8},"end":{"line":26,"column":9}},"7":{"start":{"line":25,"column":12},"end":{"line":25,"column":34}},"8":{"start":{"line":28,"column":8},"end":{"line":28,"column":32}},"9":{"start":{"line":32,"column":8},"end":{"line":32,"column":45}},"10":{"start":{"line":36,"column":19},"end":{"line":36,"column":35}},"11":{"start":{"line":37,"column":19},"end":{"line":37,"column":36}},"12":{"start":{"line":38,"column":8},"end":{"line":38,"column":43}},"13":{"start":{"line":42,"column":19},"end":{"line":42,"column":35}},"14":{"start":{"line":43,"column":8},"end":{"line":43,"column":41}},"15":{"start":{"line":47,"column":19},"end":{"line":47,"column":35}},"16":{"start":{"line":48,"column":22},"end":{"line":48,"column":36}},"17":{"start":{"line":49,"column":22},"end":{"line":49,"column":47}},"18":{"start":{"line":50,"column":8},"end":{"line":53,"column":9}},"19":{"start":{"line":51,"column":12},"end":{"line":51,"column":64}},"20":{"start":{"line":51,"column":43},"end":{"line":51,"column":61}},"21":{"start":{"line":52,"column":12},"end":{"line":52,"column":38}},"22":{"start":{"line":54,"column":8},"end":{"line":54,"column":18}}},"fnMap":{"0":{"name":"(anonymous_0)","decl":{"start":{"line":15,"column":4},"end":{"line":15,"column":5}},"loc":{"start":{"line":15,"column":11},"end":{"line":29,"column":5}}},"1":{"name":"(anonymous_1)","decl":{"start":{"line":31,"column":4},"end":{"line":31,"column":5}},"loc":{"start":{"line":31,"column":13},"end":{"line":33,"column":5}}},"2":{"name":"(anonymous_2)","decl":{"start":{"line":35,"column":4},"end":{"line":35,"column":5}},"loc":{"start":{"line":35,"column":19},"end":{"line":39,"column":5}}},"3":{"name":"(anonymous_3)","decl":{"start":{"line":41,"column":4},"end":{"line":41,"column":5}},"loc":{"start":{"line":41,"column":20},"end":{"line":44,"column":5}}},"4":{"name":"(anonymous_4)","decl":{"start":{"line":46,"column":4},"end":{"line":46,"column":5}},"loc":{"start":{"line":46,"column":19},"end":{"line":55,"column":5}}},"5":{"name":"(anonymous_5)","decl":{"start":{"line":51,"column":35},"end":{"line":51,"column":36}},"loc":{"start":{"line":51,"column":43},"end":{"line":51,"column":61}}}},"branchMap":{"0":{"loc":{"start":{"line":18,"column":8},"end":{"line":20,"column":9}},"type":"if","locations":[{"start":{"line":18,"column":8},"end":{"line":20,"column":9}},{"start":{"line":18,"column":8},"end":{"line":20,"column":9}}]},"1":{"loc":{"start":{"line":24,"column":8},"end":{"line":26,"column":9}},"type":"if","locations":[{"start":{"line":24,"column":8},"end":{"line":26,"column":9}},{"start":{"line":24,"column":8},"end":{"line":26,"column":9}}]},"2":{"loc":{"start":{"line":38,"column":15},"end":{"line":38,"column":42}},"type":"binary-expr","locations":[{"start":{"line":38,"column":15},"end":{"line":38,"column":34}},{"start":{"line":38,"column":38},"end":{"line":38,"column":42}}]},"3":{"loc":{"start":{"line":50,"column":8},"end":{"line":53,"column":9}},"type":"if","locations":[{"start":{"line":50,"column":8},"end":{"line":53,"column":9}},{"start":{"line":50,"column":8},"end":{"line":53,"column":9}}]}},"s":{"0":7,"1":7,"2":0,"3":0,"4":0,"5":0,"6":0,"7":0,"8":0,"9":0,"10":2,"11":2,"12":2,"13":0,"14":0,"15":0,"16":0,"17":0,"18":0,"19":0,"20":0,"21":0,"22":0},"f":{"0":0,"1":0,"2":2,"3":0,"4":0,"5":0},"b":{"0":[0,0],"1":[0,0],"2":[2,0],"3":[0,0]},"_coverageSchema":"332fd63041d2c1bcb487cc26dd0d5f7d97098a6c","hash":"a6adf83de75b13efa05557189b9680a2ea945fee"}
,"/Users/DS/Projects/ChronoMint/src/models/OperationsProps.js": {"path":"/Users/DS/Projects/ChronoMint/src/models/OperationsProps.js","statementMap":{"0":{"start":{"line":8,"column":8},"end":{"line":8,"column":57}}},"fnMap":{"0":{"name":"(anonymous_0)","decl":{"start":{"line":7,"column":4},"end":{"line":7,"column":5}},"loc":{"start":{"line":7,"column":25},"end":{"line":9,"column":5}}}},"branchMap":{},"s":{"0":1},"f":{"0":1},"b":{},"_coverageSchema":"332fd63041d2c1bcb487cc26dd0d5f7d97098a6c","hash":"98071ec63e56e3cf9688572dafcde0063e18f9d2"}
,"/Users/DS/Projects/ChronoMint/src/models/PendingOperation.js": {"path":"/Users/DS/Projects/ChronoMint/src/models/PendingOperation.js","statementMap":{},"fnMap":{},"branchMap":{},"s":{},"f":{},"b":{},"_coverageSchema":"332fd63041d2c1bcb487cc26dd0d5f7d97098a6c","hash":"9a7c38f66e8d7b1fda74a9a9421d7245bf0e32e5"}
,"/Users/DS/Projects/ChronoMint/src/models/TokenContractModel.js": {"path":"/Users/DS/Projects/ChronoMint/src/models/TokenContractModel.js","statementMap":{"0":{"start":{"line":10,"column":8},"end":{"line":10,"column":54}},"1":{"start":{"line":14,"column":8},"end":{"line":14,"column":33}},"2":{"start":{"line":18,"column":8},"end":{"line":18,"column":34}},"3":{"start":{"line":22,"column":8},"end":{"line":22,"column":39}}},"fnMap":{"0":{"name":"(anonymous_0)","decl":{"start":{"line":9,"column":4},"end":{"line":9,"column":5}},"loc":{"start":{"line":9,"column":12},"end":{"line":11,"column":5}}},"1":{"name":"(anonymous_1)","decl":{"start":{"line":13,"column":4},"end":{"line":13,"column":5}},"loc":{"start":{"line":13,"column":19},"end":{"line":15,"column":5}}},"2":{"name":"(anonymous_2)","decl":{"start":{"line":17,"column":4},"end":{"line":17,"column":5}},"loc":{"start":{"line":17,"column":13},"end":{"line":19,"column":5}}},"3":{"name":"(anonymous_3)","decl":{"start":{"line":21,"column":4},"end":{"line":21,"column":5}},"loc":{"start":{"line":21,"column":18},"end":{"line":23,"column":5}}}},"branchMap":{},"s":{"0":4,"1":0,"2":9,"3":1},"f":{"0":4,"1":0,"2":9,"3":1},"b":{},"_coverageSchema":"332fd63041d2c1bcb487cc26dd0d5f7d97098a6c","hash":"9e144adc80ad62f3017ad13f7524f91509dd18c7"}
,"/Users/DS/Projects/ChronoMint/src/models/notices/CBENoticeModel.js": {"path":"/Users/DS/Projects/ChronoMint/src/models/notices/CBENoticeModel.js","statementMap":{"0":{"start":{"line":9,"column":8},"end":{"line":12,"column":11}},"1":{"start":{"line":16,"column":8},"end":{"line":16,"column":113}}},"fnMap":{"0":{"name":"(anonymous_0)","decl":{"start":{"line":8,"column":4},"end":{"line":8,"column":5}},"loc":{"start":{"line":8,"column":22},"end":{"line":13,"column":5}}},"1":{"name":"(anonymous_1)","decl":{"start":{"line":15,"column":4},"end":{"line":15,"column":5}},"loc":{"start":{"line":15,"column":14},"end":{"line":17,"column":5}}}},"branchMap":{"0":{"loc":{"start":{"line":11,"column":17},"end":{"line":11,"column":81}},"type":"cond-expr","locations":[{"start":{"line":11,"column":48},"end":{"line":11,"column":56}},{"start":{"line":11,"column":59},"end":{"line":11,"column":81}}]},"1":{"loc":{"start":{"line":16,"column":59},"end":{"line":16,"column":111}},"type":"cond-expr","locations":[{"start":{"line":16,"column":80},"end":{"line":16,"column":94}},{"start":{"line":16,"column":97},"end":{"line":16,"column":111}}]}},"s":{"0":4,"1":0},"f":{"0":4,"1":0},"b":{"0":[2,2],"1":[0,0]},"_coverageSchema":"332fd63041d2c1bcb487cc26dd0d5f7d97098a6c","hash":"484df6e9fdd37e95495febf478f5adad868d6af0"}
,"/Users/DS/Projects/ChronoMint/src/models/notices/LOCNoticeModel.js": {"path":"/Users/DS/Projects/ChronoMint/src/models/notices/LOCNoticeModel.js","statementMap":{"0":{"start":{"line":8,"column":8},"end":{"line":11,"column":11}},"1":{"start":{"line":15,"column":8},"end":{"line":15,"column":73}}},"fnMap":{"0":{"name":"(anonymous_0)","decl":{"start":{"line":7,"column":4},"end":{"line":7,"column":5}},"loc":{"start":{"line":7,"column":22},"end":{"line":12,"column":5}}},"1":{"name":"(anonymous_1)","decl":{"start":{"line":14,"column":4},"end":{"line":14,"column":5}},"loc":{"start":{"line":14,"column":14},"end":{"line":16,"column":5}}}},"branchMap":{"0":{"loc":{"start":{"line":10,"column":17},"end":{"line":10,"column":81}},"type":"cond-expr","locations":[{"start":{"line":10,"column":48},"end":{"line":10,"column":56}},{"start":{"line":10,"column":59},"end":{"line":10,"column":81}}]}},"s":{"0":0,"1":0},"f":{"0":0,"1":0},"b":{"0":[0,0]},"_coverageSchema":"332fd63041d2c1bcb487cc26dd0d5f7d97098a6c","hash":"2f525ba7d31911942259a280503d0be480715f67"}
,"/Users/DS/Projects/ChronoMint/src/models/notices/NoticeModel.js": {"path":"/Users/DS/Projects/ChronoMint/src/models/notices/NoticeModel.js","statementMap":{"0":{"start":{"line":6,"column":28},"end":{"line":28,"column":1}},"1":{"start":{"line":6,"column":45},"end":{"line":28,"column":1}},"2":{"start":{"line":12,"column":8},"end":{"line":12,"column":35}},"3":{"start":{"line":16,"column":19},"end":{"line":16,"column":45}},"4":{"start":{"line":17,"column":8},"end":{"line":17,"column":109}},"5":{"start":{"line":21,"column":8},"end":{"line":26,"column":10}}},"fnMap":{"0":{"name":"(anonymous_0)","decl":{"start":{"line":6,"column":28},"end":{"line":6,"column":29}},"loc":{"start":{"line":6,"column":45},"end":{"line":28,"column":1}}},"1":{"name":"(anonymous_1)","decl":{"start":{"line":11,"column":4},"end":{"line":11,"column":5}},"loc":{"start":{"line":11,"column":14},"end":{"line":13,"column":5}}},"2":{"name":"(anonymous_2)","decl":{"start":{"line":15,"column":4},"end":{"line":15,"column":5}},"loc":{"start":{"line":15,"column":11},"end":{"line":18,"column":5}}},"3":{"name":"(anonymous_3)","decl":{"start":{"line":20,"column":4},"end":{"line":20,"column":5}},"loc":{"start":{"line":20,"column":19},"end":{"line":27,"column":5}}}},"branchMap":{},"s":{"0":5,"1":25,"2":0,"3":0,"4":0,"5":0},"f":{"0":25,"1":0,"2":0,"3":0},"b":{},"_coverageSchema":"332fd63041d2c1bcb487cc26dd0d5f7d97098a6c","hash":"babca9d791f48d3d2988b32060f6a4d470302a35"}
,"/Users/DS/Projects/ChronoMint/src/models/notices/PendingOperationNoticeModel.js": {"path":"/Users/DS/Projects/ChronoMint/src/models/notices/PendingOperationNoticeModel.js","statementMap":{"0":{"start":{"line":9,"column":8},"end":{"line":12,"column":11}},"1":{"start":{"line":16,"column":24},"end":{"line":16,"column":43}},"2":{"start":{"line":17,"column":8},"end":{"line":18,"column":71}}},"fnMap":{"0":{"name":"(anonymous_0)","decl":{"start":{"line":8,"column":4},"end":{"line":8,"column":5}},"loc":{"start":{"line":8,"column":22},"end":{"line":13,"column":5}}},"1":{"name":"(anonymous_1)","decl":{"start":{"line":15,"column":4},"end":{"line":15,"column":5}},"loc":{"start":{"line":15,"column":14},"end":{"line":19,"column":5}}}},"branchMap":{"0":{"loc":{"start":{"line":11,"column":21},"end":{"line":11,"column":113}},"type":"cond-expr","locations":[{"start":{"line":11,"column":64},"end":{"line":11,"column":76}},{"start":{"line":11,"column":79},"end":{"line":11,"column":113}}]},"1":{"loc":{"start":{"line":18,"column":15},"end":{"line":18,"column":69}},"type":"cond-expr","locations":[{"start":{"line":18,"column":36},"end":{"line":18,"column":50}},{"start":{"line":18,"column":53},"end":{"line":18,"column":69}}]}},"s":{"0":0,"1":0,"2":0},"f":{"0":0,"1":0},"b":{"0":[0,0],"1":[0,0]},"_coverageSchema":"332fd63041d2c1bcb487cc26dd0d5f7d97098a6c","hash":"9e3d9da9ab33611ba2ac00e2019c663f5a851750"}
,"/Users/DS/Projects/ChronoMint/src/models/notices/TokenContractNoticeModel.js": {"path":"/Users/DS/Projects/ChronoMint/src/models/notices/TokenContractNoticeModel.js","statementMap":{"0":{"start":{"line":8,"column":8},"end":{"line":11,"column":11}},"1":{"start":{"line":15,"column":8},"end":{"line":15,"column":80}}},"fnMap":{"0":{"name":"(anonymous_0)","decl":{"start":{"line":7,"column":4},"end":{"line":7,"column":5}},"loc":{"start":{"line":7,"column":22},"end":{"line":12,"column":5}}},"1":{"name":"(anonymous_1)","decl":{"start":{"line":14,"column":4},"end":{"line":14,"column":5}},"loc":{"start":{"line":14,"column":14},"end":{"line":16,"column":5}}}},"branchMap":{"0":{"loc":{"start":{"line":10,"column":19},"end":{"line":10,"column":109}},"type":"cond-expr","locations":[{"start":{"line":10,"column":62},"end":{"line":10,"column":72}},{"start":{"line":10,"column":75},"end":{"line":10,"column":109}}]}},"s":{"0":2,"1":0},"f":{"0":2,"1":0},"b":{"0":[1,1]},"_coverageSchema":"332fd63041d2c1bcb487cc26dd0d5f7d97098a6c","hash":"32e97a0a7ce585038653a6856763890fe680fc8b"}
,"/Users/DS/Projects/ChronoMint/src/models/notices/factory.js": {"path":"/Users/DS/Projects/ChronoMint/src/models/notices/factory.js","statementMap":{"0":{"start":{"line":8,"column":16},"end":{"line":14,"column":1}},"1":{"start":{"line":16,"column":31},"end":{"line":16,"column":54}}},"fnMap":{"0":{"name":"(anonymous_0)","decl":{"start":{"line":16,"column":15},"end":{"line":16,"column":16}},"loc":{"start":{"line":16,"column":31},"end":{"line":16,"column":54}}}},"branchMap":{},"s":{"0":5,"1":4},"f":{"0":4},"b":{},"_coverageSchema":"332fd63041d2c1bcb487cc26dd0d5f7d97098a6c","hash":"1c144cd31d3644b06bd52acd5104694ab5531ec2"}
,"/Users/DS/Projects/ChronoMint/src/pages/PageBase.js": {"path":"/Users/DS/Projects/ChronoMint/src/pages/PageBase.js","statementMap":{"0":{"start":{"line":6,"column":17},"end":{"line":24,"column":1}},"1":{"start":{"line":7,"column":32},"end":{"line":7,"column":37}},"2":{"start":{"line":9,"column":4},"end":{"line":23,"column":6}},"3":{"start":{"line":26,"column":0},"end":{"line":30,"column":2}}},"fnMap":{"0":{"name":"(anonymous_0)","decl":{"start":{"line":6,"column":17},"end":{"line":6,"column":18}},"loc":{"start":{"line":6,"column":28},"end":{"line":24,"column":1}}}},"branchMap":{},"s":{"0":1,"1":2,"2":2,"3":1},"f":{"0":2},"b":{},"_coverageSchema":"332fd63041d2c1bcb487cc26dd0d5f7d97098a6c","hash":"9c2b19c0c252670fcb91acabb0c3908bbbf5b93c"}
[...]
45}},"71":{"start":{"line":147,"column":25},"end":{"line":150,"column":1}},"72":{"start":{"line":147,"column":56},"end":{"line":150,"column":1}},"73":{"start":{"line":148,"column":4},"end":{"line":148,"column":60}},"74":{"start":{"line":149,"column":4},"end":{"line":149,"column":49}},"75":{"start":{"line":152,"column":18},"end":{"line":152,"column":51}},"76":{"start":{"line":152,"column":25},"end":{"line":152,"column":50}}},"fnMap":{"0":{"name":"(anonymous_0)","decl":{"start":{"line":29,"column":16},"end":{"line":29,"column":17}},"loc":{"start":{"line":29,"column":50},"end":{"line":72,"column":1}}},"1":{"name":"(anonymous_1)","decl":{"start":{"line":74,"column":19},"end":{"line":74,"column":20}},"loc":{"start":{"line":74,"column":41},"end":{"line":74,"column":70}}},"2":{"name":"(anonymous_2)","decl":{"start":{"line":76,"column":19},"end":{"line":76,"column":20}},"loc":{"start":{"line":76,"column":25},"end":{"line":87,"column":1}}},"3":{"name":"(anonymous_3)","decl":{"start":{"line":76,"column":25},"end":{"line":76,"column":26}},"loc":{"start":{"line":76,"column":39},"end":{"line":87,"column":1}}},"4":{"name":"(anonymous_4)","decl":{"start":{"line":78,"column":23},"end":{"line":78,"column":24}},"loc":{"start":{"line":78,"column":34},"end":{"line":86,"column":5}}},"5":{"name":"(anonymous_5)","decl":{"start":{"line":79,"column":33},"end":{"line":79,"column":34}},"loc":{"start":{"line":79,"column":54},"end":{"line":85,"column":9}}},"6":{"name":"(anonymous_6)","decl":{"start":{"line":89,"column":21},"end":{"line":89,"column":22}},"loc":{"start":{"line":89,"column":78},"end":{"line":121,"column":1}}},"7":{"name":"(anonymous_7)","decl":{"start":{"line":89,"column":78},"end":{"line":89,"column":79}},"loc":{"start":{"line":89,"column":92},"end":{"line":121,"column":1}}},"8":{"name":"(anonymous_8)","decl":{"start":{"line":94,"column":23},"end":{"line":94,"column":24}},"loc":{"start":{"line":94,"column":34},"end":{"line":120,"column":5}}},"9":{"name":"(anonymous_9)","decl":{"start":{"line":97,"column":47},"end":{"line":97,"column":48}},"loc":{"start":{"line":97,"column":62},"end":{"line":103,"column":13}}},"10":{"name":"(anonymous_10)","decl":{"start":{"line":99,"column":86},"end":{"line":99,"column":87}},"loc":{"start":{"line":99,"column":98},"end":{"line":102,"column":17}}},"11":{"name":"(anonymous_11)","decl":{"start":{"line":108,"column":35},"end":{"line":108,"column":36}},"loc":{"start":{"line":108,"column":44},"end":{"line":114,"column":17}}},"12":{"name":"(anonymous_12)","decl":{"start":{"line":109,"column":58},"end":{"line":109,"column":59}},"loc":{"start":{"line":109,"column":69},"end":{"line":113,"column":21}}},"13":{"name":"(anonymous_13)","decl":{"start":{"line":123,"column":18},"end":{"line":123,"column":19}},"loc":{"start":{"line":123,"column":49},"end":{"line":132,"column":1}}},"14":{"name":"(anonymous_14)","decl":{"start":{"line":123,"column":49},"end":{"line":123,"column":50}},"loc":{"start":{"line":123,"column":63},"end":{"line":132,"column":1}}},"15":{"name":"(anonymous_15)","decl":{"start":{"line":124,"column":30},"end":{"line":124,"column":31}},"loc":{"start":{"line":124,"column":39},"end":{"line":131,"column":5}}},"16":{"name":"(anonymous_16)","decl":{"start":{"line":125,"column":40},"end":{"line":125,"column":41}},"loc":{"start":{"line":125,"column":50},"end":{"line":130,"column":9}}},"17":{"name":"(anonymous_17)","decl":{"start":{"line":131,"column":7},"end":{"line":131,"column":8}},"loc":{"start":{"line":131,"column":13},"end":{"line":131,"column":50}}},"18":{"name":"(anonymous_18)","decl":{"start":{"line":134,"column":18},"end":{"line":134,"column":19}},"loc":{"start":{"line":134,"column":49},"end":{"line":137,"column":1}}},"19":{"name":"(anonymous_19)","decl":{"start":{"line":134,"column":49},"end":{"line":134,"column":50}},"loc":{"start":{"line":134,"column":63},"end":{"line":137,"column":1}}},"20":{"name":"(anonymous_20)","decl":{"start":{"line":139,"column":19},"end":{"line":139,"column":20}},"loc":{"start":{"line":139,"column":81},"end":{"line":145,"column":1}}},"21":{"name":"(anonymous_21)","decl":{"start":{"line":139,"column":81},"end":{"line":139,"column":82}},"loc":{"start":{"line":139,"column":95},"end":{"line":145,"column":1}}},"22":{"name":"(anonymous_22)","decl":{"start":{"line":140,"column":64},"end":{"line":140,"column":65}},"loc":{"start":{"line":140,"column":74},"end":{"line":144,"column":5}}},"23":{"name":"(anonymous_23)","decl":{"start":{"line":147,"column":25},"end":{"line":147,"column":26}},"loc":{"start":{"line":147,"column":56},"end":{"line":150,"column":1}}},"24":{"name":"(anonymous_24)","decl":{"start":{"line":147,"column":56},"end":{"line":147,"column":57}},"loc":{"start":{"line":147,"column":70},"end":{"line":150,"column":1}}},"25":{"name":"(anonymous_25)","decl":{"start":{"line":152,"column":18},"end":{"line":152,"column":19}},"loc":{"start":{"line":152,"column":25},"end":{"line":152,"column":50}}}},"branchMap":{"0":{"loc":{"start":{"line":29,"column":17},"end":{"line":29,"column":37}},"type":"default-arg","locations":[{"start":{"line":29,"column":25},"end":{"line":29,"column":37}}]},"1":{"loc":{"start":{"line":30,"column":4},"end":{"line":71,"column":5}},"type":"switch","locations":[{"start":{"line":31,"column":8},"end":{"line":35,"column":14}},{"start":{"line":36,"column":8},"end":{"line":36,"column":25}},{"start":{"line":37,"column":8},"end":{"line":41,"column":14}},{"start":{"line":42,"column":8},"end":{"line":47,"column":14}},{"start":{"line":48,"column":8},"end":{"line":52,"column":14}},{"start":{"line":53,"column":8},"end":{"line":58,"column":14}},{"start":{"line":59,"column":8},"end":{"line":63,"column":14}},{"start":{"line":64,"column":8},"end":{"line":68,"column":14}},{"start":{"line":69,"column":8},"end":{"line":70,"column":25}}]},"2":{"loc":{"start":{"line":56,"column":22},"end":{"line":57,"column":113}},"type":"cond-expr","locations":[{"start":{"line":56,"column":62},"end":{"line":56,"column":102}},{"start":{"line":57,"column":62},"end":{"line":57,"column":113}}]},"3":{"loc":{"start":{"line":81,"column":12},"end":{"line":84,"column":13}},"type":"if","locations":[{"start":{"line":81,"column":12},"end":{"line":84,"column":13}},{"start":{"line":81,"column":12},"end":{"line":84,"column":13}}]},"4":{"loc":{"start":{"line":89,"column":49},"end":{"line":89,"column":57}},"type":"default-arg","locations":[{"start":{"line":89,"column":56},"end":{"line":89,"column":57}}]},"5":{"loc":{"start":{"line":89,"column":59},"end":{"line":89,"column":73}},"type":"default-arg","locations":[{"start":{"line":89,"column":69},"end":{"line":89,"column":73}}]},"6":{"loc":{"start":{"line":95,"column":8},"end":{"line":119,"column":9}},"type":"if","locations":[{"start":{"line":95,"column":8},"end":{"line":119,"column":9}},{"start":{"line":95,"column":8},"end":{"line":119,"column":9}}]},"7":{"loc":{"start":{"line":107,"column":12},"end":{"line":118,"column":13}},"type":"if","locations":[{"start":{"line":107,"column":12},"end":{"line":118,"column":13}},{"start":{"line":107,"column":12},"end":{"line":118,"column":13}}]},"8":{"loc":{"start":{"line":141,"column":8},"end":{"line":143,"column":9}},"type":"if","locations":[{"start":{"line":141,"column":8},"end":{"line":143,"column":9}},{"start":{"line":141,"column":8},"end":{"line":143,"column":9}}]}},"s":{"0":2,"1":2,"2":2,"3":2,"4":2,"5":2,"6":2,"7":2,"8":2,"9":2,"10":10,"11":1,"12":2,"13":1,"14":1,"15":2,"16":1,"17":1,"18":1,"19":2,"20":1,"21":2,"22":1,"23":1,"24":1,"25":1,"26":2,"27":2,"28":1,"29":1,"30":2,"31":4,"32":4,"33":4,"34":4,"35":4,"36":4,"37":2,"38":2,"39":1,"40":1,"41":1,"42":1,"43":2,"44":2,"45":2,"46":1,"47":1,"48":1,"49":1,"50":1,"51":1,"52":1,"53":2,"54":1,"55":1,"56":1,"57":1,"58":1,"59":1,"60":1,"61":0,"62":2,"63":1,"64":1,"65":1,"66":2,"67":1,"68":1,"69":1,"70":0,"71":2,"72":1,"73":1,"74":1,"75":2,"76":1},"f":{"0":10,"1":1,"2":1,"3":1,"4":1,"5":2,"6":4,"7":4,"8":4,"9":1,"10":1,"11":1,"12":1,"13":1,"14":1,"15":1,"16":1,"17":0,"18":1,"19":1,"20":1,"21":1,"22":1,"23":1,"24":1,"25":1},"b":{"0":[1],"1":[1,1,2,1,1,2,1,1,1],"2":[1,1],"3":[1,1],"4":[2],"5":[2],"6":[2,2],"7":[1,1],"8":[0,1]},"_coverageSchema":"332fd63041d2c1bcb487cc26dd0d5f7d97098a6c","hash":"eed488a9b5dc396f3e7e17aa8584b8f273c14f6c"}
,"/Users/DS/Projects/ChronoMint/src/redux/ducks/ui/modal.js": {"path":"/Users/DS/Projects/ChronoMint/src/redux/ducks/ui/modal.js","statementMap":{"0":{"start":{"line":1,"column":26},"end":{"line":1,"column":38}},"1":{"start":{"line":2,"column":26},"end":{"line":2,"column":38}},"2":{"start":{"line":4,"column":27},"end":{"line":4,"column":47}},"3":{"start":{"line":5,"column":24},"end":{"line":5,"column":41}},"4":{"start":{"line":6,"column":33},"end":{"line":6,"column":59}},"5":{"start":{"line":7,"column":40},"end":{"line":7,"column":73}},"6":{"start":{"line":8,"column":35},"end":{"line":8,"column":63}},"7":{"start":{"line":9,"column":25},"end":{"line":9,"column":43}},"8":{"start":{"line":10,"column":28},"end":{"line":10,"column":49}},"9":{"start":{"line":12,"column":21},"end":{"line":16,"column":1}},"10":{"start":{"line":18,"column":16},"end":{"line":33,"column":1}},"11":{"start":{"line":19,"column":4},"end":{"line":32,"column":5}},"12":{"start":{"line":21,"column":12},"end":{"line":24,"column":14}},"13":{"start":{"line":26,"column":12},"end":{"line":29,"column":14}},"14":{"start":{"line":31,"column":12},"end":{"line":31,"column":25}},"15":{"start":{"line":35,"column":18},"end":{"line":35,"column":60}},"16":{"start":{"line":35,"column":32},"end":{"line":35,"column":59}},"17":{"start":{"line":36,"column":18},"end":{"line":36,"column":44}},"18":{"start":{"line":36,"column":25},"end":{"line":36,"column":43}},"19":{"start":{"line":38,"column":24},"end":{"line":40,"column":1}},"20":{"start":{"line":38,"column":40},"end":{"line":40,"column":1}},"21":{"start":{"line":39,"column":4},"end":{"line":39,"column":62}},"22":{"start":{"line":42,"column":21},"end":{"line":44,"column":1}},"23":{"start":{"line":42,"column":37},"end":{"line":44,"column":1}},"24":{"start":{"line":43,"column":4},"end":{"line":43,"column":59}},"25":{"start":{"line":46,"column":29},"end":{"line":48,"column":1}},"26":{"start":{"line":46,"column":45},"end":{"line":48,"column":1}},"27":{"start":{"line":47,"column":4},"end":{"line":47,"column":68}},"28":{"start":{"line":50,"column":35},"end":{"line":52,"column":1}},"29":{"start":{"line":50,"column":51},"end":{"line":52,"column":1}},"30":{"start":{"line":51,"column":4},"end":{"line":51,"column":75}},"31":{"start":{"line":54,"column":31},"end":{"line":56,"column":1}},"32":{"start":{"line":54,"column":47},"end":{"line":56,"column":1}},"33":{"start":{"line":55,"column":4},"end":{"line":55,"column":70}},"34":{"start":{"line":58,"column":22},"end":{"line":60,"column":1}},"35":{"start":{"line":58,"column":38},"end":{"line":60,"column":1}},"36":{"start":{"line":59,"column":4},"end":{"line":59,"column":60}},"37":{"start":{"line":62,"column":33},"end":{"line":64,"column":1}},"38":{"start":{"line":62,"column":49},"end":{"line":64,"column":1}},"39":{"start":{"line":63,"column":4},"end":{"line":63,"column":63}}},"fnMap":{"0":{"name":"(anonymous_0)","decl":{"start":{"line":18,"column":16},"end":{"line":18,"column":17}},"loc":{"start":{"line":18,"column":50},"end":{"line":33,"column":1}}},"1":{"name":"(anonymous_1)","decl":{"start":{"line":35,"column":18},"end":{"line":35,"column":19}},"loc":{"start":{"line":35,"column":32},"end":{"line":35,"column":59}}},"2":{"name":"(anonymous_2)","decl":{"start":{"line":36,"column":18},"end":{"line":36,"column":19}},"loc":{"start":{"line":36,"column":25},"end":{"line":36,"column":43}}},"3":{"name":"(anonymous_3)","decl":{"start":{"line":38,"column":24},"end":{"line":38,"column":25}},"loc":{"start":{"line":38,"column":40},"end":{"line":40,"column":1}}},"4":{"name":"(anonymous_4)","decl":{"start":{"line":38,"column":40},"end":{"line":38,"column":41}},"loc":{"start":{"line":38,"column":54},"end":{"line":40,"column":1}}},"5":{"name":"(anonymous_5)","decl":{"start":{"line":42,"column":21},"end":{"line":42,"column":22}},"loc":{"start":{"line":42,"column":37},"end":{"line":44,"column":1}}},"6":{"name":"(anonymous_6)","decl":{"start":{"line":42,"column":37},"end":{"line":42,"column":38}},"loc":{"start":{"line":42,"column":51},"end":{"line":44,"column":1}}},"7":{"name":"(anonymous_7)","decl":{"start":{"line":46,"column":29},"end":{"line":46,"column":30}},"loc":{"start":{"line":46,"column":45},"end":{"line":48,"column":1}}},"8":{"name":"(anonymous_8)","decl":{"start":{"line":46,"column":45},"end":{"line":46,"column":46}},"loc":{"start":{"line":46,"column":59},"end":{"line":48,"column":1}}},"9":{"name":"(anonymous_9)","decl":{"start":{"line":50,"column":35},"end":{"line":50,"column":36}},"loc":{"start":{"line":50,"column":51},"end":{"line":52,"column":1}}},"10":{"name":"(anonymous_10)","decl":{"start":{"line":50,"column":51},"end":{"line":50,"column":52}},"loc":{"start":{"line":50,"column":65},"end":{"line":52,"column":1}}},"11":{"name":"(anonymous_11)","decl":{"start":{"line":54,"column":31},"end":{"line":54,"column":32}},"loc":{"start":{"line":54,"column":47},"end":{"line":56,"column":1}}},"12":{"name":"(anonymous_12)","decl":{"start":{"line":54,"column":47},"end":{"line":54,"column":48}},"loc":{"start":{"line":54,"column":61},"end":{"line":56,"column":1}}},"13":{"name":"(anonymous_13)","decl":{"start":{"line":58,"column":22},"end":{"line":58,"column":23}},"loc":{"start":{"line":58,"column":38},"end":{"line":60,"column":1}}},"14":{"name":"(anonymous_14)","decl":{"start":{"line":58,"column":38},"end":{"line":58,"column":39}},"loc":{"start":{"line":58,"column":52},"end":{"line":60,"column":1}}},"15":{"name":"(anonymous_15)","decl":{"start":{"line":62,"column":33},"end":{"line":62,"column":34}},"loc":{"start":{"line":62,"column":49},"end":{"line":64,"column":1}}},"16":{"name":"(anonymous_16)","decl":{"start":{"line":62,"column":49},"end":{"line":62,"column":50}},"loc":{"start":{"line":62,"column":63},"end":{"line":64,"column":1}}}},"branchMap":{"0":{"loc":{"start":{"line":18,"column":17},"end":{"line":18,"column":37}},"type":"default-arg","locations":[{"start":{"line":18,"column":25},"end":{"line":18,"column":37}}]},"1":{"loc":{"start":{"line":19,"column":4},"end":{"line":32,"column":5}},"type":"switch","locations":[{"start":{"line":20,"column":8},"end":{"line":24,"column":14}},{"start":{"line":25,"column":8},"end":{"line":29,"column":14}},{"start":{"line":30,"column":8},"end":{"line":31,"column":25}}]}},"s":{"0":4,"1":4,"2":4,"3":4,"4":4,"5":4,"6":4,"7":4,"8":4,"9":4,"10":4,"11":0,"12":0,"13":0,"14":0,"15":4,"16":3,"17":4,"18":0,"19":4,"20":0,"21":0,"22":4,"23":0,"24":0,"25":4,"26":1,"27":1,"28":4,"29":1,"30":1,"31":4,"32":1,"33":1,"34":4,"35":0,"36":0,"37":4,"38":0,"39":0},"f":{"0":0,"1":3,"2":0,"3":0,"4":0,"5":0,"6":0,"7":1,"8":1,"9":1,"10":1,"11":1,"12":1,"13":0,"14":0,"15":0,"16":0},"b":{"0":[0],"1":[0,0,0]},"_coverageSchema":"332fd63041d2c1bcb487cc26dd0d5f7d97098a6c","hash":"e5082a844fd6cc4a45b08cdf656824871d637731"}
,"/Users/DS/Projects/ChronoMint/src/redux/ducks/wallet/reducer.js": {"path":"/Users/DS/Projects/ChronoMint/src/redux/ducks/wallet/reducer.js","statementMap":{"0":{"start":{"line":2,"column":31},"end":{"line":2,"column":62}},"1":{"start":{"line":3,"column":33},"end":{"line":3,"column":66}},"2":{"start":{"line":5,"column":30},"end":{"line":5,"column":60}},"3":{"start":{"line":6,"column":32},"end":{"line":6,"column":64}},"4":{"start":{"line":8,"column":30},"end":{"line":8,"column":60}},"5":{"start":{"line":9,"column":32},"end":{"line":9,"column":64}},"6":{"start":{"line":12,"column":21},"end":{"line":25,"column":1}},"7":{"start":{"line":27,"column":16},"end":{"line":80,"column":1}},"8":{"start":{"line":28,"column":4},"end":{"line":79,"column":5}},"9":{"start":{"line":30,"column":12},"end":{"line":36,"column":14}},"10":{"start":{"line":38,"column":12},"end":{"line":44,"column":14}},"11":{"start":{"line":46,"column":12},"end":{"line":52,"column":14}},"12":{"start":{"line":54,"column":12},"end":{"line":60,"column":14}},"13":{"start":{"line":62,"column":12},"end":{"line":68,"column":14}},"14":{"start":{"line":70,"column":12},"end":{"line":76,"column":14}},"15":{"start":{"line":78,"column":12},"end":{"line":78,"column":24}},"16":{"start":{"line":82,"column":28},"end":{"line":82,"column":66}},"17":{"start":{"line":82,"column":35},"end":{"line":82,"column":65}},"18":{"start":{"line":83,"column":30},"end":{"line":83,"column":86}},"19":{"start":{"line":83,"column":44},"end":{"line":83,"column":85}},"20":{"start":{"line":85,"column":27},"end":{"line":85,"column":64}},"21":{"start":{"line":85,"column":34},"end":{"line":85,"column":63}},"22":{"start":{"line":86,"column":29},"end":{"line":86,"column":84}},"23":{"start":{"line":86,"column":43},"end":{"line":86,"column":83}},"24":{"start":{"line":88,"column":27},"end":{"line":88,"column":64}},"25":{"start":{"line":88,"column":34},"end":{"line":88,"column":63}},"26":{"start":{"line":89,"column":29},"end":{"line":89,"column":84}},"27":{"start":{"line":89,"column":43},"end":{"line":89,"column":83}}},"fnMap":{"0":{"name":"(anonymous_0)","decl":{"start":{"line":27,"column":16},"end":{"line":27,"column":17}},"loc":{"start":{"line":27,"column":50},"end":{"line":80,"column":1}}},"1":{"name":"(anonymous_1)","decl":{"start":{"line":82,"column":28},"end":{"line":82,"column":29}},"loc":{"start":{"line":82,"column":35},"end":{"line":82,"column":65}}},"2":{"name":"(anonymous_2)","decl":{"start":{"line":83,"column":30},"end":{"line":83,"column":31}},"loc":{"start":{"line":83,"column":44},"end":{"line":83,"column":85}}},"3":{"name":"(anonymous_3)","decl":{"start":{"line":85,"column":27},"end":{"line":85,"column":28}},"loc":{"start":{"line":85,"column":34},"end":{"line":85,"column":63}}},"4":{"name":"(anonymous_4)","decl":{"start":{"line":86,"column":29},"end":{"line":86,"column":30}},"loc":{"start":{"line":86,"column":43},"end":{"line":86,"column":83}}},"5":{"name":"(anonymous_5)","decl":{"start":{"line":88,"column":27},"end":{"line":88,"column":28}},"loc":{"start":{"line":88,"column":34},"end":{"line":88,"column":63}}},"6":{"name":"(anonymous_6)","decl":{"start":{"line":89,"column":29},"end":{"line":89,"column":30}},"loc":{"start":{"line":89,"column":43},"end":{"line":89,"column":83}}}},"branchMap":{"0":{"loc":{"start":{"line":27,"column":17},"end":{"line":27,"column":37}},"type":"default-arg","locations":[{"start":{"line":27,"column":25},"end":{"line":27,"column":37}}]},"1":{"loc":{"start":{"line":28,"column":4},"end":{"line":79,"column":5}},"type":"switch","locations":[{"start":{"line":29,"column":8},"end":{"line":36,"column":14}},{"start":{"line":37,"column":8},"end":{"line":44,"column":14}},{"start":{"line":45,"column":8},"end":{"line":52,"column":14}},{"start":{"line":53,"column":8},"end":{"line":60,"column":14}},{"start":{"line":61,"column":8},"end":{"line":68,"column":14}},{"start":{"line":69,"column":8},"end":{"line":76,"column":14}},{"start":{"line":77,"column":8},"end":{"line":78,"column":24}}]}},"s":{"0":1,"1":1,"2":1,"3":1,"4":1,"5":1,"6":1,"7":1,"8":3,"9":1,"10":1,"11":0,"12":0,"13":0,"14":0,"15":1,"16":1,"17":1,"18":1,"19":1,"20":1,"21":0,"22":1,"23":0,"24":1,"25":0,"26":1,"27":0},"f":{"0":3,"1":1,"2":1,"3":0,"4":0,"5":0,"6":0},"b":{"0":[1],"1":[1,1,0,0,0,0,1]},"_coverageSchema":"332fd63041d2c1bcb487cc26dd0d5f7d97098a6c","hash":"9d8d54a18358050bbc313e15fe6d6cb1a5865cc1"}
,"/Users/DS/Projects/ChronoMint/src/utils/isEthAddress.js": {"path":"/Users/DS/Projects/ChronoMint/src/utils/isEthAddress.js","statementMap":{"0":{"start":{"line":2,"column":4},"end":{"line":2,"column":44}},"1":{"start":{"line":5,"column":0},"end":{"line":5,"column":30}}},"fnMap":{"0":{"name":"isEthAddress","decl":{"start":{"line":1,"column":9},"end":{"line":1,"column":21}},"loc":{"start":{"line":1,"column":30},"end":{"line":3,"column":1}}}},"branchMap":{},"s":{"0":9,"1":7},"f":{"0":9},"b":{},"_coverageSchema":"332fd63041d2c1bcb487cc26dd0d5f7d97098a6c","hash":"523138289e964e61dcb7dd880ad460354202af52"}
}
