TN:
SF:/Users/DS/Projects/ChronoMint/truffle-config.js
FNF:0
FNH:0
DA:1,7
LF:1
LH:1
BRF:0
BRH:0
end_of_record
TN:
SF:/Users/DS/Projects/ChronoMint/specs/init.js
FNF:0
FNH:0
DA:3,16
LF:1
LH:1
BRF:0
BRH:0
end_of_record
TN:
SF:/Users/DS/Projects/ChronoMint/specs/mock/localStorage.js
FN:1,(anonymous_0)
FN:2,(anonymous_1)
FN:5,(anonymous_2)
FN:6,(anonymous_3)
FN:7,(anonymous_4)
FNF:5
FNH:5
FNDA:16,(anonymous_0)
FNDA:16,(anonymous_1)
FNDA:4,(anonymous_2)
FNDA:4,(anonymous_3)
FNDA:27,(anonymous_4)
DA:1,16
DA:3,16
DA:4,16
DA:5,4
DA:6,4
DA:7,27
LF:6
LH:6
BRF:0
BRH:0
end_of_record
TN:
SF:/Users/DS/Projects/ChronoMint/src/config.js
FNF:0
FNH:0
DA:1,5
LF:1
LH:1
BRF:0
BRH:0
end_of_record
TN:
SF:/Users/DS/Projects/ChronoMint/src/styles.js
FNF:0
FNH:0
DA:5,1
DA:26,1
DA:50,1
LF:3
LH:3
BRF:0
BRH:0
end_of_record
TN:
SF:/Users/DS/Projects/ChronoMint/src/components/layout/Header/SearchBox.js
FN:6,(anonymous_0)
FN:10,(anonymous_1)
FNF:2
FNH:1
FNDA:0,(anonymous_0)
FNDA:1,(anonymous_1)
DA:7,0
DA:11,1
DA:29,1
LF:3
LH:2
BRF:0
BRH:0
end_of_record
TN:
SF:/Users/DS/Projects/ChronoMint/src/components/pages/DashboardPage/InfoBox.js
FN:7,(anonymous_0)
FNF:1
FNH:1
FNDA:1,(anonymous_0)
DA:8,1
DA:9,1
DA:40,1
DA:54,1
LF:4
LH:4
BRF:0
BRH:0
end_of_record
TN:
SF:/Users/DS/Projects/ChronoMint/src/dao/AbstractContractDAO.js
FN:7,(anonymous_0)
FN:31,(anonymous_1)
FN:34,(anonymous_2)
FN:40,(anonymous_3)
FN:42,(anonymous_4)
FN:60,(anonymous_5)
FN:61,(anonymous_6)
FN:64,(anonymous_7)
FN:68,(anonymous_8)
FNF:9
FNH:6
FNDA:15,(anonymous_0)
FNDA:4,(anonymous_1)
FNDA:0,(anonymous_2)
FNDA:4,(anonymous_3)
FNDA:9,(anonymous_4)
FNDA:0,(anonymous_5)
FNDA:0,(anonymous_6)
FNDA:1,(anonymous_7)
FNDA:106,(anonymous_8)
DA:8,15
DA:9,0
DA:12,15
DA:13,15
DA:14,15
DA:17,15
DA:20,15
DA:21,15
DA:23,15
DA:24,11
DA:25,4
DA:26,4
DA:27,4
DA:29,4
DA:30,4
DA:32,4
DA:35,0
DA:40,4
DA:41,4
DA:42,4
DA:43,9
DA:44,4
DA:45,4
DA:48,9
DA:49,0
DA:52,4
DA:53,4
DA:56,0
DA:61,0
DA:65,1
DA:69,106
LF:31
LH:26
BRDA:7,0,0,11
BRDA:7,1,0,15
BRDA:8,2,0,0
BRDA:8,2,1,15
BRDA:13,3,0,0
BRDA:13,3,1,15
BRDA:17,4,0,0
BRDA:17,4,1,15
BRDA:23,5,0,11
BRDA:23,5,1,4
BRDA:25,6,0,4
BRDA:25,6,1,0
BRDA:27,7,0,4
BRDA:27,7,1,0
BRDA:29,8,0,4
BRDA:29,8,1,0
BRDA:43,9,0,4
BRDA:43,9,1,5
BRDA:48,10,0,0
BRDA:48,10,1,9
BRF:20
BRH:13
end_of_record
TN:
SF:/Users/DS/Projects/ChronoMint/src/dao/AbstractProxyDAO.js
FN:4,(anonymous_0)
FN:11,(anonymous_1)
FN:12,(anonymous_2)
FN:15,(anonymous_3)
FN:16,(anonymous_4)
FN:19,(anonymous_5)
FN:20,(anonymous_6)
FN:23,(anonymous_7)
FN:24,(anonymous_8)
FN:24,(anonymous_9)
FN:29,(anonymous_10)
FN:30,(anonymous_11)
FNF:12
FNH:12
FNDA:4,(anonymous_0)
FNDA:2,(anonymous_1)
FNDA:2,(anonymous_2)
FNDA:2,(anonymous_3)
FNDA:2,(anonymous_4)
FNDA:2,(anonymous_5)
FNDA:2,(anonymous_6)
FNDA:1,(anonymous_7)
FNDA:1,(anonymous_8)
FNDA:1,(anonymous_9)
FNDA:1,(anonymous_10)
FNDA:1,(anonymous_11)
DA:5,4
DA:6,4
DA:7,0
DA:12,2
DA:16,2
DA:20,2
DA:24,1
DA:25,1
DA:30,1
LF:9
LH:8
BRDA:4,0,0,0
BRDA:6,1,0,0
BRDA:6,1,1,4
BRF:3
BRH:1
end_of_record
TN:
SF:/Users/DS/Projects/ChronoMint/src/dao/AppDAO.js
FN:11,(anonymous_0)
FN:19,(anonymous_1)
FN:20,(anonymous_2)
FN:23,(anonymous_3)
FN:24,(anonymous_4)
FN:27,(anonymous_5)
FN:28,(anonymous_6)
FN:31,(anonymous_7)
FN:32,(anonymous_8)
FN:35,(anonymous_9)
FN:39,(anonymous_10)
FN:43,(anonymous_11)
FN:44,(anonymous_12)
FN:49,(anonymous_13)
FN:53,(anonymous_14)
FN:57,(anonymous_15)
FN:58,(anonymous_16)
FN:64,(anonymous_17)
FN:65,(anonymous_18)
FN:68,(anonymous_19)
FN:69,(anonymous_20)
FN:72,(anonymous_21)
FN:73,(anonymous_22)
FN:76,(anonymous_23)
FN:77,(anonymous_24)
FN:80,(anonymous_25)
FN:81,(anonymous_26)
FN:84,(anonymous_27)
FN:85,(anonymous_28)
FN:88,(anonymous_29)
FN:89,(anonymous_30)
FN:92,(anonymous_31)
FN:93,(anonymous_32)
FN:96,(anonymous_33)
FN:97,(anonymous_34)
FN:100,(anonymous_35)
FN:101,(anonymous_36)
FN:104,(anonymous_37)
FN:105,(anonymous_38)
FN:108,(anonymous_39)
FN:109,(anonymous_40)
FN:112,(anonymous_41)
FN:113,(anonymous_42)
FN:119,(anonymous_43)
FN:120,(anonymous_44)
FN:123,(anonymous_45)
FN:123,(anonymous_46)
FN:125,(anonymous_47)
FN:125,(anonymous_48)
FN:127,(anonymous_49)
FN:127,(anonymous_50)
FN:129,(anonymous_51)
FN:129,(anonymous_52)
FN:131,(anonymous_53)
FN:131,(anonymous_54)
FN:137,(anonymous_55)
FN:138,(anonymous_56)
FN:142,(anonymous_57)
FN:143,(anonymous_58)
FN:144,(anonymous_59)
FN:166,(anonymous_60)
FN:167,(anonymous_61)
FN:168,(anonymous_62)
FN:169,(anonymous_63)
FN:184,(anonymous_64)
FN:186,(anonymous_65)
FN:188,(anonymous_66)
FN:189,(anonymous_67)
FN:200,(anonymous_68)
FN:201,(anonymous_69)
FN:202,(anonymous_70)
FN:207,(anonymous_71)
FN:209,(anonymous_72)
FN:221,(anonymous_73)
FN:222,(anonymous_74)
FN:223,(anonymous_75)
FN:243,(anonymous_76)
FN:244,(anonymous_77)
FN:245,(anonymous_78)
FN:257,(anonymous_79)
FN:258,(anonymous_80)
FN:260,(anonymous_81)
FN:262,(anonymous_82)
FN:275,(anonymous_83)
FN:277,(anonymous_84)
FN:278,(anonymous_85)
FN:299,(anonymous_86)
FN:301,(anonymous_87)
FN:304,(anonymous_88)
FN:305,(anonymous_89)
FN:306,(anonymous_90)
FN:307,(anonymous_91)
FN:310,(anonymous_92)
FN:313,(anonymous_93)
FN:317,(anonymous_94)
FN:318,(anonymous_95)
FN:319,(anonymous_96)
FN:327,(anonymous_97)
FN:328,(anonymous_98)
FN:333,(anonymous_99)
FN:335,(anonymous_100)
FN:346,(anonymous_101)
FN:347,(anonymous_102)
FN:352,(anonymous_103)
FN:354,(anonymous_104)
FN:363,(anonymous_105)
FN:364,(anonymous_106)
FN:365,(anonymous_107)
FN:369,(anonymous_108)
FN:370,(anonymous_109)
FN:371,(anonymous_110)
FNF:111
FNH:39
FNDA:7,(anonymous_0)
FNDA:0,(anonymous_1)
FNDA:0,(anonymous_2)
FNDA:0,(anonymous_3)
FNDA:0,(anonymous_4)
FNDA:0,(anonymous_5)
FNDA:0,(anonymous_6)
FNDA:0,(anonymous_7)
FNDA:0,(anonymous_8)
FNDA:0,(anonymous_9)
FNDA:0,(anonymous_10)
FNDA:0,(anonymous_11)
FNDA:0,(anonymous_12)
FNDA:0,(anonymous_13)
FNDA:0,(anonymous_14)
FNDA:0,(anonymous_15)
FNDA:0,(anonymous_16)
FNDA:0,(anonymous_17)
FNDA:0,(anonymous_18)
FNDA:0,(anonymous_19)
FNDA:0,(anonymous_20)
FNDA:0,(anonymous_21)
FNDA:0,(anonymous_22)
FNDA:0,(anonymous_23)
FNDA:0,(anonymous_24)
FNDA:0,(anonymous_25)
FNDA:0,(anonymous_26)
FNDA:0,(anonymous_27)
FNDA:0,(anonymous_28)
FNDA:0,(anonymous_29)
FNDA:0,(anonymous_30)
FNDA:0,(anonymous_31)
FNDA:0,(anonymous_32)
FNDA:0,(anonymous_33)
FNDA:0,(anonymous_34)
FNDA:0,(anonymous_35)
FNDA:0,(anonymous_36)
FNDA:0,(anonymous_37)
FNDA:0,(anonymous_38)
FNDA:0,(anonymous_39)
FNDA:0,(anonymous_40)
FNDA:0,(anonymous_41)
FNDA:0,(anonymous_42)
FNDA:0,(anonymous_43)
FNDA:0,(anonymous_44)
FNDA:0,(anonymous_45)
FNDA:0,(anonymous_46)
FNDA:0,(anonymous_47)
FNDA:0,(anonymous_48)
FNDA:0,(anonymous_49)
FNDA:0,(anonymous_50)
FNDA:0,(anonymous_51)
FNDA:0,(anonymous_52)
FNDA:0,(anonymous_53)
FNDA:0,(anonymous_54)
FNDA:4,(anonymous_55)
FNDA:4,(anonymous_56)
FNDA:1,(anonymous_57)
FNDA:1,(anonymous_58)
FNDA:1,(anonymous_59)
FNDA:1,(anonymous_60)
FNDA:1,(anonymous_61)
FNDA:1,(anonymous_62)
FNDA:1,(anonymous_63)
FNDA:2,(anonymous_64)
FNDA:1,(anonymous_65)
FNDA:1,(anonymous_66)
FNDA:1,(anonymous_67)
FNDA:1,(anonymous_68)
FNDA:1,(anonymous_69)
FNDA:2,(anonymous_70)
FNDA:2,(anonymous_71)
FNDA:2,(anonymous_72)
FNDA:1,(anonymous_73)
FNDA:1,(anonymous_74)
FNDA:1,(anonymous_75)
FNDA:1,(anonymous_76)
FNDA:1,(anonymous_77)
FNDA:1,(anonymous_78)
FNDA:2,(anonymous_79)
FNDA:2,(anonymous_80)
FNDA:2,(anonymous_81)
FNDA:2,(anonymous_82)
FNDA:1,(anonymous_83)
FNDA:1,(anonymous_84)
FNDA:1,(anonymous_85)
FNDA:1,(anonymous_86)
FNDA:1,(anonymous_87)
FNDA:0,(anonymous_88)
FNDA:0,(anonymous_89)
FNDA:0,(anonymous_90)
FNDA:0,(anonymous_91)
FNDA:0,(anonymous_92)
FNDA:0,(anonymous_93)
FNDA:0,(anonymous_94)
FNDA:0,(anonymous_95)
FNDA:0,(anonymous_96)
FNDA:0,(anonymous_97)
FNDA:0,(anonymous_98)
FNDA:0,(anonymous_99)
FNDA:0,(anonymous_100)
FNDA:4,(anonymous_101)
FNDA:4,(anonymous_102)
FNDA:4,(anonymous_103)
FNDA:0,(anonymous_104)
FNDA:1,(anonymous_105)
FNDA:1,(anonymous_106)
FNDA:0,(anonymous_107)
FNDA:0,(anonymous_108)
FNDA:0,(anonymous_109)
FNDA:0,(anonymous_110)
DA:12,7
DA:13,7
DA:14,7
DA:15,7
DA:16,7
DA:20,0
DA:24,0
DA:28,0
DA:32,0
DA:36,0
DA:40,0
DA:44,0
DA:50,0
DA:54,0
DA:58,0
DA:65,0
DA:69,0
DA:73,0
DA:77,0
DA:81,0
DA:85,0
DA:89,0
DA:93,0
DA:97,0
DA:101,0
DA:105,0
DA:109,0
DA:113,0
DA:120,0
DA:123,0
DA:125,0
DA:127,0
DA:129,0
DA:131,0
DA:138,4
DA:143,1
DA:144,1
DA:145,1
DA:146,1
DA:147,1
DA:148,1
DA:149,1
DA:150,1
DA:156,1
DA:167,1
DA:168,1
DA:169,1
DA:170,1
DA:185,2
DA:186,1
DA:188,1
DA:189,1
DA:190,1
DA:201,1
DA:202,1
DA:203,2
DA:204,0
DA:206,2
DA:207,2
DA:208,2
DA:209,2
DA:210,2
DA:213,0
DA:222,1
DA:223,1
DA:225,1
DA:226,1
DA:227,3
DA:228,2
DA:232,1
DA:233,2
DA:234,2
DA:235,2
DA:244,1
DA:245,1
DA:247,1
DA:248,1
DA:249,3
DA:250,2
DA:254,1
DA:255,2
DA:256,2
DA:257,2
DA:258,2
DA:259,2
DA:260,2
DA:261,2
DA:262,2
DA:263,2
DA:264,2
DA:276,1
DA:277,1
DA:278,1
DA:279,1
DA:280,1
DA:281,1
DA:282,1
DA:283,100
DA:285,2
DA:288,1
DA:300,1
DA:301,1
DA:304,0
DA:305,0
DA:306,0
DA:307,0
DA:309,0
DA:310,0
DA:313,0
DA:317,0
DA:318,0
DA:319,0
DA:328,0
DA:329,0
DA:330,0
DA:332,0
DA:333,0
DA:334,0
DA:336,0
DA:347,4
DA:348,4
DA:349,2
DA:351,4
DA:352,4
DA:353,4
DA:355,0
DA:364,1
DA:365,1
DA:366,0
DA:367,0
DA:369,0
DA:370,0
DA:371,0
DA:372,0
LF:134
LH:79
BRDA:125,0,0,0
BRDA:127,1,0,0
BRDA:129,2,0,0
BRDA:131,3,0,0
BRDA:149,4,0,1
BRDA:149,4,1,0
BRDA:149,5,0,1
BRDA:149,5,1,1
BRDA:170,6,0,1
BRDA:170,6,1,0
BRDA:185,7,0,1
BRDA:185,7,1,1
BRDA:203,8,0,0
BRDA:203,8,1,2
BRDA:208,9,0,2
BRDA:208,9,1,0
BRDA:227,10,0,2
BRDA:227,10,1,1
BRDA:227,11,0,3
BRDA:227,11,1,3
BRDA:233,12,0,2
BRDA:233,12,1,0
BRDA:249,13,0,2
BRDA:249,13,1,1
BRDA:249,14,0,3
BRDA:249,14,1,3
BRDA:255,15,0,2
BRDA:255,15,1,0
BRDA:283,16,0,2
BRDA:283,16,1,98
BRDA:283,17,0,100
BRDA:283,17,1,100
BRDA:283,17,2,100
BRDA:300,18,0,1
BRDA:300,18,1,0
BRDA:300,19,0,1
BRDA:300,19,1,0
BRDA:309,20,0,0
BRDA:309,20,1,0
BRDA:329,21,0,0
BRDA:329,21,1,0
BRDA:348,22,0,2
BRDA:348,22,1,2
BRDA:366,23,0,0
BRDA:366,23,1,0
BRF:45
BRH:27
end_of_record
TN:
SF:/Users/DS/Projects/ChronoMint/src/dao/AssetDAO.js
FN:4,(anonymous_0)
FN:8,(anonymous_1)
FN:9,(anonymous_2)
FNF:3
FNH:0
FNDA:0,(anonymous_0)
FNDA:0,(anonymous_1)
FNDA:0,(anonymous_2)
DA:5,0
DA:9,0
DA:10,0
LF:3
LH:0
BRF:0
BRH:0
end_of_record
TN:
SF:/Users/DS/Projects/ChronoMint/src/dao/EventHistoryDAO.js
FN:5,(anonymous_0)
FN:6,(anonymous_1)
FN:7,(anonymous_2)
FNF:3
FNH:0
FNDA:0,(anonymous_0)
FNDA:0,(anonymous_1)
FNDA:0,(anonymous_2)
DA:6,0
DA:7,0
DA:8,0
LF:3
LH:0
BRF:0
BRH:0
end_of_record
TN:
SF:/Users/DS/Projects/ChronoMint/src/dao/LocDAO.js
FN:4,(anonymous_0)
FN:8,(anonymous_1)
FN:9,(anonymous_2)
FNF:3
FNH:0
FNDA:0,(anonymous_0)
FNDA:0,(anonymous_1)
FNDA:0,(anonymous_2)
DA:5,0
DA:9,0
LF:2
LH:0
BRF:0
BRH:0
end_of_record
TN:
SF:/Users/DS/Projects/ChronoMint/src/dao/PlatformDAO.js
FN:6,(anonymous_0)
FN:8,(anonymous_1)
FN:9,(anonymous_2)
FN:15,(anonymous_3)
FN:16,(anonymous_4)
FN:17,(anonymous_5)
FN:26,(anonymous_6)
FN:27,(anonymous_7)
FN:28,(anonymous_8)
FN:34,(anonymous_9)
FN:35,(anonymous_10)
FN:36,(anonymous_11)
FNF:12
FNH:3
FNDA:0,(anonymous_0)
FNDA:0,(anonymous_1)
FNDA:0,(anonymous_2)
FNDA:0,(anonymous_3)
FNDA:0,(anonymous_4)
FNDA:0,(anonymous_5)
FNDA:0,(anonymous_6)
FNDA:0,(anonymous_7)
FNDA:0,(anonymous_8)
FNDA:2,(anonymous_9)
FNDA:2,(anonymous_10)
FNDA:1,(anonymous_11)
DA:7,0
DA:9,0
DA:10,0
DA:16,0
DA:17,0
DA:18,0
DA:27,0
DA:28,0
DA:29,0
DA:35,2
DA:36,2
LF:11
LH:2
BRF:0
BRH:0
end_of_record
TN:
SF:/Users/DS/Projects/ChronoMint/src/dao/ProxyDAO.js
FN:4,(anonymous_0)
FNF:1
FNH:1
FNDA:4,(anonymous_0)
DA:5,4
LF:1
LH:1
BRF:0
BRH:0
end_of_record
TN:
SF:/Users/DS/Projects/ChronoMint/src/models/AssetModel.js
FN:8,(anonymous_0)
FN:12,(anonymous_1)
FNF:2
FNH:1
FNDA:0,(anonymous_0)
FNDA:1,(anonymous_1)
DA:9,0
DA:13,1
LF:2
LH:1
BRF:0
BRH:0
end_of_record
TN:
SF:/Users/DS/Projects/ChronoMint/src/models/CBEModel.js
FN:5,(anonymous_0)
FNF:1
FNH:1
FNDA:1,(anonymous_0)
DA:6,1
LF:1
LH:1
BRDA:6,0,0,1
BRDA:6,0,1,0
BRF:2
BRH:1
end_of_record
TN:
SF:/Users/DS/Projects/ChronoMint/src/models/CompletedOperation.js
FNF:0
FNH:0
LF:0
LH:0
BRF:0
BRH:0
end_of_record
TN:
SF:/Users/DS/Projects/ChronoMint/src/models/ContractModel.js
FN:4,(anonymous_0)
FN:9,(anonymous_1)
FN:13,(anonymous_2)
FNF:3
FNH:3
FNDA:21,(anonymous_0)
FNDA:2,(anonymous_1)
FNDA:24,(anonymous_2)
DA:4,21
DA:10,2
DA:14,24
LF:3
LH:3
BRF:0
BRH:0
end_of_record
TN:
SF:/Users/DS/Projects/ChronoMint/src/models/LOCModel.js
FN:14,(anonymous_0)
FN:17,(anonymous_1)
FNF:2
FNH:0
FNDA:0,(anonymous_0)
FNDA:0,(anonymous_1)
DA:15,0
DA:18,0
LF:2
LH:0
BRF:0
BRH:0
end_of_record
TN:
SF:/Users/DS/Projects/ChronoMint/src/models/Operation.js
FN:15,(anonymous_0)
FN:31,(anonymous_1)
FN:35,(anonymous_2)
FN:41,(anonymous_3)
FN:46,(anonymous_4)
FN:51,(anonymous_5)
FNF:6
FNH:1
FNDA:0,(anonymous_0)
FNDA:0,(anonymous_1)
FNDA:2,(anonymous_2)
FNDA:0,(anonymous_3)
FNDA:0,(anonymous_4)
FNDA:0,(anonymous_5)
DA:4,7
DA:5,7
DA:16,0
DA:18,0
DA:19,0
DA:22,0
DA:24,0
DA:25,0
DA:28,0
DA:32,0
DA:36,2
DA:37,2
DA:38,2
DA:42,0
DA:43,0
DA:47,0
DA:48,0
DA:49,0
DA:50,0
DA:51,0
DA:52,0
DA:54,0
LF:22
LH:5
BRDA:18,0,0,0
BRDA:18,0,1,0
BRDA:24,1,0,0
BRDA:24,1,1,0
BRDA:38,2,0,2
BRDA:38,2,1,0
BRDA:50,3,0,0
BRDA:50,3,1,0
BRF:8
BRH:1
end_of_record
TN:
SF:/Users/DS/Projects/ChronoMint/src/models/OperationsProps.js
FN:7,(anonymous_0)
FNF:1
FNH:1
FNDA:1,(anonymous_0)
DA:8,1
LF:1
LH:1
BRF:0
BRH:0
end_of_record
TN:
SF:/Users/DS/Projects/ChronoMint/src/models/PendingOperation.js
FNF:0
FNH:0
LF:0
LH:0
BRF:0
BRH:0
end_of_record
TN:
SF:/Users/DS/Projects/ChronoMint/src/models/TokenContractModel.js
FN:9,(anonymous_0)
FN:13,(anonymous_1)
FN:17,(anonymous_2)
FN:21,(anonymous_3)
FNF:4
FNH:3
FNDA:4,(anonymous_0)
FNDA:0,(anonymous_1)
FNDA:9,(anonymous_2)
FNDA:1,(anonymous_3)
DA:10,4
DA:14,0
DA:18,9
DA:22,1
LF:4
LH:3
BRF:0
BRH:0
end_of_record
TN:
SF:/Users/DS/Projects/ChronoMint/src/models/notices/CBENoticeModel.js
FN:8,(anonymous_0)
FN:15,(anonymous_1)
FNF:2
FNH:1
FNDA:4,(anonymous_0)
FNDA:0,(anonymous_1)
DA:9,4
DA:16,0
LF:2
LH:1
BRDA:11,0,0,2
BRDA:11,0,1,2
BRDA:16,1,0,0
BRDA:16,1,1,0
BRF:4
BRH:2
end_of_record
TN:
SF:/Users/DS/Projects/ChronoMint/src/models/notices/LOCNoticeModel.js
FN:7,(anonymous_0)
FN:14,(anonymous_1)
FNF:2
FNH:0
FNDA:0,(anonymous_0)
FNDA:0,(anonymous_1)
DA:8,0
DA:15,0
LF:2
LH:0
BRDA:10,0,0,0
BRDA:10,0,1,0
BRF:2
BRH:0
end_of_record
TN:
SF:/Users/DS/Projects/ChronoMint/src/models/notices/NoticeModel.js
FN:6,(anonymous_0)
FN:11,(anonymous_1)
FN:15,(anonymous_2)
FN:20,(anonymous_3)
FNF:4
FNH:1
FNDA:25,(anonymous_0)
FNDA:0,(anonymous_1)
FNDA:0,(anonymous_2)
FNDA:0,(anonymous_3)
DA:6,25
DA:12,0
DA:16,0
DA:17,0
DA:21,0
LF:5
LH:1
BRF:0
BRH:0
end_of_record
TN:
SF:/Users/DS/Projects/ChronoMint/src/models/notices/PendingOperationNoticeModel.js
FN:8,(anonymous_0)
FN:15,(anonymous_1)
FNF:2
FNH:0
FNDA:0,(anonymous_0)
FNDA:0,(anonymous_1)
DA:9,0
DA:16,0
DA:17,0
LF:3
LH:0
BRDA:11,0,0,0
BRDA:11,0,1,0
BRDA:18,1,0,0
BRDA:18,1,1,0
BRF:4
BRH:0
end_of_record
TN:
SF:/Users/DS/Projects/ChronoMint/src/models/notices/TokenContractNoticeModel.js
FN:7,(anonymous_0)
FN:14,(anonymous_1)
FNF:2
FNH:1
FNDA:2,(anonymous_0)
FNDA:0,(anonymous_1)
DA:8,2
DA:15,0
LF:2
LH:1
BRDA:10,0,0,1
BRDA:10,0,1,1
BRF:2
BRH:2
end_of_record
TN:
SF:/Users/DS/Projects/ChronoMint/src/models/notices/factory.js
FN:16,(anonymous_0)
FNF:1
FNH:1
FNDA:4,(anonymous_0)
DA:8,5
DA:16,4
LF:2
LH:2
BRF:0
BRH:0
end_of_record
TN:
SF:/Users/DS/Projects/ChronoMint/src/pages/PageBase.js
FN:6,(anonymous_0)
FNF:1
FNH:1
FNDA:2,(anonymous_0)
DA:6,1
DA:7,2
DA:9,2
DA:26,1
LF:4
LH:4
BRF:0
BRH:0
end_of_record
TN:
SF:/Users/DS/Projects/ChronoMint/src/redux/ducks/completedOperations/reducer.js
FN:7,(anonymous_0)
FN:8,(anonymous_1)
FN:12,(anonymous_2)
FNF:3
FNH:3
FNDA:1,(anonymous_0)
FNDA:1,(anonymous_1)
FNDA:3,(anonymous_2)
DA:4,1
DA:5,1
DA:7,1
DA:8,1
DA:10,1
DA:12,1
DA:13,3
DA:15,1
DA:17,1
DA:19,1
LF:10
LH:10
BRDA:12,0,0,1
BRDA:13,1,0,1
BRDA:13,1,1,1
BRDA:13,1,2,1
BRF:4
BRH:4
end_of_record
TN:
SF:/Users/DS/Projects/ChronoMint/src/redux/ducks/exchange/communication.js
FN:11,(anonymous_0)
FNF:1
FNH:1
FNDA:3,(anonymous_0)
DA:6,1
DA:11,1
DA:12,3
DA:14,1
DA:19,1
DA:24,1
LF:6
LH:6
BRDA:11,0,0,1
BRDA:12,1,0,1
BRDA:12,1,1,1
BRDA:12,1,2,1
BRF:4
BRH:4
end_of_record
TN:
SF:/Users/DS/Projects/ChronoMint/src/redux/ducks/exchange/reducer.js
FN:6,(anonymous_0)
FN:7,(anonymous_1)
FN:11,(anonymous_2)
FNF:3
FNH:3
FNDA:1,(anonymous_0)
FNDA:1,(anonymous_1)
FNDA:2,(anonymous_2)
DA:4,1
DA:5,1
DA:6,1
DA:7,1
DA:9,1
DA:11,1
DA:12,2
DA:14,1
DA:16,1
LF:9
LH:9
BRDA:11,0,0,1
BRDA:12,1,0,1
BRDA:12,1,1,1
BRF:3
BRH:3
end_of_record
TN:
SF:/Users/DS/Projects/ChronoMint/src/redux/ducks/locs/reducer.js
FN:8,(anonymous_0)
FN:9,(anonymous_1)
FN:10,(anonymous_2)
FN:14,(anonymous_3)
FNF:4
FNH:4
FNDA:1,(anonymous_0)
FNDA:1,(anonymous_1)
FNDA:1,(anonymous_2)
FNDA:4,(anonymous_3)
DA:4,1
DA:5,1
DA:6,1
DA:8,1
DA:9,1
DA:10,1
DA:12,1
DA:14,1
DA:15,4
DA:17,1
DA:19,1
DA:21,1
DA:23,1
LF:13
LH:13
BRDA:14,0,0,1
BRDA:15,1,0,1
BRDA:15,1,1,1
BRDA:15,1,2,1
BRDA:15,1,3,1
BRF:5
BRH:5
end_of_record
TN:
SF:/Users/DS/Projects/ChronoMint/src/redux/ducks/notifier/notifier.js
FN:14,(anonymous_0)
FN:36,(anonymous_1)
FN:36,(anonymous_2)
FN:41,(anonymous_3)
FN:42,(anonymous_4)
FNF:5
FNH:5
FNDA:4,(anonymous_0)
FNDA:4,(anonymous_1)
FNDA:4,(anonymous_2)
FNDA:5,(anonymous_3)
FNDA:1,(anonymous_4)
DA:5,5
DA:6,5
DA:7,5
DA:9,5
DA:14,5
DA:15,4
DA:17,1
DA:22,1
DA:27,1
DA:32,1
DA:36,5
DA:37,4
DA:38,4
DA:41,5
DA:42,5
LF:15
LH:15
BRDA:14,0,0,1
BRDA:15,1,0,1
BRDA:15,1,1,1
BRDA:15,1,2,1
BRDA:15,1,3,1
BRF:5
BRH:5
end_of_record
TN:
SF:/Users/DS/Projects/ChronoMint/src/redux/ducks/pendings/reducer.js
FN:9,(anonymous_0)
FN:10,(anonymous_1)
FN:11,(anonymous_2)
FN:15,(anonymous_3)
FNF:4
FNH:4
FNDA:1,(anonymous_0)
FNDA:1,(anonymous_1)
FNDA:1,(anonymous_2)
FNDA:4,(anonymous_3)
DA:5,1
DA:6,1
DA:7,1
DA:9,1
DA:10,1
DA:11,1
DA:13,1
DA:15,1
DA:16,4
DA:18,0
DA:20,1
DA:22,1
DA:24,1
DA:26,1
LF:14
LH:13
BRDA:15,0,0,1
BRDA:16,1,0,0
BRDA:16,1,1,1
BRDA:16,1,2,1
BRDA:16,1,3,1
BRDA:16,1,4,1
BRF:6
BRH:5
end_of_record
TN:
SF:/Users/DS/Projects/ChronoMint/src/redux/ducks/pendings/operationsProps/reducer.js
FN:7,(anonymous_0)
FN:9,(anonymous_1)
FNF:2
FNH:2
FNDA:1,(anonymous_0)
FNDA:2,(anonymous_1)
DA:3,1
DA:5,1
DA:7,1
DA:9,1
DA:10,2
DA:12,1
DA:14,1
LF:7
LH:7
BRDA:9,0,0,1
BRDA:10,1,0,1
BRDA:10,1,1,1
BRF:3
BRH:3
end_of_record
TN:
SF:/Users/DS/Projects/ChronoMint/src/redux/ducks/session/constants.js
FNF:0
FNH:0
DA:1,6
DA:2,6
DA:3,6
LF:3
LH:3
BRF:0
BRH:0
end_of_record
TN:
SF:/Users/DS/Projects/ChronoMint/src/redux/ducks/session/data.js
FN:19,(anonymous_0)
FN:37,(anonymous_1)
FN:38,(anonymous_2)
FN:39,(anonymous_3)
FN:41,(anonymous_4)
FN:45,(anonymous_5)
FN:47,(anonymous_6)
FN:57,(anonymous_7)
FN:57,(anonymous_8)
FN:59,(anonymous_9)
FN:71,(anonymous_10)
FN:72,(anonymous_11)
FN:97,(anonymous_12)
FN:100,(anonymous_13)
FN:100,(anonymous_14)
FN:105,(anonymous_15)
FN:119,(anonymous_16)
FN:120,(anonymous_17)
FN:148,(anonymous_18)
FN:151,(anonymous_19)
FN:151,(anonymous_20)
FN:156,(anonymous_21)
FN:159,(anonymous_22)
FN:166,(anonymous_23)
FN:166,(anonymous_24)
FN:180,(anonymous_25)
FN:180,(anonymous_26)
FNF:27
FNH:5
FNDA:0,(anonymous_0)
FNDA:0,(anonymous_1)
FNDA:0,(anonymous_2)
FNDA:0,(anonymous_3)
FNDA:0,(anonymous_4)
FNDA:0,(anonymous_5)
FNDA:0,(anonymous_6)
FNDA:0,(anonymous_7)
FNDA:0,(anonymous_8)
FNDA:0,(anonymous_9)
FNDA:0,(anonymous_10)
FNDA:0,(anonymous_11)
FNDA:0,(anonymous_12)
FNDA:0,(anonymous_13)
FNDA:0,(anonymous_14)
FNDA:0,(anonymous_15)
FNDA:0,(anonymous_16)
FNDA:0,(anonymous_17)
FNDA:0,(anonymous_18)
FNDA:0,(anonymous_19)
FNDA:0,(anonymous_20)
FNDA:0,(anonymous_21)
FNDA:4,(anonymous_22)
FNDA:4,(anonymous_23)
FNDA:4,(anonymous_24)
FNDA:4,(anonymous_25)
FNDA:4,(anonymous_26)
DA:14,5
DA:19,5
DA:20,0
DA:22,0
DA:23,0
DA:24,0
DA:29,0
DA:30,0
DA:31,0
DA:33,0
DA:37,5
DA:38,5
DA:39,5
DA:41,5
DA:42,0
DA:43,0
DA:45,0
DA:46,0
DA:47,0
DA:48,0
DA:49,0
DA:51,0
DA:57,5
DA:58,0
DA:59,0
DA:60,0
DA:61,0
DA:70,0
DA:72,0
DA:73,0
DA:74,0
DA:83,0
DA:91,0
DA:97,0
DA:100,5
DA:101,0
DA:102,0
DA:103,0
DA:104,0
DA:106,0
DA:107,0
DA:115,0
DA:116,0
DA:118,0
DA:120,0
DA:121,0
DA:122,0
DA:130,0
DA:131,0
DA:133,0
DA:141,0
DA:142,0
DA:148,0
DA:151,5
DA:152,0
DA:153,0
DA:154,0
DA:155,0
DA:156,0
DA:159,5
DA:160,4
DA:161,4
DA:162,4
DA:163,4
DA:166,5
DA:167,4
DA:168,4
DA:169,4
DA:170,4
DA:171,4
DA:174,4
DA:180,5
DA:181,4
DA:182,4
DA:186,4
DA:187,4
DA:188,4
LF:77
LH:27
BRDA:19,0,0,0
BRDA:20,1,0,0
BRDA:20,1,1,0
BRDA:20,1,2,0
BRDA:42,2,0,0
BRDA:42,2,1,0
BRDA:48,3,0,0
BRDA:48,3,1,0
BRDA:60,4,0,0
BRDA:60,4,1,0
BRDA:73,5,0,0
BRDA:73,5,1,0
BRDA:106,6,0,0
BRDA:106,6,1,0
BRDA:115,7,0,0
BRDA:115,7,1,0
BRDA:121,8,0,0
BRDA:121,8,1,0
BRDA:130,9,0,0
BRDA:130,9,1,0
BRDA:141,10,0,0
BRDA:141,10,1,0
BRDA:162,11,0,4
BRDA:162,11,1,0
BRDA:166,12,0,0
BRDA:167,13,0,0
BRDA:167,13,1,4
BRDA:170,14,0,4
BRDA:170,14,1,0
BRF:29
BRH:3
end_of_record
TN:
SF:/Users/DS/Projects/ChronoMint/src/redux/ducks/settings/cbe.js
FN:23,(anonymous_0)
FN:66,(anonymous_1)
FN:67,(anonymous_2)
FN:69,(anonymous_3)
FN:69,(anonymous_4)
FN:70,(anonymous_5)
FN:75,(anonymous_6)
FN:75,(anonymous_7)
FN:80,(anonymous_8)
FN:80,(anonymous_9)
FN:81,(anonymous_10)
FN:88,(anonymous_11)
FN:88,(anonymous_12)
FN:90,(anonymous_13)
FN:97,(anonymous_14)
FN:97,(anonymous_15)
FN:102,(anonymous_16)
FN:102,(anonymous_17)
FN:107,(anonymous_18)
FNF:19
FNH:19
FNDA:9,(anonymous_0)
FNDA:3,(anonymous_1)
FNDA:5,(anonymous_2)
FNDA:1,(anonymous_3)
FNDA:1,(anonymous_4)
FNDA:1,(anonymous_5)
FNDA:1,(anonymous_6)
FNDA:1,(anonymous_7)
FNDA:1,(anonymous_8)
FNDA:1,(anonymous_9)
FNDA:1,(anonymous_10)
FNDA:2,(anonymous_11)
FNDA:2,(anonymous_12)
FNDA:2,(anonymous_13)
FNDA:1,(anonymous_14)
FNDA:1,(anonymous_15)
FNDA:1,(anonymous_16)
FNDA:1,(anonymous_17)
FNDA:1,(anonymous_18)
DA:8,2
DA:9,2
DA:10,2
DA:11,2
DA:12,2
DA:13,2
DA:14,2
DA:16,2
DA:23,2
DA:24,9
DA:26,1
DA:31,1
DA:36,2
DA:42,1
DA:47,1
DA:52,1
DA:57,1
DA:62,1
DA:66,3
DA:67,5
DA:69,2
DA:70,1
DA:71,1
DA:75,2
DA:76,1
DA:77,1
DA:80,2
DA:81,1
DA:82,1
DA:83,0
DA:88,2
DA:89,2
DA:90,2
DA:91,2
DA:92,1
DA:97,2
DA:98,1
DA:99,1
DA:102,2
DA:103,1
DA:104,1
DA:107,2
LF:42
LH:41
BRDA:23,0,0,1
BRDA:24,1,0,1
BRDA:24,1,1,1
BRDA:24,1,2,2
BRDA:24,1,3,1
BRDA:24,1,4,1
BRDA:24,1,5,1
BRDA:24,1,6,1
BRDA:24,1,7,1
BRDA:38,2,0,1
BRDA:38,2,1,1
BRDA:67,3,0,0
BRDA:82,4,0,0
BRDA:82,4,1,1
BRDA:91,5,0,1
BRDA:91,5,1,1
BRF:16
BRH:14
end_of_record
TN:
SF:/Users/DS/Projects/ChronoMint/src/redux/ducks/settings/otherContracts.js
FN:10,(anonymous_0)
FN:22,(anonymous_1)
FN:22,(anonymous_2)
FN:24,(anonymous_3)
FN:25,(anonymous_4)
FNF:5
FNH:5
FNDA:2,(anonymous_0)
FNDA:1,(anonymous_1)
FNDA:1,(anonymous_2)
FNDA:1,(anonymous_3)
FNDA:2,(anonymous_4)
DA:4,2
DA:6,2
DA:10,2
DA:11,2
DA:13,1
DA:18,1
DA:22,2
DA:23,1
DA:24,1
DA:25,1
DA:26,2
DA:27,2
DA:28,1
DA:31,1
DA:32,1
DA:33,1
DA:34,1
LF:17
LH:17
BRDA:10,0,0,1
BRDA:11,1,0,1
BRDA:11,1,1,1
BRDA:27,2,0,1
BRDA:27,2,1,1
BRDA:32,3,0,1
BRDA:32,3,1,0
BRF:7
BRH:6
end_of_record
TN:
SF:/Users/DS/Projects/ChronoMint/src/redux/ducks/settings/tokens.js
FN:29,(anonymous_0)
FN:74,(anonymous_1)
FN:76,(anonymous_2)
FN:76,(anonymous_3)
FN:78,(anonymous_4)
FN:79,(anonymous_5)
FN:89,(anonymous_6)
FN:89,(anonymous_7)
FN:94,(anonymous_8)
FN:97,(anonymous_9)
FN:99,(anonymous_10)
FN:108,(anonymous_11)
FN:109,(anonymous_12)
FN:123,(anonymous_13)
FN:123,(anonymous_14)
FN:124,(anonymous_15)
FN:125,(anonymous_16)
FN:131,(anonymous_17)
FN:134,(anonymous_18)
FN:134,(anonymous_19)
FN:139,(anonymous_20)
FN:139,(anonymous_21)
FN:140,(anonymous_22)
FN:147,(anonymous_23)
FN:147,(anonymous_24)
FN:152,(anonymous_25)
FNF:26
FNH:25
FNDA:10,(anonymous_0)
FNDA:1,(anonymous_1)
FNDA:1,(anonymous_2)
FNDA:1,(anonymous_3)
FNDA:1,(anonymous_4)
FNDA:2,(anonymous_5)
FNDA:4,(anonymous_6)
FNDA:4,(anonymous_7)
FNDA:4,(anonymous_8)
FNDA:1,(anonymous_9)
FNDA:1,(anonymous_10)
FNDA:1,(anonymous_11)
FNDA:1,(anonymous_12)
FNDA:1,(anonymous_13)
FNDA:1,(anonymous_14)
FNDA:1,(anonymous_15)
FNDA:1,(anonymous_16)
FNDA:0,(anonymous_17)
FNDA:1,(anonymous_18)
FNDA:1,(anonymous_19)
FNDA:1,(anonymous_20)
FNDA:1,(anonymous_21)
FNDA:1,(anonymous_22)
FNDA:1,(anonymous_23)
FNDA:1,(anonymous_24)
FNDA:1,(anonymous_25)
DA:11,2
DA:12,2
DA:13,2
DA:14,2
DA:15,2
DA:16,2
DA:17,2
DA:18,2
DA:20,2
DA:29,2
DA:30,10
DA:32,1
DA:38,2
DA:43,1
DA:49,1
DA:54,2
DA:60,1
DA:65,1
DA:70,1
DA:74,2
DA:76,2
DA:77,1
DA:78,1
DA:79,1
DA:80,2
DA:81,2
DA:82,1
DA:83,1
DA:89,4
DA:90,4
DA:91,4
DA:92,4
DA:94,4
DA:95,4
DA:96,2
DA:97,2
DA:98,1
DA:99,1
DA:100,1
DA:101,1
DA:105,2
DA:106,2
DA:107,2
DA:108,1
DA:109,1
DA:110,1
DA:111,1
DA:112,1
DA:116,1
DA:117,1
DA:123,2
DA:124,1
DA:125,1
DA:126,1
DA:127,1
DA:128,1
DA:129,1
DA:131,0
DA:134,2
DA:135,1
DA:136,1
DA:139,2
DA:140,1
DA:141,1
DA:142,0
DA:147,2
DA:148,1
DA:149,1
DA:152,2
LF:69
LH:67
BRDA:29,0,0,1
BRDA:30,1,0,1
BRDA:30,1,1,1
BRDA:30,1,2,2
BRDA:30,1,3,1
BRDA:30,1,4,1
BRDA:30,1,5,2
BRDA:30,1,6,1
BRDA:30,1,7,1
BRDA:30,1,8,1
BRDA:56,2,0,1
BRDA:56,2,1,1
BRDA:81,3,0,1
BRDA:81,3,1,1
BRDA:89,4,0,2
BRDA:89,5,0,2
BRDA:95,6,0,2
BRDA:95,6,1,2
BRDA:107,7,0,1
BRDA:107,7,1,1
BRDA:141,8,0,0
BRDA:141,8,1,1
BRF:22
BRH:21
end_of_record
TN:
SF:/Users/DS/Projects/ChronoMint/src/redux/ducks/ui/modal.js
FN:18,(anonymous_0)
FN:35,(anonymous_1)
FN:36,(anonymous_2)
FN:38,(anonymous_3)
FN:38,(anonymous_4)
FN:42,(anonymous_5)
FN:42,(anonymous_6)
FN:46,(anonymous_7)
FN:46,(anonymous_8)
FN:50,(anonymous_9)
FN:50,(anonymous_10)
FN:54,(anonymous_11)
FN:54,(anonymous_12)
FN:58,(anonymous_13)
FN:58,(anonymous_14)
FN:62,(anonymous_15)
FN:62,(anonymous_16)
FNF:17
FNH:7
FNDA:0,(anonymous_0)
FNDA:3,(anonymous_1)
FNDA:0,(anonymous_2)
FNDA:0,(anonymous_3)
FNDA:0,(anonymous_4)
FNDA:0,(anonymous_5)
FNDA:0,(anonymous_6)
FNDA:1,(anonymous_7)
FNDA:1,(anonymous_8)
FNDA:1,(anonymous_9)
FNDA:1,(anonymous_10)
FNDA:1,(anonymous_11)
FNDA:1,(anonymous_12)
FNDA:0,(anonymous_13)
FNDA:0,(anonymous_14)
FNDA:0,(anonymous_15)
FNDA:0,(anonymous_16)
DA:1,4
DA:2,4
DA:4,4
DA:5,4
DA:6,4
DA:7,4
DA:8,4
DA:9,4
DA:10,4
DA:12,4
DA:18,4
DA:19,0
DA:21,0
DA:26,0
DA:31,0
DA:35,4
DA:36,4
DA:38,4
DA:39,0
DA:42,4
DA:43,0
DA:46,4
DA:47,1
DA:50,4
DA:51,1
DA:54,4
DA:55,1
DA:58,4
DA:59,0
DA:62,4
DA:63,0
LF:31
LH:23
BRDA:18,0,0,0
BRDA:19,1,0,0
BRDA:19,1,1,0
BRDA:19,1,2,0
BRF:4
BRH:0
end_of_record
TN:
SF:/Users/DS/Projects/ChronoMint/src/redux/ducks/wallet/reducer.js
FN:27,(anonymous_0)
FN:82,(anonymous_1)
FN:83,(anonymous_2)
FN:85,(anonymous_3)
FN:86,(anonymous_4)
FN:88,(anonymous_5)
FN:89,(anonymous_6)
FNF:7
FNH:3
FNDA:3,(anonymous_0)
FNDA:1,(anonymous_1)
FNDA:1,(anonymous_2)
FNDA:0,(anonymous_3)
FNDA:0,(anonymous_4)
FNDA:0,(anonymous_5)
FNDA:0,(anonymous_6)
DA:2,1
DA:3,1
DA:5,1
DA:6,1
DA:8,1
DA:9,1
DA:12,1
DA:27,1
DA:28,3
DA:30,1
DA:38,1
DA:46,0
DA:54,0
DA:62,0
DA:70,0
DA:78,1
DA:82,1
DA:83,1
DA:85,1
DA:86,1
DA:88,1
DA:89,1
LF:22
LH:18
BRDA:27,0,0,1
BRDA:28,1,0,1
BRDA:28,1,1,1
BRDA:28,1,2,0
BRDA:28,1,3,0
BRDA:28,1,4,0
BRDA:28,1,5,0
BRDA:28,1,6,1
BRF:8
BRH:4
end_of_record
TN:
SF:/Users/DS/Projects/ChronoMint/src/utils/isEthAddress.js
FN:1,isEthAddress
FNF:1
FNH:1
FNDA:9,isEthAddress
DA:2,9
DA:5,7
LF:2
LH:2
BRF:0
BRH:0
end_of_record
